[0.236s] DEBUG:colcon:Command line arguments: ['/usr/bin/colcon', 'build']
[0.236s] DEBUG:colcon:Parsed command line arguments: Namespace(allow_overriding=[], ament_cmake_args=None, base_paths=['.'], build_base='build', catkin_cmake_args=None, catkin_skip_building_tests=False, cmake_args=None, cmake_clean_cache=False, cmake_clean_first=False, cmake_force_configure=False, cmake_target=None, cmake_target_skip_unavailable=False, continue_on_error=False, event_handlers=None, executor='parallel', ignore_user_meta=False, install_base='install', log_base=None, log_level=None, main=<bound method BuildVerb.main of <colcon_core.verb.build.BuildVerb object at 0x7fb2db98d0a0>>, merge_install=False, metas=['./colcon.meta'], packages_above=None, packages_above_and_dependencies=None, packages_above_depth=None, packages_end=None, packages_ignore=None, packages_ignore_regex=None, packages_select=None, packages_select_build_failed=False, packages_select_by_dep=None, packages_select_regex=None, packages_select_test_failures=False, packages_skip=None, packages_skip_build_finished=False, packages_skip_by_dep=None, packages_skip_regex=None, packages_skip_test_passed=False, packages_skip_up_to=None, packages_start=None, packages_up_to=None, packages_up_to_regex=None, parallel_workers=12, paths=None, symlink_install=False, test_result_base=None, verb_extension=<colcon_core.verb.build.BuildVerb object at 0x7fb2db98d0a0>, verb_name='build', verb_parser=<colcon_defaults.argument_parser.defaults.DefaultArgumentsDecorator object at 0x7fb2db98d5e0>)
[0.256s] Level 1:colcon.colcon_core.package_discovery:discover_packages(colcon_meta) check parameters
[0.256s] Level 1:colcon.colcon_core.package_discovery:discover_packages(recursive) check parameters
[0.256s] Level 1:colcon.colcon_core.package_discovery:discover_packages(ignore) check parameters
[0.257s] Level 1:colcon.colcon_core.package_discovery:discover_packages(path) check parameters
[0.257s] Level 1:colcon.colcon_core.package_discovery:discover_packages(colcon_meta) discover
[0.257s] Level 1:colcon.colcon_core.package_discovery:discover_packages(recursive) discover
[0.257s] INFO:colcon.colcon_core.package_discovery:Crawling recursively for packages in '/home/hongbin/Desktop/cv_workspace'
[0.257s] Level 1:colcon.colcon_core.package_identification:_identify(.) by extensions ['ignore', 'ignore_ament_install']
[0.257s] Level 1:colcon.colcon_core.package_identification:_identify(.) by extension 'ignore'
[0.257s] Level 1:colcon.colcon_core.package_identification:_identify(.) by extension 'ignore_ament_install'
[0.257s] Level 1:colcon.colcon_core.package_identification:_identify(.) by extensions ['colcon_pkg']
[0.257s] Level 1:colcon.colcon_core.package_identification:_identify(.) by extension 'colcon_pkg'
[0.257s] Level 1:colcon.colcon_core.package_identification:_identify(.) by extensions ['colcon_meta']
[0.257s] Level 1:colcon.colcon_core.package_identification:_identify(.) by extension 'colcon_meta'
[0.257s] Level 1:colcon.colcon_core.package_identification:_identify(.) by extensions ['ros']
[0.257s] Level 1:colcon.colcon_core.package_identification:_identify(.) by extension 'ros'
[0.280s] Level 1:colcon.colcon_core.package_identification:_identify(.) by extensions ['cmake', 'python']
[0.280s] Level 1:colcon.colcon_core.package_identification:_identify(.) by extension 'cmake'
[0.280s] Level 1:colcon.colcon_core.package_identification:_identify(.) by extension 'python'
[0.280s] Level 1:colcon.colcon_core.package_identification:_identify(.) by extensions ['python_setup_py']
[0.280s] Level 1:colcon.colcon_core.package_identification:_identify(.) by extension 'python_setup_py'
[0.280s] Level 1:colcon.colcon_core.package_identification:_identify(build) by extensions ['ignore', 'ignore_ament_install']
[0.280s] Level 1:colcon.colcon_core.package_identification:_identify(build) by extension 'ignore'
[0.280s] Level 1:colcon.colcon_core.package_identification:_identify(build) ignored
[0.280s] Level 1:colcon.colcon_core.package_identification:_identify(install) by extensions ['ignore', 'ignore_ament_install']
[0.280s] Level 1:colcon.colcon_core.package_identification:_identify(install) by extension 'ignore'
[0.280s] Level 1:colcon.colcon_core.package_identification:_identify(install) ignored
[0.281s] Level 1:colcon.colcon_core.package_identification:_identify(log) by extensions ['ignore', 'ignore_ament_install']
[0.281s] Level 1:colcon.colcon_core.package_identification:_identify(log) by extension 'ignore'
[0.281s] Level 1:colcon.colcon_core.package_identification:_identify(log) ignored
[0.281s] Level 1:colcon.colcon_core.package_identification:_identify(src) by extensions ['ignore', 'ignore_ament_install']
[0.281s] Level 1:colcon.colcon_core.package_identification:_identify(src) by extension 'ignore'
[0.281s] Level 1:colcon.colcon_core.package_identification:_identify(src) by extension 'ignore_ament_install'
[0.281s] Level 1:colcon.colcon_core.package_identification:_identify(src) by extensions ['colcon_pkg']
[0.281s] Level 1:colcon.colcon_core.package_identification:_identify(src) by extension 'colcon_pkg'
[0.281s] Level 1:colcon.colcon_core.package_identification:_identify(src) by extensions ['colcon_meta']
[0.281s] Level 1:colcon.colcon_core.package_identification:_identify(src) by extension 'colcon_meta'
[0.281s] Level 1:colcon.colcon_core.package_identification:_identify(src) by extensions ['ros']
[0.281s] Level 1:colcon.colcon_core.package_identification:_identify(src) by extension 'ros'
[0.281s] Level 1:colcon.colcon_core.package_identification:_identify(src) by extensions ['cmake', 'python']
[0.281s] Level 1:colcon.colcon_core.package_identification:_identify(src) by extension 'cmake'
[0.281s] Level 1:colcon.colcon_core.package_identification:_identify(src) by extension 'python'
[0.281s] Level 1:colcon.colcon_core.package_identification:_identify(src) by extensions ['python_setup_py']
[0.281s] Level 1:colcon.colcon_core.package_identification:_identify(src) by extension 'python_setup_py'
[0.281s] Level 1:colcon.colcon_core.package_identification:_identify(src/cv_tensorrt) by extensions ['ignore', 'ignore_ament_install']
[0.281s] Level 1:colcon.colcon_core.package_identification:_identify(src/cv_tensorrt) by extension 'ignore'
[0.281s] Level 1:colcon.colcon_core.package_identification:_identify(src/cv_tensorrt) by extension 'ignore_ament_install'
[0.282s] Level 1:colcon.colcon_core.package_identification:_identify(src/cv_tensorrt) by extensions ['colcon_pkg']
[0.282s] Level 1:colcon.colcon_core.package_identification:_identify(src/cv_tensorrt) by extension 'colcon_pkg'
[0.282s] Level 1:colcon.colcon_core.package_identification:_identify(src/cv_tensorrt) by extensions ['colcon_meta']
[0.282s] Level 1:colcon.colcon_core.package_identification:_identify(src/cv_tensorrt) by extension 'colcon_meta'
[0.282s] Level 1:colcon.colcon_core.package_identification:_identify(src/cv_tensorrt) by extensions ['ros']
[0.282s] Level 1:colcon.colcon_core.package_identification:_identify(src/cv_tensorrt) by extension 'ros'
[0.284s] DEBUG:colcon.colcon_core.package_identification:Package 'src/cv_tensorrt' with type 'ros.ament_cmake' and name 'cv_tensorrt'
[0.284s] Level 1:colcon.colcon_core.package_discovery:discover_packages(recursive) using defaults
[0.284s] Level 1:colcon.colcon_core.package_discovery:discover_packages(ignore) discover
[0.284s] Level 1:colcon.colcon_core.package_discovery:discover_packages(ignore) using defaults
[0.284s] Level 1:colcon.colcon_core.package_discovery:discover_packages(path) discover
[0.284s] Level 1:colcon.colcon_core.package_discovery:discover_packages(path) using defaults
[0.298s] Level 1:colcon.colcon_core.package_discovery:discover_packages(prefix_path) check parameters
[0.298s] Level 1:colcon.colcon_core.package_discovery:discover_packages(prefix_path) discover
[0.300s] DEBUG:colcon.colcon_installed_package_information.package_discovery:Found 1 installed packages in /home/hongbin/Desktop/cv_workspace/install
[0.302s] DEBUG:colcon.colcon_installed_package_information.package_discovery:Found 256 installed packages in /opt/ros/foxy
[0.303s] Level 1:colcon.colcon_core.package_discovery:discover_packages(prefix_path) using defaults
[0.357s] Level 5:colcon.colcon_core.verb:set package 'cv_tensorrt' build argument 'cmake_args' from command line to 'None'
[0.357s] Level 5:colcon.colcon_core.verb:set package 'cv_tensorrt' build argument 'cmake_target' from command line to 'None'
[0.357s] Level 5:colcon.colcon_core.verb:set package 'cv_tensorrt' build argument 'cmake_target_skip_unavailable' from command line to 'False'
[0.357s] Level 5:colcon.colcon_core.verb:set package 'cv_tensorrt' build argument 'cmake_clean_cache' from command line to 'False'
[0.357s] Level 5:colcon.colcon_core.verb:set package 'cv_tensorrt' build argument 'cmake_clean_first' from command line to 'False'
[0.357s] Level 5:colcon.colcon_core.verb:set package 'cv_tensorrt' build argument 'cmake_force_configure' from command line to 'False'
[0.357s] Level 5:colcon.colcon_core.verb:set package 'cv_tensorrt' build argument 'ament_cmake_args' from command line to 'None'
[0.357s] Level 5:colcon.colcon_core.verb:set package 'cv_tensorrt' build argument 'catkin_cmake_args' from command line to 'None'
[0.357s] Level 5:colcon.colcon_core.verb:set package 'cv_tensorrt' build argument 'catkin_skip_building_tests' from command line to 'False'
[0.357s] DEBUG:colcon.colcon_core.verb:Building package 'cv_tensorrt' with the following arguments: {'ament_cmake_args': None, 'build_base': '/home/hongbin/Desktop/cv_workspace/build/cv_tensorrt', 'catkin_cmake_args': None, 'catkin_skip_building_tests': False, 'cmake_args': None, 'cmake_clean_cache': False, 'cmake_clean_first': False, 'cmake_force_configure': False, 'cmake_target': None, 'cmake_target_skip_unavailable': False, 'install_base': '/home/hongbin/Desktop/cv_workspace/install/cv_tensorrt', 'merge_install': False, 'path': '/home/hongbin/Desktop/cv_workspace/src/cv_tensorrt', 'symlink_install': False, 'test_result_base': None}
[0.357s] INFO:colcon.colcon_core.executor:Executing jobs using 'parallel' executor
[0.360s] DEBUG:colcon.colcon_parallel_executor.executor.parallel:run_until_complete
[0.360s] INFO:colcon.colcon_ros.task.ament_cmake.build:Building ROS package in '/home/hongbin/Desktop/cv_workspace/src/cv_tensorrt' with build type 'ament_cmake'
[0.361s] INFO:colcon.colcon_cmake.task.cmake.build:Building CMake package in '/home/hongbin/Desktop/cv_workspace/src/cv_tensorrt'
[0.364s] INFO:colcon.colcon_core.plugin_system:Skipping extension 'colcon_core.shell.bat': Not used on non-Windows systems
[0.364s] INFO:colcon.colcon_core.shell:Skip shell extension 'powershell' for command environment: Not usable outside of PowerShell
[0.364s] DEBUG:colcon.colcon_core.shell:Skip shell extension 'dsv' for command environment
[0.374s] DEBUG:colcon.colcon_core.event_handler.log_command:Invoking command in '/home/hongbin/Desktop/cv_workspace/build/cv_tensorrt': CMAKE_PREFIX_PATH=${CMAKE_PREFIX_PATH}:/opt/ros/foxy /usr/bin/cmake --build /home/hongbin/Desktop/cv_workspace/build/cv_tensorrt -- -j12 -l12
[0.405s] DEBUG:colcon.colcon_core.event_handler.log_command:Invoked command in '/home/hongbin/Desktop/cv_workspace/build/cv_tensorrt' returned '0': CMAKE_PREFIX_PATH=${CMAKE_PREFIX_PATH}:/opt/ros/foxy /usr/bin/cmake --build /home/hongbin/Desktop/cv_workspace/build/cv_tensorrt -- -j12 -l12
[0.428s] DEBUG:colcon.colcon_core.event_handler.log_command:Invoking command in '/home/hongbin/Desktop/cv_workspace/build/cv_tensorrt': CMAKE_PREFIX_PATH=${CMAKE_PREFIX_PATH}:/opt/ros/foxy /usr/bin/cmake --install /home/hongbin/Desktop/cv_workspace/build/cv_tensorrt
[0.432s] Level 1:colcon.colcon_core.environment:create_environment_scripts_only(cv_tensorrt)
[0.435s] DEBUG:colcon.colcon_core.event_handler.log_command:Invoked command in '/home/hongbin/Desktop/cv_workspace/build/cv_tensorrt' returned '0': CMAKE_PREFIX_PATH=${CMAKE_PREFIX_PATH}:/opt/ros/foxy /usr/bin/cmake --install /home/hongbin/Desktop/cv_workspace/build/cv_tensorrt
[0.437s] Level 1:colcon.colcon_core.environment:checking '/home/hongbin/Desktop/cv_workspace/install/cv_tensorrt' for CMake module files
[0.438s] Level 1:colcon.colcon_core.environment:checking '/home/hongbin/Desktop/cv_workspace/install/cv_tensorrt' for CMake config files
[0.438s] Level 1:colcon.colcon_core.shell:create_environment_hook('cv_tensorrt', 'cmake_prefix_path')
[0.439s] INFO:colcon.colcon_core.shell:Creating environment hook '/home/hongbin/Desktop/cv_workspace/install/cv_tensorrt/share/cv_tensorrt/hook/cmake_prefix_path.ps1'
[0.439s] INFO:colcon.colcon_core.shell:Creating environment descriptor '/home/hongbin/Desktop/cv_workspace/install/cv_tensorrt/share/cv_tensorrt/hook/cmake_prefix_path.dsv'
[0.440s] INFO:colcon.colcon_core.shell:Creating environment hook '/home/hongbin/Desktop/cv_workspace/install/cv_tensorrt/share/cv_tensorrt/hook/cmake_prefix_path.sh'
[0.440s] Level 1:colcon.colcon_core.environment:checking '/home/hongbin/Desktop/cv_workspace/install/cv_tensorrt/lib'
[0.440s] Level 1:colcon.colcon_core.shell:create_environment_hook('cv_tensorrt', 'ld_library_path_lib')
[0.441s] INFO:colcon.colcon_core.shell:Creating environment hook '/home/hongbin/Desktop/cv_workspace/install/cv_tensorrt/share/cv_tensorrt/hook/ld_library_path_lib.ps1'
[0.442s] INFO:colcon.colcon_core.shell:Creating environment descriptor '/home/hongbin/Desktop/cv_workspace/install/cv_tensorrt/share/cv_tensorrt/hook/ld_library_path_lib.dsv'
[0.442s] INFO:colcon.colcon_core.shell:Creating environment hook '/home/hongbin/Desktop/cv_workspace/install/cv_tensorrt/share/cv_tensorrt/hook/ld_library_path_lib.sh'
[0.442s] Level 1:colcon.colcon_core.environment:checking '/home/hongbin/Desktop/cv_workspace/install/cv_tensorrt/bin'
[0.442s] Level 1:colcon.colcon_core.environment:checking '/home/hongbin/Desktop/cv_workspace/install/cv_tensorrt/lib/pkgconfig/cv_tensorrt.pc'
[0.442s] Level 1:colcon.colcon_core.environment:checking '/home/hongbin/Desktop/cv_workspace/install/cv_tensorrt/lib/python3.8/site-packages'
[0.442s] Level 1:colcon.colcon_core.environment:checking '/home/hongbin/Desktop/cv_workspace/install/cv_tensorrt/bin'
[0.444s] INFO:colcon.colcon_core.shell:Creating package script '/home/hongbin/Desktop/cv_workspace/install/cv_tensorrt/share/cv_tensorrt/package.ps1'
[0.444s] INFO:colcon.colcon_core.shell:Creating package descriptor '/home/hongbin/Desktop/cv_workspace/install/cv_tensorrt/share/cv_tensorrt/package.dsv'
[0.445s] INFO:colcon.colcon_core.shell:Creating package script '/home/hongbin/Desktop/cv_workspace/install/cv_tensorrt/share/cv_tensorrt/package.sh'
[0.445s] INFO:colcon.colcon_core.shell:Creating package script '/home/hongbin/Desktop/cv_workspace/install/cv_tensorrt/share/cv_tensorrt/package.bash'
[0.446s] INFO:colcon.colcon_core.shell:Creating package script '/home/hongbin/Desktop/cv_workspace/install/cv_tensorrt/share/cv_tensorrt/package.zsh'
[0.446s] Level 1:colcon.colcon_core.environment:create_file_with_runtime_dependencies(/home/hongbin/Desktop/cv_workspace/install/cv_tensorrt/share/colcon-core/packages/cv_tensorrt)
[0.465s] Level 1:colcon.colcon_core.environment:create_environment_scripts_only(cv_tensorrt)
[0.467s] Level 1:colcon.colcon_core.environment:checking '/home/hongbin/Desktop/cv_workspace/install/cv_tensorrt' for CMake module files
[0.467s] Level 1:colcon.colcon_core.environment:checking '/home/hongbin/Desktop/cv_workspace/install/cv_tensorrt' for CMake config files
[0.468s] Level 1:colcon.colcon_core.shell:create_environment_hook('cv_tensorrt', 'cmake_prefix_path')
[0.469s] INFO:colcon.colcon_core.shell:Creating environment hook '/home/hongbin/Desktop/cv_workspace/install/cv_tensorrt/share/cv_tensorrt/hook/cmake_prefix_path.ps1'
[0.469s] INFO:colcon.colcon_core.shell:Creating environment descriptor '/home/hongbin/Desktop/cv_workspace/install/cv_tensorrt/share/cv_tensorrt/hook/cmake_prefix_path.dsv'
[0.469s] INFO:colcon.colcon_core.shell:Creating environment hook '/home/hongbin/Desktop/cv_workspace/install/cv_tensorrt/share/cv_tensorrt/hook/cmake_prefix_path.sh'
[0.470s] Level 1:colcon.colcon_core.environment:checking '/home/hongbin/Desktop/cv_workspace/install/cv_tensorrt/lib'
[0.470s] Level 1:colcon.colcon_core.shell:create_environment_hook('cv_tensorrt', 'ld_library_path_lib')
[0.471s] INFO:colcon.colcon_core.shell:Creating environment hook '/home/hongbin/Desktop/cv_workspace/install/cv_tensorrt/share/cv_tensorrt/hook/ld_library_path_lib.ps1'
[0.471s] INFO:colcon.colcon_core.shell:Creating environment descriptor '/home/hongbin/Desktop/cv_workspace/install/cv_tensorrt/share/cv_tensorrt/hook/ld_library_path_lib.dsv'
[0.471s] INFO:colcon.colcon_core.shell:Creating environment hook '/home/hongbin/Desktop/cv_workspace/install/cv_tensorrt/share/cv_tensorrt/hook/ld_library_path_lib.sh'
[0.472s] Level 1:colcon.colcon_core.environment:checking '/home/hongbin/Desktop/cv_workspace/install/cv_tensorrt/bin'
[0.472s] Level 1:colcon.colcon_core.environment:checking '/home/hongbin/Desktop/cv_workspace/install/cv_tensorrt/lib/pkgconfig/cv_tensorrt.pc'
[0.472s] Level 1:colcon.colcon_core.environment:checking '/home/hongbin/Desktop/cv_workspace/install/cv_tensorrt/lib/python3.8/site-packages'
[0.472s] Level 1:colcon.colcon_core.environment:checking '/home/hongbin/Desktop/cv_workspace/install/cv_tensorrt/bin'
[0.473s] INFO:colcon.colcon_core.shell:Creating package script '/home/hongbin/Desktop/cv_workspace/install/cv_tensorrt/share/cv_tensorrt/package.ps1'
[0.474s] INFO:colcon.colcon_core.shell:Creating package descriptor '/home/hongbin/Desktop/cv_workspace/install/cv_tensorrt/share/cv_tensorrt/package.dsv'
[0.474s] INFO:colcon.colcon_core.shell:Creating package script '/home/hongbin/Desktop/cv_workspace/install/cv_tensorrt/share/cv_tensorrt/package.sh'
[0.475s] INFO:colcon.colcon_core.shell:Creating package script '/home/hongbin/Desktop/cv_workspace/install/cv_tensorrt/share/cv_tensorrt/package.bash'
[0.475s] INFO:colcon.colcon_core.shell:Creating package script '/home/hongbin/Desktop/cv_workspace/install/cv_tensorrt/share/cv_tensorrt/package.zsh'
[0.475s] Level 1:colcon.colcon_core.environment:create_file_with_runtime_dependencies(/home/hongbin/Desktop/cv_workspace/install/cv_tensorrt/share/colcon-core/packages/cv_tensorrt)
[0.475s] DEBUG:colcon.colcon_parallel_executor.executor.parallel:closing loop
[0.476s] DEBUG:colcon.colcon_parallel_executor.executor.parallel:loop closed
[0.476s] DEBUG:colcon.colcon_parallel_executor.executor.parallel:run_until_complete finished with '0'
[0.476s] DEBUG:colcon.colcon_core.event_reactor:joining thread
[0.480s] INFO:colcon.colcon_core.plugin_system:Skipping extension 'colcon_notification.desktop_notification.terminal_notifier': Not used on non-Darwin systems
[0.480s] INFO:colcon.colcon_core.plugin_system:Skipping extension 'colcon_notification.desktop_notification.win32': Not used on non-Windows systems
[0.480s] INFO:colcon.colcon_notification.desktop_notification:Sending desktop notification using 'notify2'
[0.491s] DEBUG:colcon.colcon_core.event_reactor:joined thread
[0.492s] INFO:colcon.colcon_core.shell:Creating prefix script '/home/hongbin/Desktop/cv_workspace/install/local_setup.ps1'
[0.493s] INFO:colcon.colcon_core.shell:Creating prefix util module '/home/hongbin/Desktop/cv_workspace/install/_local_setup_util_ps1.py'
[0.494s] INFO:colcon.colcon_core.shell:Creating prefix chain script '/home/hongbin/Desktop/cv_workspace/install/setup.ps1'
[0.496s] INFO:colcon.colcon_core.shell:Creating prefix script '/home/hongbin/Desktop/cv_workspace/install/local_setup.sh'
[0.496s] INFO:colcon.colcon_core.shell:Creating prefix util module '/home/hongbin/Desktop/cv_workspace/install/_local_setup_util_sh.py'
[0.496s] INFO:colcon.colcon_core.shell:Creating prefix chain script '/home/hongbin/Desktop/cv_workspace/install/setup.sh'
[0.497s] INFO:colcon.colcon_core.shell:Creating prefix script '/home/hongbin/Desktop/cv_workspace/install/local_setup.bash'
[0.498s] INFO:colcon.colcon_core.shell:Creating prefix chain script '/home/hongbin/Desktop/cv_workspace/install/setup.bash'
[0.499s] INFO:colcon.colcon_core.shell:Creating prefix script '/home/hongbin/Desktop/cv_workspace/install/local_setup.zsh'
[0.499s] INFO:colcon.colcon_core.shell:Creating prefix chain script '/home/hongbin/Desktop/cv_workspace/install/setup.zsh'
