[0.012s] Invoking command in '/home/hongbin/Desktop/cv_workspace/build/cv_tensorrt': CMAKE_PREFIX_PATH=${CMAKE_PREFIX_PATH}:/opt/ros/foxy /usr/bin/cmake /home/hongbin/Desktop/cv_workspace/src/cv_tensorrt -DCMAKE_INSTALL_PREFIX=/home/hongbin/Desktop/cv_workspace/install/cv_tensorrt
[0.044s] -- The C compiler identification is GNU 9.4.0
[0.080s] -- The CXX compiler identification is GNU 9.4.0
[0.086s] -- Detecting C compiler ABI info
[0.121s] -- Detecting C compiler ABI info - done
[0.128s] -- Check for working C compiler: /usr/bin/cc - skipped
[0.128s] -- Detecting C compile features
[0.128s] -- Detecting C compile features - done
[0.131s] -- Detecting CXX compiler ABI info
[0.173s] -- Detecting CXX compiler ABI info - done
[0.179s] -- Check for working CXX compiler: /usr/bin/c++ - skipped
[0.179s] -- Detecting CXX compile features
[0.180s] -- Detecting CXX compile features - done
[0.181s] -- Found ament_cmake: 0.9.11 (/opt/ros/foxy/share/ament_cmake/cmake)
[0.197s] -- Found PythonInterp: /usr/bin/python3 (found suitable version "3.8.10", minimum required is "3") 
[0.197s] -- Using PYTHON_EXECUTABLE: /usr/bin/python3
[0.352s] -- Found rclcpp: 2.4.2 (/opt/ros/foxy/share/rclcpp/cmake)
[0.379s] -- Using all available rosidl_typesupport_c: rosidl_typesupport_fastrtps_c;rosidl_typesupport_introspection_c
[0.383s] -- Found rosidl_adapter: 1.3.0 (/opt/ros/foxy/share/rosidl_adapter/cmake)
[0.426s] -- Found OpenSSL: /usr/lib/x86_64-linux-gnu/libcrypto.so (found version "1.1.1f")  
[0.446s] -- Found FastRTPS: /opt/ros/foxy/include  
[0.496s] -- Using all available rosidl_typesupport_cpp: rosidl_typesupport_fastrtps_cpp;rosidl_typesupport_introspection_cpp
[0.530s] -- Found rmw_implementation_cmake: 1.0.3 (/opt/ros/foxy/share/rmw_implementation_cmake/cmake)
[0.531s] -- Using RMW implementation 'rmw_fastrtps_cpp' as default
[0.531s] -- Performing Test CMAKE_HAVE_LIBC_PTHREAD
[0.570s] -- Performing Test CMAKE_HAVE_LIBC_PTHREAD - Failed
[0.570s] -- Looking for pthread_create in pthreads
[0.598s] -- Looking for pthread_create in pthreads - not found
[0.598s] -- Looking for pthread_create in pthread
[0.633s] -- Looking for pthread_create in pthread - found
[0.634s] -- Found Threads: TRUE  
[1.183s] -- The CUDA compiler identification is NVIDIA 11.8.89
[1.188s] -- Detecting CUDA compiler ABI info
[1.638s] -- Detecting CUDA compiler ABI info - done
[1.658s] -- Check for working CUDA compiler: /usr/local/cuda/bin/nvcc - skipped
[1.693s] -- Detecting CUDA compile features
[1.693s] -- Detecting CUDA compile features - done
[1.697s] -- Found OpenCV: /usr/local (found version "4.7.0") 
[1.699s] -- Found ament_lint_auto: 0.9.7 (/opt/ros/foxy/share/ament_lint_auto/cmake)
[1.773s] -- Added test 'copyright' to check source files copyright and LICENSE
[1.791s] -- Added test 'cppcheck' to perform static code analysis on C / C++ code
[1.791s] -- Configured cppcheck include dirs: /home/hongbin/Desktop/cv_workspace/src/cv_tensorrt/lib/yolov5/src;/home/hongbin/Desktop/cv_workspace/src/cv_tensorrt/lib/yolov5/plugin;$<BUILD_INTERFACE:/home/hongbin/Desktop/cv_workspace/src/cv_tensorrt/include>
[1.791s] -- Configured cppcheck exclude dirs and/or files: 
[1.802s] -- Added test 'cpplint' to check C / C++ code against the Google style
[1.802s] -- Configured cpplint exclude dirs and/or files: 
[1.803s] -- Added test 'flake8' to check Python code syntax and style conventions
[1.806s] -- Added test 'lint_cmake' to check CMake code style
[1.808s] -- Added test 'pep257' to check Python code against some of the style conventions in PEP 257
[1.819s] -- Added test 'uncrustify' to check C / C++ code style
[1.819s] -- Configured uncrustify additional arguments: 
[1.820s] -- Added test 'xmllint' to check XML markup files
[1.821s] -- Configuring done
[1.832s] -- Generating done
[1.833s] -- Build files have been written to: /home/hongbin/Desktop/cv_workspace/build/cv_tensorrt
[1.841s] Invoked command in '/home/hongbin/Desktop/cv_workspace/build/cv_tensorrt' returned '0': CMAKE_PREFIX_PATH=${CMAKE_PREFIX_PATH}:/opt/ros/foxy /usr/bin/cmake /home/hongbin/Desktop/cv_workspace/src/cv_tensorrt -DCMAKE_INSTALL_PREFIX=/home/hongbin/Desktop/cv_workspace/install/cv_tensorrt
[1.844s] Invoking command in '/home/hongbin/Desktop/cv_workspace/build/cv_tensorrt': CMAKE_PREFIX_PATH=${CMAKE_PREFIX_PATH}:/opt/ros/foxy /usr/bin/cmake --build /home/hongbin/Desktop/cv_workspace/build/cv_tensorrt -- -j12 -l12
[1.860s] [ 10%] [32mBuilding CUDA object CMakeFiles/myplugins.dir/lib/yolov5/plugin/yololayer.cu.o[0m
[2.171s] [01m[0m[01m/home/hongbin/Desktop/cv_workspace/src/cv_tensorrt/lib/yolov5/plugin/yololayer.h(57)[0m: [01;35mwarning[0m #997-D: function [01m"nvinfer1::IPluginV2Ext::configurePlugin(const nvinfer1::Dims *, int32_t, const nvinfer1::Dims *, int32_t, const nvinfer1::DataType *, const nvinfer1::DataType *, const __nv_bool *, const __nv_bool *, nvinfer1::PluginFormat, int32_t)"[0m is hidden by [01m"nvinfer1::YoloLayerPlugin::configurePlugin"[0m -- virtual function override intended?
[2.171s] 
[2.612s] [01m[0m[01m/home/hongbin/Desktop/cv_workspace/src/cv_tensorrt/lib/yolov5/plugin/yololayer.h(57)[0m: [01;35mwarning[0m #997-D: function [01m"nvinfer1::IPluginV2Ext::configurePlugin(const nvinfer1::Dims *, int32_t, const nvinfer1::Dims *, int32_t, const nvinfer1::DataType *, const nvinfer1::DataType *, const bool *, const bool *, nvinfer1::PluginFormat, int32_t)"[0m is hidden by [01m"nvinfer1::YoloLayerPlugin::configurePlugin"[0m -- virtual function override intended?
[2.612s] 
[3.174s] [ 20%] [32m[1mLinking CUDA shared library libmyplugins.so[0m
[3.219s] [ 20%] Built target myplugins
[3.225s] [ 40%] [32mBuilding CXX object CMakeFiles/cv_tensorrt.dir/src/Camera.cpp.o[0m
[3.225s] [ 40%] [32mBuilding CXX object CMakeFiles/cv_tensorrt.dir/src/YOLO.cpp.o[0m
[3.225s] [ 50%] [32mBuilding CXX object CMakeFiles/cv_tensorrt.dir/lib/yolov5/src/model.cpp.o[0m
[3.225s] [ 60%] [32mBuilding CXX object CMakeFiles/cv_tensorrt.dir/lib/yolov5/src/postprocess.cpp.o[0m
[3.225s] [ 80%] [32mBuilding CXX object CMakeFiles/cv_tensorrt.dir/src/main.cpp.o[0m
[3.226s] [ 70%] [32mBuilding CUDA object CMakeFiles/cv_tensorrt.dir/lib/yolov5/src/preprocess.cu.o[0m
[3.226s] [ 90%] [32mBuilding CXX object CMakeFiles/cv_tensorrt.dir/lib/yolov5/src/calibrator.cpp.o[0m
[3.745s] [01m[K/home/hongbin/Desktop/cv_workspace/src/cv_tensorrt/lib/yolov5/src/model.cpp:[m[K In function ‘[01m[Knvinfer1::IPluginV2Layer* addYoLoLayer(nvinfer1::INetworkDefinition*, std::map<std::__cxx11::basic_string<char>, nvinfer1::Weights>&, std::string, std::vector<nvinfer1::IConvolutionLayer*>, bool)[m[K’:
[3.745s] [01m[K/home/hongbin/Desktop/cv_workspace/src/cv_tensorrt/lib/yolov5/src/model.cpp:277:14:[m[K [01;35m[Kwarning: [m[K‘[01m[KIPluginV2[m[K’ is deprecated [[01;35m[K-Wdeprecated-declarations[m[K]
[3.745s]   277 |   IPluginV2 *[01;35m[Kplugin_obj[m[K = creator->createPlugin("yololayer", &plugin_data);
[3.745s]       |              [01;35m[K^~~~~~~~~~[m[K
[3.746s] In file included from [01m[K/usr/include/x86_64-linux-gnu/NvInferLegacyDims.h:16[m[K,
[3.746s]                  from [01m[K/usr/include/x86_64-linux-gnu/NvInfer.h:16[m[K,
[3.746s]                  from [01m[K/home/hongbin/Desktop/cv_workspace/src/cv_tensorrt/lib/yolov5/src/model.h:3[m[K,
[3.746s]                  from [01m[K/home/hongbin/Desktop/cv_workspace/src/cv_tensorrt/lib/yolov5/src/model.cpp:1[m[K:
[3.746s] [01m[K/usr/include/x86_64-linux-gnu/NvInferRuntimeCommon.h:393:22:[m[K [01;36m[Knote: [m[Kdeclared here
[3.746s]   393 | class TRT_DEPRECATED [01;36m[KIPluginV2[m[K
[3.746s]       |                      [01;36m[K^~~~~~~~~[m[K
[3.754s] [01m[K/home/hongbin/Desktop/cv_workspace/src/cv_tensorrt/lib/yolov5/src/model.cpp:[m[K In function ‘[01m[Knvinfer1::ICudaEngine* build_det_engine(unsigned int, nvinfer1::IBuilder*, nvinfer1::IBuilderConfig*, nvinfer1::DataType, float&, float&, std::string&)[m[K’:
[3.755s] [01m[K/home/hongbin/Desktop/cv_workspace/src/cv_tensorrt/lib/yolov5/src/model.cpp:348:40:[m[K [01;35m[Kwarning: [m[K‘[01m[Kvoid nvinfer1::IBuilder::setMaxBatchSize(int32_t)[m[K’ is deprecated [[01;35m[K-Wdeprecated-declarations[m[K]
[3.755s]   348 |   builder->setMaxBatchSize(maxBatchSize[01;35m[K)[m[K;
[3.755s]       |                                        [01;35m[K^[m[K
[3.755s] In file included from [01m[K/home/hongbin/Desktop/cv_workspace/src/cv_tensorrt/lib/yolov5/src/model.h:3[m[K,
[3.755s]                  from [01m[K/home/hongbin/Desktop/cv_workspace/src/cv_tensorrt/lib/yolov5/src/model.cpp:1[m[K:
[3.755s] [01m[K/usr/include/x86_64-linux-gnu/NvInfer.h:9379:25:[m[K [01;36m[Knote: [m[Kdeclared here
[3.755s]  9379 |     TRT_DEPRECATED void [01;36m[KsetMaxBatchSize[m[K(int32_t batchSize) noexcept
[3.755s]       |                         [01;36m[K^~~~~~~~~~~~~~~[m[K
[3.756s] [01m[K/home/hongbin/Desktop/cv_workspace/src/cv_tensorrt/lib/yolov5/src/model.cpp:349:45:[m[K [01;35m[Kwarning: [m[K‘[01m[Kvoid nvinfer1::IBuilderConfig::setMaxWorkspaceSize(std::size_t)[m[K’ is deprecated [[01;35m[K-Wdeprecated-declarations[m[K]
[3.756s]   349 |   config->setMaxWorkspaceSize(16 * (1 << 20)[01;35m[K)[m[K;  // 16MB
[3.756s]       |                                             [01;35m[K^[m[K
[3.756s] In file included from [01m[K/home/hongbin/Desktop/cv_workspace/src/cv_tensorrt/lib/yolov5/src/model.h:3[m[K,
[3.756s]                  from [01m[K/home/hongbin/Desktop/cv_workspace/src/cv_tensorrt/lib/yolov5/src/model.cpp:1[m[K:
[3.756s] [01m[K/usr/include/x86_64-linux-gnu/NvInfer.h:8747:25:[m[K [01;36m[Knote: [m[Kdeclared here
[3.756s]  8747 |     TRT_DEPRECATED void [01;36m[KsetMaxWorkspaceSize[m[K(std::size_t workspaceSize) noexcept
[3.756s]       |                         [01;36m[K^~~~~~~~~~~~~~~~~~~[m[K
[3.756s] [01m[K/home/hongbin/Desktop/cv_workspace/src/cv_tensorrt/lib/yolov5/src/model.cpp:361:73:[m[K [01;35m[Kwarning: [m[K‘[01m[Knvinfer1::ICudaEngine* nvinfer1::IBuilder::buildEngineWithConfig(nvinfer1::INetworkDefinition&, nvinfer1::IBuilderConfig&)[m[K’ is deprecated [[01;35m[K-Wdeprecated-declarations[m[K]
[3.756s]   361 |   ICudaEngine* engine = builder->buildEngineWithConfig(*network, *config[01;35m[K)[m[K;
[3.757s]       |                                                                         [01;35m[K^[m[K
[3.757s] In file included from [01m[K/home/hongbin/Desktop/cv_workspace/src/cv_tensorrt/lib/yolov5/src/model.h:3[m[K,
[3.757s]                  from [01m[K/home/hongbin/Desktop/cv_workspace/src/cv_tensorrt/lib/yolov5/src/model.cpp:1[m[K:
[3.757s] [01m[K/usr/include/x86_64-linux-gnu/NvInfer.h:9483:43:[m[K [01;36m[Knote: [m[Kdeclared here
[3.757s]  9483 |     TRT_DEPRECATED nvinfer1::ICudaEngine* [01;36m[KbuildEngineWithConfig[m[K(
[3.757s]       |                                           [01;36m[K^~~~~~~~~~~~~~~~~~~~~[m[K
[3.757s] [01m[K/home/hongbin/Desktop/cv_workspace/src/cv_tensorrt/lib/yolov5/src/model.cpp:365:20:[m[K [01;35m[Kwarning: [m[K‘[01m[Kvoid nvinfer1::INetworkDefinition::destroy()[m[K’ is deprecated [[01;35m[K-Wdeprecated-declarations[m[K]
[3.757s]   365 |   network->destroy([01;35m[K)[m[K;
[3.757s]       |                    [01;35m[K^[m[K
[3.757s] In file included from [01m[K/home/hongbin/Desktop/cv_workspace/src/cv_tensorrt/lib/yolov5/src/model.h:3[m[K,
[3.758s]                  from [01m[K/home/hongbin/Desktop/cv_workspace/src/cv_tensorrt/lib/yolov5/src/model.cpp:1[m[K:
[3.758s] [01m[K/usr/include/x86_64-linux-gnu/NvInfer.h:7015:25:[m[K [01;36m[Knote: [m[Kdeclared here
[3.758s]  7015 |     TRT_DEPRECATED void [01;36m[Kdestroy[m[K() noexcept
[3.758s]       |                         [01;36m[K^~~~~~~[m[K
[3.761s] [01m[K/home/hongbin/Desktop/cv_workspace/src/cv_tensorrt/lib/yolov5/src/model.cpp:[m[K In function ‘[01m[Knvinfer1::ICudaEngine* build_det_p6_engine(unsigned int, nvinfer1::IBuilder*, nvinfer1::IBuilderConfig*, nvinfer1::DataType, float&, float&, std::string&)[m[K’:
[3.761s] [01m[K/home/hongbin/Desktop/cv_workspace/src/cv_tensorrt/lib/yolov5/src/model.cpp:452:40:[m[K [01;35m[Kwarning: [m[K‘[01m[Kvoid nvinfer1::IBuilder::setMaxBatchSize(int32_t)[m[K’ is deprecated [[01;35m[K-Wdeprecated-declarations[m[K]
[3.761s]   452 |   builder->setMaxBatchSize(maxBatchSize[01;35m[K)[m[K;
[3.761s]       |                                        [01;35m[K^[m[K
[3.762s] In file included from [01m[K/home/hongbin/Desktop/cv_workspace/src/cv_tensorrt/lib/yolov5/src/model.h:3[m[K,
[3.762s]                  from [01m[K/home/hongbin/Desktop/cv_workspace/src/cv_tensorrt/lib/yolov5/src/model.cpp:1[m[K:
[3.762s] [01m[K/usr/include/x86_64-linux-gnu/NvInfer.h:9379:25:[m[K [01;36m[Knote: [m[Kdeclared here
[3.762s]  9379 |     TRT_DEPRECATED void [01;36m[KsetMaxBatchSize[m[K(int32_t batchSize) noexcept
[3.762s]       |                         [01;36m[K^~~~~~~~~~~~~~~[m[K
[3.762s] [01m[K/home/hongbin/Desktop/cv_workspace/src/cv_tensorrt/lib/yolov5/src/model.cpp:453:45:[m[K [01;35m[Kwarning: [m[K‘[01m[Kvoid nvinfer1::IBuilderConfig::setMaxWorkspaceSize(std::size_t)[m[K’ is deprecated [[01;35m[K-Wdeprecated-declarations[m[K]
[3.762s]   453 |   config->setMaxWorkspaceSize(16 * (1 << 20)[01;35m[K)[m[K;  // 16MB
[3.762s]       |                                             [01;35m[K^[m[K
[3.762s] In file included from [01m[K/home/hongbin/Desktop/cv_workspace/src/cv_tensorrt/lib/yolov5/src/model.h:3[m[K,
[3.762s]                  from [01m[K/home/hongbin/Desktop/cv_workspace/src/cv_tensorrt/lib/yolov5/src/model.cpp:1[m[K:
[3.763s] [01m[K/usr/include/x86_64-linux-gnu/NvInfer.h:8747:25:[m[K [01;36m[Knote: [m[Kdeclared here
[3.763s]  8747 |     TRT_DEPRECATED void [01;36m[KsetMaxWorkspaceSize[m[K(std::size_t workspaceSize) noexcept
[3.763s]       |                         [01;36m[K^~~~~~~~~~~~~~~~~~~[m[K
[3.763s] [01m[K/home/hongbin/Desktop/cv_workspace/src/cv_tensorrt/lib/yolov5/src/model.cpp:465:73:[m[K [01;35m[Kwarning: [m[K‘[01m[Knvinfer1::ICudaEngine* nvinfer1::IBuilder::buildEngineWithConfig(nvinfer1::INetworkDefinition&, nvinfer1::IBuilderConfig&)[m[K’ is deprecated [[01;35m[K-Wdeprecated-declarations[m[K]
[3.763s]   465 |   ICudaEngine* engine = builder->buildEngineWithConfig(*network, *config[01;35m[K)[m[K;
[3.763s]       |                                                                         [01;35m[K^[m[K
[3.763s] In file included from [01m[K/home/hongbin/Desktop/cv_workspace/src/cv_tensorrt/lib/yolov5/src/model.h:3[m[K,
[3.763s]                  from [01m[K/home/hongbin/Desktop/cv_workspace/src/cv_tensorrt/lib/yolov5/src/model.cpp:1[m[K:
[3.763s] [01m[K/usr/include/x86_64-linux-gnu/NvInfer.h:9483:43:[m[K [01;36m[Knote: [m[Kdeclared here
[3.763s]  9483 |     TRT_DEPRECATED nvinfer1::ICudaEngine* [01;36m[KbuildEngineWithConfig[m[K(
[3.764s]       |                                           [01;36m[K^~~~~~~~~~~~~~~~~~~~~[m[K
[3.764s] [01m[K/home/hongbin/Desktop/cv_workspace/src/cv_tensorrt/lib/yolov5/src/model.cpp:469:20:[m[K [01;35m[Kwarning: [m[K‘[01m[Kvoid nvinfer1::INetworkDefinition::destroy()[m[K’ is deprecated [[01;35m[K-Wdeprecated-declarations[m[K]
[3.764s]   469 |   network->destroy([01;35m[K)[m[K;
[3.764s]       |                    [01;35m[K^[m[K
[3.764s] In file included from [01m[K/home/hongbin/Desktop/cv_workspace/src/cv_tensorrt/lib/yolov5/src/model.h:3[m[K,
[3.764s]                  from [01m[K/home/hongbin/Desktop/cv_workspace/src/cv_tensorrt/lib/yolov5/src/model.cpp:1[m[K:
[3.764s] [01m[K/usr/include/x86_64-linux-gnu/NvInfer.h:7015:25:[m[K [01;36m[Knote: [m[Kdeclared here
[3.764s]  7015 |     TRT_DEPRECATED void [01;36m[Kdestroy[m[K() noexcept
[3.765s]       |                         [01;36m[K^~~~~~~[m[K
[3.765s] [01m[K/home/hongbin/Desktop/cv_workspace/src/cv_tensorrt/lib/yolov5/src/model.cpp:[m[K In function ‘[01m[Knvinfer1::ICudaEngine* build_cls_engine(unsigned int, nvinfer1::IBuilder*, nvinfer1::IBuilderConfig*, nvinfer1::DataType, float&, float&, std::string&)[m[K’:
[3.765s] [01m[K/home/hongbin/Desktop/cv_workspace/src/cv_tensorrt/lib/yolov5/src/model.cpp:503:25:[m[K [01;35m[Kwarning: [m[K‘[01m[KIFullyConnectedLayer[m[K’ is deprecated [[01;35m[K-Wdeprecated-declarations[m[K]
[3.765s]   503 |   IFullyConnectedLayer* [01;35m[Kyolo[m[K = network->addFullyConnected(*pool2->getOutput(0), kClsNumClass, weightMap["model.9.linear.weight"], weightMap["model.9.linear.bias"]);
[3.765s]       |                         [01;35m[K^~~~[m[K
[3.765s] In file included from [01m[K/home/hongbin/Desktop/cv_workspace/src/cv_tensorrt/lib/yolov5/src/model.h:3[m[K,
[3.765s]                  from [01m[K/home/hongbin/Desktop/cv_workspace/src/cv_tensorrt/lib/yolov5/src/model.cpp:1[m[K:
[3.765s] [01m[K/usr/include/x86_64-linux-gnu/NvInfer.h:1484:22:[m[K [01;36m[Knote: [m[Kdeclared here
[3.766s]  1484 | class TRT_DEPRECATED [01;36m[KIFullyConnectedLayer[m[K : public ILayer
[3.766s]       |                      [01;36m[K^~~~~~~~~~~~~~~~~~~~[m[K
[3.766s] [01m[K/home/hongbin/Desktop/cv_workspace/src/cv_tensorrt/lib/yolov5/src/model.cpp:503:163:[m[K [01;35m[Kwarning: [m[K‘[01m[Knvinfer1::IFullyConnectedLayer* nvinfer1::INetworkDefinition::addFullyConnected(nvinfer1::ITensor&, int32_t, nvinfer1::Weights, nvinfer1::Weights)[m[K’ is deprecated [[01;35m[K-Wdeprecated-declarations[m[K]
[3.766s]   503 |   IFullyConnectedLayer* yolo = network->addFullyConnected(*pool2->getOutput(0), kClsNumClass, weightMap["model.9.linear.weight"], weightMap["model.9.linear.bias"][01;35m[K)[m[K;
[3.766s]       |                                                                                                                                                                   [01;35m[K^[m[K
[3.766s] In file included from [01m[K/home/hongbin/Desktop/cv_workspace/src/cv_tensorrt/lib/yolov5/src/model.h:3[m[K,
[3.766s]                  from [01m[K/home/hongbin/Desktop/cv_workspace/src/cv_tensorrt/lib/yolov5/src/model.cpp:1[m[K:
[3.766s] [01m[K/usr/include/x86_64-linux-gnu/NvInfer.h:6683:42:[m[K [01;36m[Knote: [m[Kdeclared here
[3.766s]  6683 |     TRT_DEPRECATED IFullyConnectedLayer* [01;36m[KaddFullyConnected[m[K(
[3.766s]       |                                          [01;36m[K^~~~~~~~~~~~~~~~~[m[K
[3.766s] [01m[K/home/hongbin/Desktop/cv_workspace/src/cv_tensorrt/lib/yolov5/src/model.cpp:510:40:[m[K [01;35m[Kwarning: [m[K‘[01m[Kvoid nvinfer1::IBuilder::setMaxBatchSize(int32_t)[m[K’ is deprecated [[01;35m[K-Wdeprecated-declarations[m[K]
[3.767s]   510 |   builder->setMaxBatchSize(maxBatchSize[01;35m[K)[m[K;
[3.767s]       |                                        [01;35m[K^[m[K
[3.767s] In file included from [01m[K/home/hongbin/Desktop/cv_workspace/src/cv_tensorrt/lib/yolov5/src/model.h:3[m[K,
[3.767s]                  from [01m[K/home/hongbin/Desktop/cv_workspace/src/cv_tensorrt/lib/yolov5/src/model.cpp:1[m[K:
[3.767s] [01m[K/usr/include/x86_64-linux-gnu/NvInfer.h:9379:25:[m[K [01;36m[Knote: [m[Kdeclared here
[3.767s]  9379 |     TRT_DEPRECATED void [01;36m[KsetMaxBatchSize[m[K(int32_t batchSize) noexcept
[3.767s]       |                         [01;36m[K^~~~~~~~~~~~~~~[m[K
[3.767s] [01m[K/home/hongbin/Desktop/cv_workspace/src/cv_tensorrt/lib/yolov5/src/model.cpp:511:45:[m[K [01;35m[Kwarning: [m[K‘[01m[Kvoid nvinfer1::IBuilderConfig::setMaxWorkspaceSize(std::size_t)[m[K’ is deprecated [[01;35m[K-Wdeprecated-declarations[m[K]
[3.767s]   511 |   config->setMaxWorkspaceSize(16 * (1 << 20)[01;35m[K)[m[K;  // 16MB
[3.767s]       |                                             [01;35m[K^[m[K
[3.768s] In file included from [01m[K/home/hongbin/Desktop/cv_workspace/src/cv_tensorrt/lib/yolov5/src/model.h:3[m[K,
[3.768s]                  from [01m[K/home/hongbin/Desktop/cv_workspace/src/cv_tensorrt/lib/yolov5/src/model.cpp:1[m[K:
[3.768s] [01m[K/usr/include/x86_64-linux-gnu/NvInfer.h:8747:25:[m[K [01;36m[Knote: [m[Kdeclared here
[3.768s]  8747 |     TRT_DEPRECATED void [01;36m[KsetMaxWorkspaceSize[m[K(std::size_t workspaceSize) noexcept
[3.768s]       |                         [01;36m[K^~~~~~~~~~~~~~~~~~~[m[K
[3.768s] [01m[K/home/hongbin/Desktop/cv_workspace/src/cv_tensorrt/lib/yolov5/src/model.cpp:524:73:[m[K [01;35m[Kwarning: [m[K‘[01m[Knvinfer1::ICudaEngine* nvinfer1::IBuilder::buildEngineWithConfig(nvinfer1::INetworkDefinition&, nvinfer1::IBuilderConfig&)[m[K’ is deprecated [[01;35m[K-Wdeprecated-declarations[m[K]
[3.768s]   524 |   ICudaEngine* engine = builder->buildEngineWithConfig(*network, *config[01;35m[K)[m[K;
[3.768s]       |                                                                         [01;35m[K^[m[K
[3.768s] In file included from [01m[K/home/hongbin/Desktop/cv_workspace/src/cv_tensorrt/lib/yolov5/src/model.h:3[m[K,
[3.768s]                  from [01m[K/home/hongbin/Desktop/cv_workspace/src/cv_tensorrt/lib/yolov5/src/model.cpp:1[m[K:
[3.769s] [01m[K/usr/include/x86_64-linux-gnu/NvInfer.h:9483:43:[m[K [01;36m[Knote: [m[Kdeclared here
[3.769s]  9483 |     TRT_DEPRECATED nvinfer1::ICudaEngine* [01;36m[KbuildEngineWithConfig[m[K(
[3.769s]       |                                           [01;36m[K^~~~~~~~~~~~~~~~~~~~~[m[K
[3.769s] [01m[K/home/hongbin/Desktop/cv_workspace/src/cv_tensorrt/lib/yolov5/src/model.cpp:528:20:[m[K [01;35m[Kwarning: [m[K‘[01m[Kvoid nvinfer1::INetworkDefinition::destroy()[m[K’ is deprecated [[01;35m[K-Wdeprecated-declarations[m[K]
[3.769s]   528 |   network->destroy([01;35m[K)[m[K;
[3.769s]       |                    [01;35m[K^[m[K
[3.769s] In file included from [01m[K/home/hongbin/Desktop/cv_workspace/src/cv_tensorrt/lib/yolov5/src/model.h:3[m[K,
[3.769s]                  from [01m[K/home/hongbin/Desktop/cv_workspace/src/cv_tensorrt/lib/yolov5/src/model.cpp:1[m[K:
[3.769s] [01m[K/usr/include/x86_64-linux-gnu/NvInfer.h:7015:25:[m[K [01;36m[Knote: [m[Kdeclared here
[3.770s]  7015 |     TRT_DEPRECATED void [01;36m[Kdestroy[m[K() noexcept
[3.770s]       |                         [01;36m[K^~~~~~~[m[K
[3.770s] [01m[K/home/hongbin/Desktop/cv_workspace/src/cv_tensorrt/lib/yolov5/src/model.cpp:[m[K In function ‘[01m[Knvinfer1::ICudaEngine* build_seg_engine(unsigned int, nvinfer1::IBuilder*, nvinfer1::IBuilderConfig*, nvinfer1::DataType, float&, float&, std::string&)[m[K’:
[3.770s] [01m[K/home/hongbin/Desktop/cv_workspace/src/cv_tensorrt/lib/yolov5/src/model.cpp:602:40:[m[K [01;35m[Kwarning: [m[K‘[01m[Kvoid nvinfer1::IBuilder::setMaxBatchSize(int32_t)[m[K’ is deprecated [[01;35m[K-Wdeprecated-declarations[m[K]
[3.770s]   602 |   builder->setMaxBatchSize(maxBatchSize[01;35m[K)[m[K;
[3.770s]       |                                        [01;35m[K^[m[K
[3.770s] In file included from [01m[K/home/hongbin/Desktop/cv_workspace/src/cv_tensorrt/lib/yolov5/src/model.h:3[m[K,
[3.770s]                  from [01m[K/home/hongbin/Desktop/cv_workspace/src/cv_tensorrt/lib/yolov5/src/model.cpp:1[m[K:
[3.771s] [01m[K/usr/include/x86_64-linux-gnu/NvInfer.h:9379:25:[m[K [01;36m[Knote: [m[Kdeclared here
[3.771s]  9379 |     TRT_DEPRECATED void [01;36m[KsetMaxBatchSize[m[K(int32_t batchSize) noexcept
[3.771s]       |                         [01;36m[K^~~~~~~~~~~~~~~[m[K
[3.771s] [01m[K/home/hongbin/Desktop/cv_workspace/src/cv_tensorrt/lib/yolov5/src/model.cpp:603:45:[m[K [01;35m[Kwarning: [m[K‘[01m[Kvoid nvinfer1::IBuilderConfig::setMaxWorkspaceSize(std::size_t)[m[K’ is deprecated [[01;35m[K-Wdeprecated-declarations[m[K]
[3.771s]   603 |   config->setMaxWorkspaceSize(16 * (1 << 20)[01;35m[K)[m[K;  // 16MB
[3.771s]       |                                             [01;35m[K^[m[K
[3.771s] In file included from [01m[K/home/hongbin/Desktop/cv_workspace/src/cv_tensorrt/lib/yolov5/src/model.h:3[m[K,
[3.771s]                  from [01m[K/home/hongbin/Desktop/cv_workspace/src/cv_tensorrt/lib/yolov5/src/model.cpp:1[m[K:
[3.771s] [01m[K/usr/include/x86_64-linux-gnu/NvInfer.h:8747:25:[m[K [01;36m[Knote: [m[Kdeclared here
[3.771s]  8747 |     TRT_DEPRECATED void [01;36m[KsetMaxWorkspaceSize[m[K(std::size_t workspaceSize) noexcept
[3.772s]       |                         [01;36m[K^~~~~~~~~~~~~~~~~~~[m[K
[3.772s] [01m[K/home/hongbin/Desktop/cv_workspace/src/cv_tensorrt/lib/yolov5/src/model.cpp:615:73:[m[K [01;35m[Kwarning: [m[K‘[01m[Knvinfer1::ICudaEngine* nvinfer1::IBuilder::buildEngineWithConfig(nvinfer1::INetworkDefinition&, nvinfer1::IBuilderConfig&)[m[K’ is deprecated [[01;35m[K-Wdeprecated-declarations[m[K]
[3.772s]   615 |   ICudaEngine* engine = builder->buildEngineWithConfig(*network, *config[01;35m[K)[m[K;
[3.772s]       |                                                                         [01;35m[K^[m[K
[3.772s] In file included from [01m[K/home/hongbin/Desktop/cv_workspace/src/cv_tensorrt/lib/yolov5/src/model.h:3[m[K,
[3.772s]                  from [01m[K/home/hongbin/Desktop/cv_workspace/src/cv_tensorrt/lib/yolov5/src/model.cpp:1[m[K:
[3.772s] [01m[K/usr/include/x86_64-linux-gnu/NvInfer.h:9483:43:[m[K [01;36m[Knote: [m[Kdeclared here
[3.772s]  9483 |     TRT_DEPRECATED nvinfer1::ICudaEngine* [01;36m[KbuildEngineWithConfig[m[K(
[3.772s]       |                                           [01;36m[K^~~~~~~~~~~~~~~~~~~~~[m[K
[3.772s] [01m[K/home/hongbin/Desktop/cv_workspace/src/cv_tensorrt/lib/yolov5/src/model.cpp:619:20:[m[K [01;35m[Kwarning: [m[K‘[01m[Kvoid nvinfer1::INetworkDefinition::destroy()[m[K’ is deprecated [[01;35m[K-Wdeprecated-declarations[m[K]
[3.773s]   619 |   network->destroy([01;35m[K)[m[K;
[3.773s]       |                    [01;35m[K^[m[K
[3.773s] In file included from [01m[K/home/hongbin/Desktop/cv_workspace/src/cv_tensorrt/lib/yolov5/src/model.h:3[m[K,
[3.773s]                  from [01m[K/home/hongbin/Desktop/cv_workspace/src/cv_tensorrt/lib/yolov5/src/model.cpp:1[m[K:
[3.773s] [01m[K/usr/include/x86_64-linux-gnu/NvInfer.h:7015:25:[m[K [01;36m[Knote: [m[Kdeclared here
[3.773s]  7015 |     TRT_DEPRECATED void [01;36m[Kdestroy[m[K() noexcept
[3.773s]       |                         [01;36m[K^~~~~~~[m[K
[5.378s] In file included from [01m[K/usr/include/c++/9/cassert:44[m[K,
[5.378s]                  from [01m[K/opt/ros/foxy/include/rclcpp/wait_result.hpp:18[m[K,
[5.378s]                  from [01m[K/opt/ros/foxy/include/rclcpp/wait_set_policies/sequential_synchronization.hpp:32[m[K,
[5.378s]                  from [01m[K/opt/ros/foxy/include/rclcpp/wait_set.hpp:26[m[K,
[5.378s]                  from [01m[K/opt/ros/foxy/include/rclcpp/rclcpp.hpp:157[m[K,
[5.379s]                  from [01m[K/home/hongbin/Desktop/cv_workspace/src/cv_tensorrt/src/../include/auto_aim/YOLO.hpp:29[m[K,
[5.379s]                  from [01m[K/home/hongbin/Desktop/cv_workspace/src/cv_tensorrt/src/YOLO.cpp:5[m[K:
[5.379s] [01m[K/home/hongbin/Desktop/cv_workspace/src/cv_tensorrt/src/YOLO.cpp:[m[K In member function ‘[01m[Kvoid YOLO::prepare_buffers(nvinfer1::ICudaEngine*, float**, float**, float**)[m[K’:
[5.379s] [01m[K/home/hongbin/Desktop/cv_workspace/src/cv_tensorrt/src/YOLO.cpp:56:34:[m[K [01;35m[Kwarning: [m[K‘[01m[Kint32_t nvinfer1::ICudaEngine::getNbBindings() const[m[K’ is deprecated [[01;35m[K-Wdeprecated-declarations[m[K]
[5.379s]    56 |     assert(engine->getNbBindings([01;35m[K)[m[K == 2);
[5.379s]       |                                  [01;35m[K^[m[K
[5.379s] In file included from [01m[K/usr/include/x86_64-linux-gnu/NvInfer.h:17[m[K,
[5.379s]                  from [01m[K/home/hongbin/Desktop/cv_workspace/src/cv_tensorrt/lib/yolov5/src/macros.h:4[m[K,
[5.380s]                  from [01m[K/home/hongbin/Desktop/cv_workspace/src/cv_tensorrt/lib/yolov5/src/logging.h:28[m[K,
[5.380s]                  from [01m[K/home/hongbin/Desktop/cv_workspace/src/cv_tensorrt/src/../include/auto_aim/YOLO.hpp:9[m[K,
[5.380s]                  from [01m[K/home/hongbin/Desktop/cv_workspace/src/cv_tensorrt/src/YOLO.cpp:5[m[K:
[5.380s] [01m[K/usr/include/x86_64-linux-gnu/NvInferRuntime.h:1399:28:[m[K [01;36m[Knote: [m[Kdeclared here
[5.380s]  1399 |     TRT_DEPRECATED int32_t [01;36m[KgetNbBindings[m[K() const noexcept
[5.380s]       |                            [01;36m[K^~~~~~~~~~~~~[m[K
[5.380s] [01m[K/home/hongbin/Desktop/cv_workspace/src/cv_tensorrt/src/YOLO.cpp:59:68:[m[K [01;35m[Kwarning: [m[K‘[01m[Kint32_t nvinfer1::ICudaEngine::getBindingIndex(const char*) const[m[K’ is deprecated [[01;35m[K-Wdeprecated-declarations[m[K]
[5.380s]    59 |     const int inputIndex = engine->getBindingIndex(kInputTensorName[01;35m[K)[m[K;
[5.380s]       |                                                                    [01;35m[K^[m[K
[5.381s] In file included from [01m[K/usr/include/x86_64-linux-gnu/NvInfer.h:17[m[K,
[5.381s]                  from [01m[K/home/hongbin/Desktop/cv_workspace/src/cv_tensorrt/lib/yolov5/src/macros.h:4[m[K,
[5.381s]                  from [01m[K/home/hongbin/Desktop/cv_workspace/src/cv_tensorrt/lib/yolov5/src/logging.h:28[m[K,
[5.381s]                  from [01m[K/home/hongbin/Desktop/cv_workspace/src/cv_tensorrt/src/../include/auto_aim/YOLO.hpp:9[m[K,
[5.381s]                  from [01m[K/home/hongbin/Desktop/cv_workspace/src/cv_tensorrt/src/YOLO.cpp:5[m[K:
[5.381s] [01m[K/usr/include/x86_64-linux-gnu/NvInferRuntime.h:1427:28:[m[K [01;36m[Knote: [m[Kdeclared here
[5.381s]  1427 |     TRT_DEPRECATED int32_t [01;36m[KgetBindingIndex[m[K(char const* name) const noexcept
[5.381s]       |                            [01;36m[K^~~~~~~~~~~~~~~[m[K
[5.381s] [01m[K/home/hongbin/Desktop/cv_workspace/src/cv_tensorrt/src/YOLO.cpp:60:70:[m[K [01;35m[Kwarning: [m[K‘[01m[Kint32_t nvinfer1::ICudaEngine::getBindingIndex(const char*) const[m[K’ is deprecated [[01;35m[K-Wdeprecated-declarations[m[K]
[5.382s]    60 |     const int outputIndex = engine->getBindingIndex(kOutputTensorName[01;35m[K)[m[K;
[5.382s]       |                                                                      [01;35m[K^[m[K
[5.382s] In file included from [01m[K/usr/include/x86_64-linux-gnu/NvInfer.h:17[m[K,
[5.382s]                  from [01m[K/home/hongbin/Desktop/cv_workspace/src/cv_tensorrt/lib/yolov5/src/macros.h:4[m[K,
[5.382s]                  from [01m[K/home/hongbin/Desktop/cv_workspace/src/cv_tensorrt/lib/yolov5/src/logging.h:28[m[K,
[5.382s]                  from [01m[K/home/hongbin/Desktop/cv_workspace/src/cv_tensorrt/src/../include/auto_aim/YOLO.hpp:9[m[K,
[5.382s]                  from [01m[K/home/hongbin/Desktop/cv_workspace/src/cv_tensorrt/src/YOLO.cpp:5[m[K:
[5.382s] [01m[K/usr/include/x86_64-linux-gnu/NvInferRuntime.h:1427:28:[m[K [01;36m[Knote: [m[Kdeclared here
[5.382s]  1427 |     TRT_DEPRECATED int32_t [01;36m[KgetBindingIndex[m[K(char const* name) const noexcept
[5.382s]       |                            [01;36m[K^~~~~~~~~~~~~~~[m[K
[5.383s] [01m[K/home/hongbin/Desktop/cv_workspace/src/cv_tensorrt/src/YOLO.cpp:[m[K In member function ‘[01m[Kvoid YOLO::infer(nvinfer1::IExecutionContext&, CUstream_st*&, void**, float*, int)[m[K’:
[5.383s] [01m[K/home/hongbin/Desktop/cv_workspace/src/cv_tensorrt/src/YOLO.cpp:71:60:[m[K [01;35m[Kwarning: [m[K‘[01m[Kbool nvinfer1::IExecutionContext::enqueue(int32_t, void* const*, cudaStream_t, CUevent_st**)[m[K’ is deprecated [[01;35m[K-Wdeprecated-declarations[m[K]
[5.383s]    71 |     context.enqueue(batchsize, gpu_buffers, stream, nullptr[01;35m[K)[m[K;
[5.383s]       |                                                            [01;35m[K^[m[K
[5.383s] In file included from [01m[K/usr/include/x86_64-linux-gnu/NvInfer.h:17[m[K,
[5.383s]                  from [01m[K/home/hongbin/Desktop/cv_workspace/src/cv_tensorrt/lib/yolov5/src/macros.h:4[m[K,
[5.383s]                  from [01m[K/home/hongbin/Desktop/cv_workspace/src/cv_tensorrt/lib/yolov5/src/logging.h:28[m[K,
[5.383s]                  from [01m[K/home/hongbin/Desktop/cv_workspace/src/cv_tensorrt/src/../include/auto_aim/YOLO.hpp:9[m[K,
[5.383s]                  from [01m[K/home/hongbin/Desktop/cv_workspace/src/cv_tensorrt/src/YOLO.cpp:5[m[K:
[5.383s] [01m[K/usr/include/x86_64-linux-gnu/NvInferRuntime.h:2303:25:[m[K [01;36m[Knote: [m[Kdeclared here
[5.383s]  2303 |     TRT_DEPRECATED bool [01;36m[Kenqueue[m[K(
[5.384s]       |                         [01;36m[K^~~~~~~[m[K
[5.384s] [01m[K/home/hongbin/Desktop/cv_workspace/src/cv_tensorrt/src/YOLO.cpp:[m[K In member function ‘[01m[Kvoid YOLO::serialize_engine(unsigned int, bool&, float&, float&, std::string&, std::string&)[m[K’:
[5.384s] [01m[K/home/hongbin/Desktop/cv_workspace/src/cv_tensorrt/src/YOLO.cpp:103:21:[m[K [01;35m[Kwarning: [m[K‘[01m[Kvoid nvinfer1::ICudaEngine::destroy()[m[K’ is deprecated [[01;35m[K-Wdeprecated-declarations[m[K]
[5.384s]   103 |     engine->destroy([01;35m[K)[m[K;
[5.384s]       |                     [01;35m[K^[m[K
[5.384s] In file included from [01m[K/usr/include/x86_64-linux-gnu/NvInfer.h:17[m[K,
[5.384s]                  from [01m[K/home/hongbin/Desktop/cv_workspace/src/cv_tensorrt/lib/yolov5/src/macros.h:4[m[K,
[5.384s]                  from [01m[K/home/hongbin/Desktop/cv_workspace/src/cv_tensorrt/lib/yolov5/src/logging.h:28[m[K,
[5.384s]                  from [01m[K/home/hongbin/Desktop/cv_workspace/src/cv_tensorrt/src/../include/auto_aim/YOLO.hpp:9[m[K,
[5.384s]                  from [01m[K/home/hongbin/Desktop/cv_workspace/src/cv_tensorrt/src/YOLO.cpp:5[m[K:
[5.385s] [01m[K/usr/include/x86_64-linux-gnu/NvInferRuntime.h:1609:25:[m[K [01;36m[Knote: [m[Kdeclared here
[5.385s]  1609 |     TRT_DEPRECATED void [01;36m[Kdestroy[m[K() noexcept
[5.385s]       |                         [01;36m[K^~~~~~~[m[K
[5.385s] [01m[K/home/hongbin/Desktop/cv_workspace/src/cv_tensorrt/src/YOLO.cpp:104:22:[m[K [01;35m[Kwarning: [m[K‘[01m[Kvoid nvinfer1::IBuilder::destroy()[m[K’ is deprecated [[01;35m[K-Wdeprecated-declarations[m[K]
[5.385s]   104 |     builder->destroy([01;35m[K)[m[K;
[5.385s]       |                      [01;35m[K^[m[K
[5.385s] In file included from [01m[K/home/hongbin/Desktop/cv_workspace/src/cv_tensorrt/lib/yolov5/src/macros.h:4[m[K,
[5.385s]                  from [01m[K/home/hongbin/Desktop/cv_workspace/src/cv_tensorrt/lib/yolov5/src/logging.h:28[m[K,
[5.385s]                  from [01m[K/home/hongbin/Desktop/cv_workspace/src/cv_tensorrt/src/../include/auto_aim/YOLO.hpp:9[m[K,
[5.385s]                  from [01m[K/home/hongbin/Desktop/cv_workspace/src/cv_tensorrt/src/YOLO.cpp:5[m[K:
[5.386s] [01m[K/usr/include/x86_64-linux-gnu/NvInfer.h:9422:25:[m[K [01;36m[Knote: [m[Kdeclared here
[5.386s]  9422 |     TRT_DEPRECATED void [01;36m[Kdestroy[m[K() noexcept
[5.386s]       |                         [01;36m[K^~~~~~~[m[K
[5.386s] [01m[K/home/hongbin/Desktop/cv_workspace/src/cv_tensorrt/src/YOLO.cpp:105:21:[m[K [01;35m[Kwarning: [m[K‘[01m[Kvoid nvinfer1::IBuilderConfig::destroy()[m[K’ is deprecated [[01;35m[K-Wdeprecated-declarations[m[K]
[5.386s]   105 |     config->destroy([01;35m[K)[m[K;
[5.386s]       |                     [01;35m[K^[m[K
[5.386s] In file included from [01m[K/home/hongbin/Desktop/cv_workspace/src/cv_tensorrt/lib/yolov5/src/macros.h:4[m[K,
[5.386s]                  from [01m[K/home/hongbin/Desktop/cv_workspace/src/cv_tensorrt/lib/yolov5/src/logging.h:28[m[K,
[5.386s]                  from [01m[K/home/hongbin/Desktop/cv_workspace/src/cv_tensorrt/src/../include/auto_aim/YOLO.hpp:9[m[K,
[5.386s]                  from [01m[K/home/hongbin/Desktop/cv_workspace/src/cv_tensorrt/src/YOLO.cpp:5[m[K:
[5.386s] [01m[K/usr/include/x86_64-linux-gnu/NvInfer.h:8950:25:[m[K [01;36m[Knote: [m[Kdeclared here
[5.387s]  8950 |     TRT_DEPRECATED void [01;36m[Kdestroy[m[K() noexcept
[5.387s]       |                         [01;36m[K^~~~~~~[m[K
[5.387s] [01m[K/home/hongbin/Desktop/cv_workspace/src/cv_tensorrt/src/YOLO.cpp:106:32:[m[K [01;35m[Kwarning: [m[K‘[01m[Kvoid nvinfer1::IHostMemory::destroy()[m[K’ is deprecated [[01;35m[K-Wdeprecated-declarations[m[K]
[5.387s]   106 |     serialized_engine->destroy([01;35m[K)[m[K;
[5.387s]       |                                [01;35m[K^[m[K
[5.387s] In file included from [01m[K/usr/include/x86_64-linux-gnu/NvInfer.h:17[m[K,
[5.387s]                  from [01m[K/home/hongbin/Desktop/cv_workspace/src/cv_tensorrt/lib/yolov5/src/macros.h:4[m[K,
[5.387s]                  from [01m[K/home/hongbin/Desktop/cv_workspace/src/cv_tensorrt/lib/yolov5/src/logging.h:28[m[K,
[5.387s]                  from [01m[K/home/hongbin/Desktop/cv_workspace/src/cv_tensorrt/src/../include/auto_aim/YOLO.hpp:9[m[K,
[5.387s]                  from [01m[K/home/hongbin/Desktop/cv_workspace/src/cv_tensorrt/src/YOLO.cpp:5[m[K:
[5.388s] [01m[K/usr/include/x86_64-linux-gnu/NvInferRuntime.h:172:25:[m[K [01;36m[Knote: [m[Kdeclared here
[5.388s]   172 |     TRT_DEPRECATED void [01;36m[Kdestroy[m[K() noexcept
[5.388s]       |                         [01;36m[K^~~~~~~[m[K
[5.388s] [01m[K/home/hongbin/Desktop/cv_workspace/src/cv_tensorrt/src/YOLO.cpp:[m[K In member function ‘[01m[Kcv::Point3f YOLO::getPose()[m[K’:
[5.388s] [01m[K/home/hongbin/Desktop/cv_workspace/src/cv_tensorrt/src/YOLO.cpp:197:1:[m[K [01;35m[Kwarning: [m[Kno return statement in function returning non-void [[01;35m[K-Wreturn-type[m[K]
[5.388s]   197 | [01;35m[K}[m[K
[5.388s]       | [01;35m[K^[m[K
[5.888s] [01m[K/home/hongbin/Desktop/cv_workspace/src/cv_tensorrt/src/main.cpp:[m[K In function ‘[01m[Kint main(int, char**)[m[K’:
[5.888s] [01m[K/home/hongbin/Desktop/cv_workspace/src/cv_tensorrt/src/main.cpp:167:22:[m[K [01;35m[Kwarning: [m[K‘[01m[Kvoid nvinfer1::IExecutionContext::destroy()[m[K’ is deprecated [[01;35m[K-Wdeprecated-declarations[m[K]
[5.889s]   167 |     context->destroy([01;35m[K)[m[K;
[5.889s]       |                      [01;35m[K^[m[K
[5.889s] In file included from [01m[K/usr/include/x86_64-linux-gnu/NvInfer.h:17[m[K,
[5.889s]                  from [01m[K/home/hongbin/Desktop/cv_workspace/src/cv_tensorrt/lib/yolov5/src/macros.h:4[m[K,
[5.889s]                  from [01m[K/home/hongbin/Desktop/cv_workspace/src/cv_tensorrt/lib/yolov5/src/logging.h:28[m[K,
[5.889s]                  from [01m[K/home/hongbin/Desktop/cv_workspace/src/cv_tensorrt/src/../include/auto_aim/YOLO.hpp:9[m[K,
[5.889s]                  from [01m[K/home/hongbin/Desktop/cv_workspace/src/cv_tensorrt/src/main.cpp:1[m[K:
[5.889s] [01m[K/usr/include/x86_64-linux-gnu/NvInferRuntime.h:2369:25:[m[K [01;36m[Knote: [m[Kdeclared here
[5.889s]  2369 |     TRT_DEPRECATED void [01;36m[Kdestroy[m[K() noexcept
[5.890s]       |                         [01;36m[K^~~~~~~[m[K
[5.890s] [01m[K/home/hongbin/Desktop/cv_workspace/src/cv_tensorrt/src/main.cpp:168:21:[m[K [01;35m[Kwarning: [m[K‘[01m[Kvoid nvinfer1::ICudaEngine::destroy()[m[K’ is deprecated [[01;35m[K-Wdeprecated-declarations[m[K]
[5.890s]   168 |     engine->destroy([01;35m[K)[m[K;
[5.890s]       |                     [01;35m[K^[m[K
[5.890s] In file included from [01m[K/usr/include/x86_64-linux-gnu/NvInfer.h:17[m[K,
[5.890s]                  from [01m[K/home/hongbin/Desktop/cv_workspace/src/cv_tensorrt/lib/yolov5/src/macros.h:4[m[K,
[5.890s]                  from [01m[K/home/hongbin/Desktop/cv_workspace/src/cv_tensorrt/lib/yolov5/src/logging.h:28[m[K,
[5.890s]                  from [01m[K/home/hongbin/Desktop/cv_workspace/src/cv_tensorrt/src/../include/auto_aim/YOLO.hpp:9[m[K,
[5.890s]                  from [01m[K/home/hongbin/Desktop/cv_workspace/src/cv_tensorrt/src/main.cpp:1[m[K:
[5.890s] [01m[K/usr/include/x86_64-linux-gnu/NvInferRuntime.h:1609:25:[m[K [01;36m[Knote: [m[Kdeclared here
[5.891s]  1609 |     TRT_DEPRECATED void [01;36m[Kdestroy[m[K() noexcept
[5.891s]       |                         [01;36m[K^~~~~~~[m[K
[5.891s] [01m[K/home/hongbin/Desktop/cv_workspace/src/cv_tensorrt/src/main.cpp:169:22:[m[K [01;35m[Kwarning: [m[K‘[01m[Kvoid nvinfer1::IRuntime::destroy()[m[K’ is deprecated [[01;35m[K-Wdeprecated-declarations[m[K]
[5.891s]   169 |     runtime->destroy([01;35m[K)[m[K;
[5.891s]       |                      [01;35m[K^[m[K
[5.891s] In file included from [01m[K/usr/include/x86_64-linux-gnu/NvInfer.h:17[m[K,
[5.891s]                  from [01m[K/home/hongbin/Desktop/cv_workspace/src/cv_tensorrt/lib/yolov5/src/macros.h:4[m[K,
[5.891s]                  from [01m[K/home/hongbin/Desktop/cv_workspace/src/cv_tensorrt/lib/yolov5/src/logging.h:28[m[K,
[5.891s]                  from [01m[K/home/hongbin/Desktop/cv_workspace/src/cv_tensorrt/src/../include/auto_aim/YOLO.hpp:9[m[K,
[5.891s]                  from [01m[K/home/hongbin/Desktop/cv_workspace/src/cv_tensorrt/src/main.cpp:1[m[K:
[5.891s] [01m[K/usr/include/x86_64-linux-gnu/NvInferRuntime.h:682:25:[m[K [01;36m[Knote: [m[Kdeclared here
[5.892s]   682 |     TRT_DEPRECATED void [01;36m[Kdestroy[m[K() noexcept
[5.892s]       |                         [01;36m[K^~~~~~~[m[K
[7.989s] [100%] [32m[1mLinking CXX executable cv_tensorrt[0m
[8.247s] [100%] Built target cv_tensorrt
[8.252s] Invoked command in '/home/hongbin/Desktop/cv_workspace/build/cv_tensorrt' returned '0': CMAKE_PREFIX_PATH=${CMAKE_PREFIX_PATH}:/opt/ros/foxy /usr/bin/cmake --build /home/hongbin/Desktop/cv_workspace/build/cv_tensorrt -- -j12 -l12
[8.273s] Invoking command in '/home/hongbin/Desktop/cv_workspace/build/cv_tensorrt': CMAKE_PREFIX_PATH=${CMAKE_PREFIX_PATH}:/opt/ros/foxy /usr/bin/cmake --install /home/hongbin/Desktop/cv_workspace/build/cv_tensorrt
[8.275s] -- Install configuration: "Debug"
[8.276s] -- Installing: /home/hongbin/Desktop/cv_workspace/install/cv_tensorrt/lib/cv_tensorrt/cv_tensorrt
[8.278s] -- Set runtime path of "/home/hongbin/Desktop/cv_workspace/install/cv_tensorrt/lib/cv_tensorrt/cv_tensorrt" to ""
[8.278s] -- Installing: /home/hongbin/Desktop/cv_workspace/install/cv_tensorrt/share/cv_tensorrt//launch
[8.278s] -- Installing: /home/hongbin/Desktop/cv_workspace/install/cv_tensorrt/share/cv_tensorrt//launch/cv_tensorrt_launch.py
[8.278s] -- Installing: /home/hongbin/Desktop/cv_workspace/install/cv_tensorrt/share/cv_tensorrt//config
[8.278s] -- Installing: /home/hongbin/Desktop/cv_workspace/install/cv_tensorrt/share/cv_tensorrt//config/yolov5_det
[8.280s] -- Installing: /home/hongbin/Desktop/cv_workspace/install/cv_tensorrt/share/cv_tensorrt//config/yolov5s.wts
[8.317s] -- Installing: /home/hongbin/Desktop/cv_workspace/install/cv_tensorrt/share/cv_tensorrt//config/autoAim.yaml
[8.317s] -- Installing: /home/hongbin/Desktop/cv_workspace/install/cv_tensorrt/share/cv_tensorrt/libmyplugins.so
[8.318s] -- Installing: /home/hongbin/Desktop/cv_workspace/install/cv_tensorrt/share/ament_index/resource_index/package_run_dependencies/cv_tensorrt
[8.318s] -- Installing: /home/hongbin/Desktop/cv_workspace/install/cv_tensorrt/share/ament_index/resource_index/parent_prefix_path/cv_tensorrt
[8.318s] -- Installing: /home/hongbin/Desktop/cv_workspace/install/cv_tensorrt/share/cv_tensorrt/environment/ament_prefix_path.sh
[8.318s] -- Installing: /home/hongbin/Desktop/cv_workspace/install/cv_tensorrt/share/cv_tensorrt/environment/ament_prefix_path.dsv
[8.318s] -- Installing: /home/hongbin/Desktop/cv_workspace/install/cv_tensorrt/share/cv_tensorrt/environment/path.sh
[8.318s] -- Installing: /home/hongbin/Desktop/cv_workspace/install/cv_tensorrt/share/cv_tensorrt/environment/path.dsv
[8.318s] -- Installing: /home/hongbin/Desktop/cv_workspace/install/cv_tensorrt/share/cv_tensorrt/local_setup.bash
[8.318s] -- Installing: /home/hongbin/Desktop/cv_workspace/install/cv_tensorrt/share/cv_tensorrt/local_setup.sh
[8.318s] -- Installing: /home/hongbin/Desktop/cv_workspace/install/cv_tensorrt/share/cv_tensorrt/local_setup.zsh
[8.318s] -- Installing: /home/hongbin/Desktop/cv_workspace/install/cv_tensorrt/share/cv_tensorrt/local_setup.dsv
[8.318s] -- Installing: /home/hongbin/Desktop/cv_workspace/install/cv_tensorrt/share/cv_tensorrt/package.dsv
[8.319s] -- Installing: /home/hongbin/Desktop/cv_workspace/install/cv_tensorrt/share/ament_index/resource_index/packages/cv_tensorrt
[8.319s] -- Installing: /home/hongbin/Desktop/cv_workspace/install/cv_tensorrt/share/cv_tensorrt/cmake/ament_cmake_export_dependencies-extras.cmake
[8.319s] -- Installing: /home/hongbin/Desktop/cv_workspace/install/cv_tensorrt/share/cv_tensorrt/cmake/cv_tensorrtConfig.cmake
[8.319s] -- Installing: /home/hongbin/Desktop/cv_workspace/install/cv_tensorrt/share/cv_tensorrt/cmake/cv_tensorrtConfig-version.cmake
[8.319s] -- Installing: /home/hongbin/Desktop/cv_workspace/install/cv_tensorrt/share/cv_tensorrt/package.xml
[8.321s] Invoked command in '/home/hongbin/Desktop/cv_workspace/build/cv_tensorrt' returned '0': CMAKE_PREFIX_PATH=${CMAKE_PREFIX_PATH}:/opt/ros/foxy /usr/bin/cmake --install /home/hongbin/Desktop/cv_workspace/build/cv_tensorrt
