[0.013s] Invoking command in '/home/hongbin/Desktop/cv_workspace/build/cv_tensorrt': CMAKE_PREFIX_PATH=${CMAKE_PREFIX_PATH}:/opt/ros/foxy /usr/bin/cmake --build /home/hongbin/Desktop/cv_workspace/build/cv_tensorrt -- -j12 -l12
[0.047s] [ 20%] Built target myplugins
[0.077s] [ 30%] [32mBuilding CXX object CMakeFiles/cv_tensorrt.dir/src/YOLO.cpp.o[0m
[2.057s] In file included from [01m[K/usr/include/c++/9/cassert:44[m[K,
[2.057s]                  from [01m[K/opt/ros/foxy/include/rclcpp/wait_result.hpp:18[m[K,
[2.057s]                  from [01m[K/opt/ros/foxy/include/rclcpp/wait_set_policies/sequential_synchronization.hpp:32[m[K,
[2.057s]                  from [01m[K/opt/ros/foxy/include/rclcpp/wait_set.hpp:26[m[K,
[2.057s]                  from [01m[K/opt/ros/foxy/include/rclcpp/rclcpp.hpp:157[m[K,
[2.057s]                  from [01m[K/home/hongbin/Desktop/cv_workspace/src/cv_tensorrt/src/../include/auto_aim/YOLO.hpp:29[m[K,
[2.057s]                  from [01m[K/home/hongbin/Desktop/cv_workspace/src/cv_tensorrt/src/YOLO.cpp:5[m[K:
[2.058s] [01m[K/home/hongbin/Desktop/cv_workspace/src/cv_tensorrt/src/YOLO.cpp:[m[K In member function ‘[01m[Kvoid YOLO::prepare_buffers(nvinfer1::ICudaEngine*, float**, float**, float**)[m[K’:
[2.058s] [01m[K/home/hongbin/Desktop/cv_workspace/src/cv_tensorrt/src/YOLO.cpp:56:34:[m[K [01;35m[Kwarning: [m[K‘[01m[Kint32_t nvinfer1::ICudaEngine::getNbBindings() const[m[K’ is deprecated [[01;35m[K-Wdeprecated-declarations[m[K]
[2.058s]    56 |     assert(engine->getNbBindings([01;35m[K)[m[K == 2);
[2.058s]       |                                  [01;35m[K^[m[K
[2.058s] In file included from [01m[K/usr/include/x86_64-linux-gnu/NvInfer.h:17[m[K,
[2.058s]                  from [01m[K/home/hongbin/Desktop/cv_workspace/src/cv_tensorrt/lib/yolov5/src/macros.h:4[m[K,
[2.058s]                  from [01m[K/home/hongbin/Desktop/cv_workspace/src/cv_tensorrt/lib/yolov5/src/logging.h:28[m[K,
[2.058s]                  from [01m[K/home/hongbin/Desktop/cv_workspace/src/cv_tensorrt/src/../include/auto_aim/YOLO.hpp:9[m[K,
[2.058s]                  from [01m[K/home/hongbin/Desktop/cv_workspace/src/cv_tensorrt/src/YOLO.cpp:5[m[K:
[2.058s] [01m[K/usr/include/x86_64-linux-gnu/NvInferRuntime.h:1399:28:[m[K [01;36m[Knote: [m[Kdeclared here
[2.058s]  1399 |     TRT_DEPRECATED int32_t [01;36m[KgetNbBindings[m[K() const noexcept
[2.059s]       |                            [01;36m[K^~~~~~~~~~~~~[m[K
[2.059s] [01m[K/home/hongbin/Desktop/cv_workspace/src/cv_tensorrt/src/YOLO.cpp:59:68:[m[K [01;35m[Kwarning: [m[K‘[01m[Kint32_t nvinfer1::ICudaEngine::getBindingIndex(const char*) const[m[K’ is deprecated [[01;35m[K-Wdeprecated-declarations[m[K]
[2.059s]    59 |     const int inputIndex = engine->getBindingIndex(kInputTensorName[01;35m[K)[m[K;
[2.059s]       |                                                                    [01;35m[K^[m[K
[2.059s] In file included from [01m[K/usr/include/x86_64-linux-gnu/NvInfer.h:17[m[K,
[2.059s]                  from [01m[K/home/hongbin/Desktop/cv_workspace/src/cv_tensorrt/lib/yolov5/src/macros.h:4[m[K,
[2.059s]                  from [01m[K/home/hongbin/Desktop/cv_workspace/src/cv_tensorrt/lib/yolov5/src/logging.h:28[m[K,
[2.059s]                  from [01m[K/home/hongbin/Desktop/cv_workspace/src/cv_tensorrt/src/../include/auto_aim/YOLO.hpp:9[m[K,
[2.059s]                  from [01m[K/home/hongbin/Desktop/cv_workspace/src/cv_tensorrt/src/YOLO.cpp:5[m[K:
[2.059s] [01m[K/usr/include/x86_64-linux-gnu/NvInferRuntime.h:1427:28:[m[K [01;36m[Knote: [m[Kdeclared here
[2.060s]  1427 |     TRT_DEPRECATED int32_t [01;36m[KgetBindingIndex[m[K(char const* name) const noexcept
[2.060s]       |                            [01;36m[K^~~~~~~~~~~~~~~[m[K
[2.060s] [01m[K/home/hongbin/Desktop/cv_workspace/src/cv_tensorrt/src/YOLO.cpp:60:70:[m[K [01;35m[Kwarning: [m[K‘[01m[Kint32_t nvinfer1::ICudaEngine::getBindingIndex(const char*) const[m[K’ is deprecated [[01;35m[K-Wdeprecated-declarations[m[K]
[2.060s]    60 |     const int outputIndex = engine->getBindingIndex(kOutputTensorName[01;35m[K)[m[K;
[2.060s]       |                                                                      [01;35m[K^[m[K
[2.060s] In file included from [01m[K/usr/include/x86_64-linux-gnu/NvInfer.h:17[m[K,
[2.060s]                  from [01m[K/home/hongbin/Desktop/cv_workspace/src/cv_tensorrt/lib/yolov5/src/macros.h:4[m[K,
[2.061s]                  from [01m[K/home/hongbin/Desktop/cv_workspace/src/cv_tensorrt/lib/yolov5/src/logging.h:28[m[K,
[2.061s]                  from [01m[K/home/hongbin/Desktop/cv_workspace/src/cv_tensorrt/src/../include/auto_aim/YOLO.hpp:9[m[K,
[2.061s]                  from [01m[K/home/hongbin/Desktop/cv_workspace/src/cv_tensorrt/src/YOLO.cpp:5[m[K:
[2.061s] [01m[K/usr/include/x86_64-linux-gnu/NvInferRuntime.h:1427:28:[m[K [01;36m[Knote: [m[Kdeclared here
[2.061s]  1427 |     TRT_DEPRECATED int32_t [01;36m[KgetBindingIndex[m[K(char const* name) const noexcept
[2.061s]       |                            [01;36m[K^~~~~~~~~~~~~~~[m[K
[2.061s] [01m[K/home/hongbin/Desktop/cv_workspace/src/cv_tensorrt/src/YOLO.cpp:[m[K In member function ‘[01m[Kvoid YOLO::infer(nvinfer1::IExecutionContext&, CUstream_st*&, void**, float*, int)[m[K’:
[2.061s] [01m[K/home/hongbin/Desktop/cv_workspace/src/cv_tensorrt/src/YOLO.cpp:71:60:[m[K [01;35m[Kwarning: [m[K‘[01m[Kbool nvinfer1::IExecutionContext::enqueue(int32_t, void* const*, cudaStream_t, CUevent_st**)[m[K’ is deprecated [[01;35m[K-Wdeprecated-declarations[m[K]
[2.061s]    71 |     context.enqueue(batchsize, gpu_buffers, stream, nullptr[01;35m[K)[m[K;
[2.061s]       |                                                            [01;35m[K^[m[K
[2.061s] In file included from [01m[K/usr/include/x86_64-linux-gnu/NvInfer.h:17[m[K,
[2.062s]                  from [01m[K/home/hongbin/Desktop/cv_workspace/src/cv_tensorrt/lib/yolov5/src/macros.h:4[m[K,
[2.062s]                  from [01m[K/home/hongbin/Desktop/cv_workspace/src/cv_tensorrt/lib/yolov5/src/logging.h:28[m[K,
[2.062s]                  from [01m[K/home/hongbin/Desktop/cv_workspace/src/cv_tensorrt/src/../include/auto_aim/YOLO.hpp:9[m[K,
[2.062s]                  from [01m[K/home/hongbin/Desktop/cv_workspace/src/cv_tensorrt/src/YOLO.cpp:5[m[K:
[2.062s] [01m[K/usr/include/x86_64-linux-gnu/NvInferRuntime.h:2303:25:[m[K [01;36m[Knote: [m[Kdeclared here
[2.062s]  2303 |     TRT_DEPRECATED bool [01;36m[Kenqueue[m[K(
[2.062s]       |                         [01;36m[K^~~~~~~[m[K
[2.062s] [01m[K/home/hongbin/Desktop/cv_workspace/src/cv_tensorrt/src/YOLO.cpp:[m[K In member function ‘[01m[Kvoid YOLO::serialize_engine(unsigned int, bool&, float&, float&, std::string&, std::string&)[m[K’:
[2.062s] [01m[K/home/hongbin/Desktop/cv_workspace/src/cv_tensorrt/src/YOLO.cpp:103:21:[m[K [01;35m[Kwarning: [m[K‘[01m[Kvoid nvinfer1::ICudaEngine::destroy()[m[K’ is deprecated [[01;35m[K-Wdeprecated-declarations[m[K]
[2.062s]   103 |     engine->destroy([01;35m[K)[m[K;
[2.062s]       |                     [01;35m[K^[m[K
[2.063s] In file included from [01m[K/usr/include/x86_64-linux-gnu/NvInfer.h:17[m[K,
[2.063s]                  from [01m[K/home/hongbin/Desktop/cv_workspace/src/cv_tensorrt/lib/yolov5/src/macros.h:4[m[K,
[2.063s]                  from [01m[K/home/hongbin/Desktop/cv_workspace/src/cv_tensorrt/lib/yolov5/src/logging.h:28[m[K,
[2.063s]                  from [01m[K/home/hongbin/Desktop/cv_workspace/src/cv_tensorrt/src/../include/auto_aim/YOLO.hpp:9[m[K,
[2.063s]                  from [01m[K/home/hongbin/Desktop/cv_workspace/src/cv_tensorrt/src/YOLO.cpp:5[m[K:
[2.063s] [01m[K/usr/include/x86_64-linux-gnu/NvInferRuntime.h:1609:25:[m[K [01;36m[Knote: [m[Kdeclared here
[2.063s]  1609 |     TRT_DEPRECATED void [01;36m[Kdestroy[m[K() noexcept
[2.063s]       |                         [01;36m[K^~~~~~~[m[K
[2.063s] [01m[K/home/hongbin/Desktop/cv_workspace/src/cv_tensorrt/src/YOLO.cpp:104:22:[m[K [01;35m[Kwarning: [m[K‘[01m[Kvoid nvinfer1::IBuilder::destroy()[m[K’ is deprecated [[01;35m[K-Wdeprecated-declarations[m[K]
[2.063s]   104 |     builder->destroy([01;35m[K)[m[K;
[2.064s]       |                      [01;35m[K^[m[K
[2.064s] In file included from [01m[K/home/hongbin/Desktop/cv_workspace/src/cv_tensorrt/lib/yolov5/src/macros.h:4[m[K,
[2.064s]                  from [01m[K/home/hongbin/Desktop/cv_workspace/src/cv_tensorrt/lib/yolov5/src/logging.h:28[m[K,
[2.064s]                  from [01m[K/home/hongbin/Desktop/cv_workspace/src/cv_tensorrt/src/../include/auto_aim/YOLO.hpp:9[m[K,
[2.064s]                  from [01m[K/home/hongbin/Desktop/cv_workspace/src/cv_tensorrt/src/YOLO.cpp:5[m[K:
[2.064s] [01m[K/usr/include/x86_64-linux-gnu/NvInfer.h:9422:25:[m[K [01;36m[Knote: [m[Kdeclared here
[2.064s]  9422 |     TRT_DEPRECATED void [01;36m[Kdestroy[m[K() noexcept
[2.064s]       |                         [01;36m[K^~~~~~~[m[K
[2.064s] [01m[K/home/hongbin/Desktop/cv_workspace/src/cv_tensorrt/src/YOLO.cpp:105:21:[m[K [01;35m[Kwarning: [m[K‘[01m[Kvoid nvinfer1::IBuilderConfig::destroy()[m[K’ is deprecated [[01;35m[K-Wdeprecated-declarations[m[K]
[2.064s]   105 |     config->destroy([01;35m[K)[m[K;
[2.064s]       |                     [01;35m[K^[m[K
[2.065s] In file included from [01m[K/home/hongbin/Desktop/cv_workspace/src/cv_tensorrt/lib/yolov5/src/macros.h:4[m[K,
[2.065s]                  from [01m[K/home/hongbin/Desktop/cv_workspace/src/cv_tensorrt/lib/yolov5/src/logging.h:28[m[K,
[2.065s]                  from [01m[K/home/hongbin/Desktop/cv_workspace/src/cv_tensorrt/src/../include/auto_aim/YOLO.hpp:9[m[K,
[2.065s]                  from [01m[K/home/hongbin/Desktop/cv_workspace/src/cv_tensorrt/src/YOLO.cpp:5[m[K:
[2.065s] [01m[K/usr/include/x86_64-linux-gnu/NvInfer.h:8950:25:[m[K [01;36m[Knote: [m[Kdeclared here
[2.065s]  8950 |     TRT_DEPRECATED void [01;36m[Kdestroy[m[K() noexcept
[2.065s]       |                         [01;36m[K^~~~~~~[m[K
[2.065s] [01m[K/home/hongbin/Desktop/cv_workspace/src/cv_tensorrt/src/YOLO.cpp:106:32:[m[K [01;35m[Kwarning: [m[K‘[01m[Kvoid nvinfer1::IHostMemory::destroy()[m[K’ is deprecated [[01;35m[K-Wdeprecated-declarations[m[K]
[2.065s]   106 |     serialized_engine->destroy([01;35m[K)[m[K;
[2.065s]       |                                [01;35m[K^[m[K
[2.065s] In file included from [01m[K/usr/include/x86_64-linux-gnu/NvInfer.h:17[m[K,
[2.065s]                  from [01m[K/home/hongbin/Desktop/cv_workspace/src/cv_tensorrt/lib/yolov5/src/macros.h:4[m[K,
[2.066s]                  from [01m[K/home/hongbin/Desktop/cv_workspace/src/cv_tensorrt/lib/yolov5/src/logging.h:28[m[K,
[2.066s]                  from [01m[K/home/hongbin/Desktop/cv_workspace/src/cv_tensorrt/src/../include/auto_aim/YOLO.hpp:9[m[K,
[2.066s]                  from [01m[K/home/hongbin/Desktop/cv_workspace/src/cv_tensorrt/src/YOLO.cpp:5[m[K:
[2.066s] [01m[K/usr/include/x86_64-linux-gnu/NvInferRuntime.h:172:25:[m[K [01;36m[Knote: [m[Kdeclared here
[2.066s]   172 |     TRT_DEPRECATED void [01;36m[Kdestroy[m[K() noexcept
[2.066s]       |                         [01;36m[K^~~~~~~[m[K
[3.354s] [ 40%] [32m[1mLinking CXX executable cv_tensorrt[0m
[3.618s] [100%] Built target cv_tensorrt
[3.624s] Invoked command in '/home/hongbin/Desktop/cv_workspace/build/cv_tensorrt' returned '0': CMAKE_PREFIX_PATH=${CMAKE_PREFIX_PATH}:/opt/ros/foxy /usr/bin/cmake --build /home/hongbin/Desktop/cv_workspace/build/cv_tensorrt -- -j12 -l12
[3.647s] Invoking command in '/home/hongbin/Desktop/cv_workspace/build/cv_tensorrt': CMAKE_PREFIX_PATH=${CMAKE_PREFIX_PATH}:/opt/ros/foxy /usr/bin/cmake --install /home/hongbin/Desktop/cv_workspace/build/cv_tensorrt
[3.649s] -- Install configuration: "Debug"
[3.649s] -- Installing: /home/hongbin/Desktop/cv_workspace/install/cv_tensorrt/lib/cv_tensorrt/cv_tensorrt
[3.653s] -- Set runtime path of "/home/hongbin/Desktop/cv_workspace/install/cv_tensorrt/lib/cv_tensorrt/cv_tensorrt" to ""
[3.653s] -- Up-to-date: /home/hongbin/Desktop/cv_workspace/install/cv_tensorrt/share/cv_tensorrt//launch
[3.653s] -- Up-to-date: /home/hongbin/Desktop/cv_workspace/install/cv_tensorrt/share/cv_tensorrt//launch/cv_tensorrt_launch.py
[3.654s] -- Up-to-date: /home/hongbin/Desktop/cv_workspace/install/cv_tensorrt/share/cv_tensorrt//config
[3.654s] -- Up-to-date: /home/hongbin/Desktop/cv_workspace/install/cv_tensorrt/share/cv_tensorrt//config/yolov5_det
[3.654s] -- Up-to-date: /home/hongbin/Desktop/cv_workspace/install/cv_tensorrt/share/cv_tensorrt//config/yolov5s.wts
[3.654s] -- Up-to-date: /home/hongbin/Desktop/cv_workspace/install/cv_tensorrt/share/cv_tensorrt//config/autoAim.yaml
[3.654s] -- Up-to-date: /home/hongbin/Desktop/cv_workspace/install/cv_tensorrt/lib/my_plugin
[3.654s] -- Up-to-date: /home/hongbin/Desktop/cv_workspace/install/cv_tensorrt/lib/my_plugin/armor.engine
[3.654s] -- Up-to-date: /home/hongbin/Desktop/cv_workspace/install/cv_tensorrt/lib/my_plugin/yolov5s.engine
[3.654s] -- Up-to-date: /home/hongbin/Desktop/cv_workspace/install/cv_tensorrt/lib/my_plugin/libmyplugins.so
[3.654s] -- Up-to-date: /home/hongbin/Desktop/cv_workspace/install/cv_tensorrt/share/ament_index/resource_index/package_run_dependencies/cv_tensorrt
[3.654s] -- Up-to-date: /home/hongbin/Desktop/cv_workspace/install/cv_tensorrt/share/ament_index/resource_index/parent_prefix_path/cv_tensorrt
[3.654s] -- Up-to-date: /home/hongbin/Desktop/cv_workspace/install/cv_tensorrt/share/cv_tensorrt/environment/ament_prefix_path.sh
[3.654s] -- Up-to-date: /home/hongbin/Desktop/cv_workspace/install/cv_tensorrt/share/cv_tensorrt/environment/ament_prefix_path.dsv
[3.655s] -- Up-to-date: /home/hongbin/Desktop/cv_workspace/install/cv_tensorrt/share/cv_tensorrt/environment/path.sh
[3.656s] -- Up-to-date: /home/hongbin/Desktop/cv_workspace/install/cv_tensorrt/share/cv_tensorrt/environment/path.dsv
[3.656s] -- Up-to-date: /home/hongbin/Desktop/cv_workspace/install/cv_tensorrt/share/cv_tensorrt/local_setup.bash
[3.656s] -- Up-to-date: /home/hongbin/Desktop/cv_workspace/install/cv_tensorrt/share/cv_tensorrt/local_setup.sh
[3.656s] -- Up-to-date: /home/hongbin/Desktop/cv_workspace/install/cv_tensorrt/share/cv_tensorrt/local_setup.zsh
[3.657s] -- Up-to-date: /home/hongbin/Desktop/cv_workspace/install/cv_tensorrt/share/cv_tensorrt/local_setup.dsv
[3.657s] -- Installing: /home/hongbin/Desktop/cv_workspace/install/cv_tensorrt/share/cv_tensorrt/package.dsv
[3.657s] -- Up-to-date: /home/hongbin/Desktop/cv_workspace/install/cv_tensorrt/share/ament_index/resource_index/packages/cv_tensorrt
[3.657s] -- Up-to-date: /home/hongbin/Desktop/cv_workspace/install/cv_tensorrt/share/cv_tensorrt/cmake/ament_cmake_export_dependencies-extras.cmake
[3.657s] -- Up-to-date: /home/hongbin/Desktop/cv_workspace/install/cv_tensorrt/share/cv_tensorrt/cmake/cv_tensorrtConfig.cmake
[3.657s] -- Up-to-date: /home/hongbin/Desktop/cv_workspace/install/cv_tensorrt/share/cv_tensorrt/cmake/cv_tensorrtConfig-version.cmake
[3.658s] -- Up-to-date: /home/hongbin/Desktop/cv_workspace/install/cv_tensorrt/share/cv_tensorrt/package.xml
[3.658s] Invoked command in '/home/hongbin/Desktop/cv_workspace/build/cv_tensorrt' returned '0': CMAKE_PREFIX_PATH=${CMAKE_PREFIX_PATH}:/opt/ros/foxy /usr/bin/cmake --install /home/hongbin/Desktop/cv_workspace/build/cv_tensorrt
