[0.011s] Invoking command in '/home/hongbin/Desktop/cv_workspace/build/cv_tensorrt': CMAKE_PREFIX_PATH=/opt/ros/foxy /usr/bin/cmake --build /home/hongbin/Desktop/cv_workspace/build/cv_tensorrt -- -j12 -l12
[0.060s] [ 20%] Built target myplugins
[0.087s] [ 30%] [32mBuilding CXX object CMakeFiles/cv_tensorrt.dir/src/main.cpp.o[0m
[0.087s] [ 40%] [32mBuilding CXX object CMakeFiles/cv_tensorrt.dir/src/Camera.cpp.o[0m
[0.087s] [ 50%] [32mBuilding CXX object CMakeFiles/cv_tensorrt.dir/src/YOLO.cpp.o[0m
[0.092s] [01m[K/home/hongbin/Desktop/cv_workspace/src/cv_tensorrt/src/main.cpp:1:10:[m[K [01;31m[Kfatal error: [m[K../include/auto_aim/YOLO.h: No such file or directory
[0.092s]     1 | #include [01;31m[K"../include/auto_aim/YOLO.h"[m[K
[0.092s]       |          [01;31m[K^~~~~~~~~~~~~~~~~~~~~~~~~~~~[m[K
[0.093s] compilation terminated.
[0.093s] make[2]: *** [CMakeFiles/cv_tensorrt.dir/build.make:76: CMakeFiles/cv_tensorrt.dir/src/main.cpp.o] Error 1
[0.093s] make[2]: *** Waiting for unfinished jobs....
[1.898s] In file included from [01m[K/usr/include/c++/9/cassert:44[m[K,
[1.898s]                  from [01m[K/opt/ros/foxy/include/rclcpp/wait_result.hpp:18[m[K,
[1.898s]                  from [01m[K/opt/ros/foxy/include/rclcpp/wait_set_policies/sequential_synchronization.hpp:32[m[K,
[1.899s]                  from [01m[K/opt/ros/foxy/include/rclcpp/wait_set.hpp:26[m[K,
[1.899s]                  from [01m[K/opt/ros/foxy/include/rclcpp/rclcpp.hpp:157[m[K,
[1.899s]                  from [01m[K/home/hongbin/Desktop/cv_workspace/src/cv_tensorrt/src/../include/auto_aim/YOLO.hpp:29[m[K,
[1.899s]                  from [01m[K/home/hongbin/Desktop/cv_workspace/src/cv_tensorrt/src/YOLO.cpp:5[m[K:
[1.899s] [01m[K/home/hongbin/Desktop/cv_workspace/src/cv_tensorrt/src/YOLO.cpp:[m[K In member function ‘[01m[Kvoid YOLO::prepare_buffers(nvinfer1::ICudaEngine*, float**, float**, float**)[m[K’:
[1.899s] [01m[K/home/hongbin/Desktop/cv_workspace/src/cv_tensorrt/src/YOLO.cpp:52:34:[m[K [01;35m[Kwarning: [m[K‘[01m[Kint32_t nvinfer1::ICudaEngine::getNbBindings() const[m[K’ is deprecated [[01;35m[K-Wdeprecated-declarations[m[K]
[1.899s]    52 |     assert(engine->getNbBindings([01;35m[K)[m[K == 2);
[1.899s]       |                                  [01;35m[K^[m[K
[1.899s] In file included from [01m[K/usr/include/x86_64-linux-gnu/NvInfer.h:17[m[K,
[1.899s]                  from [01m[K/home/hongbin/Desktop/cv_workspace/src/cv_tensorrt/lib/yolov5/src/macros.h:4[m[K,
[1.899s]                  from [01m[K/home/hongbin/Desktop/cv_workspace/src/cv_tensorrt/lib/yolov5/src/logging.h:28[m[K,
[1.899s]                  from [01m[K/home/hongbin/Desktop/cv_workspace/src/cv_tensorrt/src/../include/auto_aim/YOLO.hpp:9[m[K,
[1.899s]                  from [01m[K/home/hongbin/Desktop/cv_workspace/src/cv_tensorrt/src/YOLO.cpp:5[m[K:
[1.899s] [01m[K/usr/include/x86_64-linux-gnu/NvInferRuntime.h:1399:28:[m[K [01;36m[Knote: [m[Kdeclared here
[1.899s]  1399 |     TRT_DEPRECATED int32_t [01;36m[KgetNbBindings[m[K() const noexcept
[1.899s]       |                            [01;36m[K^~~~~~~~~~~~~[m[K
[1.899s] [01m[K/home/hongbin/Desktop/cv_workspace/src/cv_tensorrt/src/YOLO.cpp:55:68:[m[K [01;35m[Kwarning: [m[K‘[01m[Kint32_t nvinfer1::ICudaEngine::getBindingIndex(const char*) const[m[K’ is deprecated [[01;35m[K-Wdeprecated-declarations[m[K]
[1.899s]    55 |     const int inputIndex = engine->getBindingIndex(kInputTensorName[01;35m[K)[m[K;
[1.899s]       |                                                                    [01;35m[K^[m[K
[1.899s] In file included from [01m[K/usr/include/x86_64-linux-gnu/NvInfer.h:17[m[K,
[1.899s]                  from [01m[K/home/hongbin/Desktop/cv_workspace/src/cv_tensorrt/lib/yolov5/src/macros.h:4[m[K,
[1.899s]                  from [01m[K/home/hongbin/Desktop/cv_workspace/src/cv_tensorrt/lib/yolov5/src/logging.h:28[m[K,
[1.900s]                  from [01m[K/home/hongbin/Desktop/cv_workspace/src/cv_tensorrt/src/../include/auto_aim/YOLO.hpp:9[m[K,
[1.900s]                  from [01m[K/home/hongbin/Desktop/cv_workspace/src/cv_tensorrt/src/YOLO.cpp:5[m[K:
[1.900s] [01m[K/usr/include/x86_64-linux-gnu/NvInferRuntime.h:1427:28:[m[K [01;36m[Knote: [m[Kdeclared here
[1.900s]  1427 |     TRT_DEPRECATED int32_t [01;36m[KgetBindingIndex[m[K(char const* name) const noexcept
[1.900s]       |                            [01;36m[K^~~~~~~~~~~~~~~[m[K
[1.900s] [01m[K/home/hongbin/Desktop/cv_workspace/src/cv_tensorrt/src/YOLO.cpp:56:70:[m[K [01;35m[Kwarning: [m[K‘[01m[Kint32_t nvinfer1::ICudaEngine::getBindingIndex(const char*) const[m[K’ is deprecated [[01;35m[K-Wdeprecated-declarations[m[K]
[1.900s]    56 |     const int outputIndex = engine->getBindingIndex(kOutputTensorName[01;35m[K)[m[K;
[1.900s]       |                                                                      [01;35m[K^[m[K
[1.900s] In file included from [01m[K/usr/include/x86_64-linux-gnu/NvInfer.h:17[m[K,
[1.900s]                  from [01m[K/home/hongbin/Desktop/cv_workspace/src/cv_tensorrt/lib/yolov5/src/macros.h:4[m[K,
[1.900s]                  from [01m[K/home/hongbin/Desktop/cv_workspace/src/cv_tensorrt/lib/yolov5/src/logging.h:28[m[K,
[1.900s]                  from [01m[K/home/hongbin/Desktop/cv_workspace/src/cv_tensorrt/src/../include/auto_aim/YOLO.hpp:9[m[K,
[1.900s]                  from [01m[K/home/hongbin/Desktop/cv_workspace/src/cv_tensorrt/src/YOLO.cpp:5[m[K:
[1.900s] [01m[K/usr/include/x86_64-linux-gnu/NvInferRuntime.h:1427:28:[m[K [01;36m[Knote: [m[Kdeclared here
[1.900s]  1427 |     TRT_DEPRECATED int32_t [01;36m[KgetBindingIndex[m[K(char const* name) const noexcept
[1.900s]       |                            [01;36m[K^~~~~~~~~~~~~~~[m[K
[1.900s] [01m[K/home/hongbin/Desktop/cv_workspace/src/cv_tensorrt/src/YOLO.cpp:[m[K In member function ‘[01m[Kvoid YOLO::infer(nvinfer1::IExecutionContext&, CUstream_st*&, void**, float*, int)[m[K’:
[1.901s] [01m[K/home/hongbin/Desktop/cv_workspace/src/cv_tensorrt/src/YOLO.cpp:67:60:[m[K [01;35m[Kwarning: [m[K‘[01m[Kbool nvinfer1::IExecutionContext::enqueue(int32_t, void* const*, cudaStream_t, CUevent_st**)[m[K’ is deprecated [[01;35m[K-Wdeprecated-declarations[m[K]
[1.901s]    67 |     context.enqueue(batchsize, gpu_buffers, stream, nullptr[01;35m[K)[m[K;
[1.901s]       |                                                            [01;35m[K^[m[K
[1.901s] In file included from [01m[K/usr/include/x86_64-linux-gnu/NvInfer.h:17[m[K,
[1.901s]                  from [01m[K/home/hongbin/Desktop/cv_workspace/src/cv_tensorrt/lib/yolov5/src/macros.h:4[m[K,
[1.901s]                  from [01m[K/home/hongbin/Desktop/cv_workspace/src/cv_tensorrt/lib/yolov5/src/logging.h:28[m[K,
[1.901s]                  from [01m[K/home/hongbin/Desktop/cv_workspace/src/cv_tensorrt/src/../include/auto_aim/YOLO.hpp:9[m[K,
[1.901s]                  from [01m[K/home/hongbin/Desktop/cv_workspace/src/cv_tensorrt/src/YOLO.cpp:5[m[K:
[1.901s] [01m[K/usr/include/x86_64-linux-gnu/NvInferRuntime.h:2303:25:[m[K [01;36m[Knote: [m[Kdeclared here
[1.901s]  2303 |     TRT_DEPRECATED bool [01;36m[Kenqueue[m[K(
[1.901s]       |                         [01;36m[K^~~~~~~[m[K
[1.901s] [01m[K/home/hongbin/Desktop/cv_workspace/src/cv_tensorrt/src/YOLO.cpp:[m[K In member function ‘[01m[Kvoid YOLO::serialize_engine(unsigned int, bool&, float&, float&, std::string&, std::string&)[m[K’:
[1.901s] [01m[K/home/hongbin/Desktop/cv_workspace/src/cv_tensorrt/src/YOLO.cpp:99:21:[m[K [01;35m[Kwarning: [m[K‘[01m[Kvoid nvinfer1::ICudaEngine::destroy()[m[K’ is deprecated [[01;35m[K-Wdeprecated-declarations[m[K]
[1.901s]    99 |     engine->destroy([01;35m[K)[m[K;
[1.901s]       |                     [01;35m[K^[m[K
[1.901s] In file included from [01m[K/usr/include/x86_64-linux-gnu/NvInfer.h:17[m[K,
[1.901s]                  from [01m[K/home/hongbin/Desktop/cv_workspace/src/cv_tensorrt/lib/yolov5/src/macros.h:4[m[K,
[1.901s]                  from [01m[K/home/hongbin/Desktop/cv_workspace/src/cv_tensorrt/lib/yolov5/src/logging.h:28[m[K,
[1.901s]                  from [01m[K/home/hongbin/Desktop/cv_workspace/src/cv_tensorrt/src/../include/auto_aim/YOLO.hpp:9[m[K,
[1.902s]                  from [01m[K/home/hongbin/Desktop/cv_workspace/src/cv_tensorrt/src/YOLO.cpp:5[m[K:
[1.902s] [01m[K/usr/include/x86_64-linux-gnu/NvInferRuntime.h:1609:25:[m[K [01;36m[Knote: [m[Kdeclared here
[1.902s]  1609 |     TRT_DEPRECATED void [01;36m[Kdestroy[m[K() noexcept
[1.902s]       |                         [01;36m[K^~~~~~~[m[K
[1.902s] [01m[K/home/hongbin/Desktop/cv_workspace/src/cv_tensorrt/src/YOLO.cpp:100:22:[m[K [01;35m[Kwarning: [m[K‘[01m[Kvoid nvinfer1::IBuilder::destroy()[m[K’ is deprecated [[01;35m[K-Wdeprecated-declarations[m[K]
[1.902s]   100 |     builder->destroy([01;35m[K)[m[K;
[1.902s]       |                      [01;35m[K^[m[K
[1.902s] In file included from [01m[K/home/hongbin/Desktop/cv_workspace/src/cv_tensorrt/lib/yolov5/src/macros.h:4[m[K,
[1.902s]                  from [01m[K/home/hongbin/Desktop/cv_workspace/src/cv_tensorrt/lib/yolov5/src/logging.h:28[m[K,
[1.902s]                  from [01m[K/home/hongbin/Desktop/cv_workspace/src/cv_tensorrt/src/../include/auto_aim/YOLO.hpp:9[m[K,
[1.902s]                  from [01m[K/home/hongbin/Desktop/cv_workspace/src/cv_tensorrt/src/YOLO.cpp:5[m[K:
[1.902s] [01m[K/usr/include/x86_64-linux-gnu/NvInfer.h:9422:25:[m[K [01;36m[Knote: [m[Kdeclared here
[1.902s]  9422 |     TRT_DEPRECATED void [01;36m[Kdestroy[m[K() noexcept
[1.902s]       |                         [01;36m[K^~~~~~~[m[K
[1.902s] [01m[K/home/hongbin/Desktop/cv_workspace/src/cv_tensorrt/src/YOLO.cpp:101:21:[m[K [01;35m[Kwarning: [m[K‘[01m[Kvoid nvinfer1::IBuilderConfig::destroy()[m[K’ is deprecated [[01;35m[K-Wdeprecated-declarations[m[K]
[1.902s]   101 |     config->destroy([01;35m[K)[m[K;
[1.902s]       |                     [01;35m[K^[m[K
[1.902s] In file included from [01m[K/home/hongbin/Desktop/cv_workspace/src/cv_tensorrt/lib/yolov5/src/macros.h:4[m[K,
[1.902s]                  from [01m[K/home/hongbin/Desktop/cv_workspace/src/cv_tensorrt/lib/yolov5/src/logging.h:28[m[K,
[1.902s]                  from [01m[K/home/hongbin/Desktop/cv_workspace/src/cv_tensorrt/src/../include/auto_aim/YOLO.hpp:9[m[K,
[1.903s]                  from [01m[K/home/hongbin/Desktop/cv_workspace/src/cv_tensorrt/src/YOLO.cpp:5[m[K:
[1.903s] [01m[K/usr/include/x86_64-linux-gnu/NvInfer.h:8950:25:[m[K [01;36m[Knote: [m[Kdeclared here
[1.903s]  8950 |     TRT_DEPRECATED void [01;36m[Kdestroy[m[K() noexcept
[1.903s]       |                         [01;36m[K^~~~~~~[m[K
[1.903s] [01m[K/home/hongbin/Desktop/cv_workspace/src/cv_tensorrt/src/YOLO.cpp:102:32:[m[K [01;35m[Kwarning: [m[K‘[01m[Kvoid nvinfer1::IHostMemory::destroy()[m[K’ is deprecated [[01;35m[K-Wdeprecated-declarations[m[K]
[1.903s]   102 |     serialized_engine->destroy([01;35m[K)[m[K;
[1.903s]       |                                [01;35m[K^[m[K
[1.903s] In file included from [01m[K/usr/include/x86_64-linux-gnu/NvInfer.h:17[m[K,
[1.903s]                  from [01m[K/home/hongbin/Desktop/cv_workspace/src/cv_tensorrt/lib/yolov5/src/macros.h:4[m[K,
[1.903s]                  from [01m[K/home/hongbin/Desktop/cv_workspace/src/cv_tensorrt/lib/yolov5/src/logging.h:28[m[K,
[1.903s]                  from [01m[K/home/hongbin/Desktop/cv_workspace/src/cv_tensorrt/src/../include/auto_aim/YOLO.hpp:9[m[K,
[1.903s]                  from [01m[K/home/hongbin/Desktop/cv_workspace/src/cv_tensorrt/src/YOLO.cpp:5[m[K:
[1.903s] [01m[K/usr/include/x86_64-linux-gnu/NvInferRuntime.h:172:25:[m[K [01;36m[Knote: [m[Kdeclared here
[1.903s]   172 |     TRT_DEPRECATED void [01;36m[Kdestroy[m[K() noexcept
[1.903s]       |                         [01;36m[K^~~~~~~[m[K
[3.192s] make[1]: *** [CMakeFiles/Makefile2:165: CMakeFiles/cv_tensorrt.dir/all] Error 2
[3.192s] make: *** [Makefile:146: all] Error 2
[3.194s] Invoked command in '/home/hongbin/Desktop/cv_workspace/build/cv_tensorrt' returned '2': CMAKE_PREFIX_PATH=/opt/ros/foxy /usr/bin/cmake --build /home/hongbin/Desktop/cv_workspace/build/cv_tensorrt -- -j12 -l12
