[0.010s] Invoking command in '/home/hongbin/Desktop/cv_workspace/build/cv_tensorrt': CMAKE_PREFIX_PATH=/opt/ros/foxy /usr/bin/cmake --build /home/hongbin/Desktop/cv_workspace/build/cv_tensorrt -- -j12 -l12
[0.026s] [ 20%] Built target myplugins
[0.045s] [ 30%] [32mBuilding CXX object CMakeFiles/cv_tensorrt.dir/src/main.cpp.o[0m
[1.791s] [01m[K/home/hongbin/Desktop/cv_workspace/src/cv_tensorrt/src/main.cpp:[m[K In function ‘[01m[Kint main(int, char**)[m[K’:
[1.791s] [01m[K/home/hongbin/Desktop/cv_workspace/src/cv_tensorrt/src/main.cpp:35:5:[m[K [01;31m[Kerror: [m[K‘[01m[Kdetector[m[K’ was not declared in this scope; did you mean ‘[01m[KDetection[m[K’?
[1.791s]    35 |     [01;31m[Kdetector[m[K.deserialize_engine(engine_name, &runtime, &engine, &context);
[1.791s]       |     [01;31m[K^~~~~~~~[m[K
[1.791s]       |     [32m[KDetection[m[K
[1.794s] [01m[K/home/hongbin/Desktop/cv_workspace/src/cv_tensorrt/src/main.cpp:76:9:[m[K [01;31m[Kerror: [m[K‘[01m[Kcap[m[K’ was not declared in this scope
[1.794s]    76 |         [01;31m[Kcap[m[K >> img;
[1.794s]       |         [01;31m[K^~~[m[K
[1.801s] [01m[K/home/hongbin/Desktop/cv_workspace/src/cv_tensorrt/src/main.cpp:158:22:[m[K [01;35m[Kwarning: [m[K‘[01m[Kvoid nvinfer1::IExecutionContext::destroy()[m[K’ is deprecated [[01;35m[K-Wdeprecated-declarations[m[K]
[1.801s]   158 |     context->destroy([01;35m[K)[m[K;
[1.801s]       |                      [01;35m[K^[m[K
[1.802s] In file included from [01m[K/usr/include/x86_64-linux-gnu/NvInfer.h:17[m[K,
[1.802s]                  from [01m[K/home/hongbin/Desktop/cv_workspace/src/cv_tensorrt/lib/yolov5/src/macros.h:4[m[K,
[1.802s]                  from [01m[K/home/hongbin/Desktop/cv_workspace/src/cv_tensorrt/lib/yolov5/src/logging.h:28[m[K,
[1.802s]                  from [01m[K/home/hongbin/Desktop/cv_workspace/src/cv_tensorrt/src/../include/auto_aim/YOLO.hpp:9[m[K,
[1.802s]                  from [01m[K/home/hongbin/Desktop/cv_workspace/src/cv_tensorrt/src/main.cpp:1[m[K:
[1.802s] [01m[K/usr/include/x86_64-linux-gnu/NvInferRuntime.h:2369:25:[m[K [01;36m[Knote: [m[Kdeclared here
[1.802s]  2369 |     TRT_DEPRECATED void [01;36m[Kdestroy[m[K() noexcept
[1.802s]       |                         [01;36m[K^~~~~~~[m[K
[1.802s] [01m[K/home/hongbin/Desktop/cv_workspace/src/cv_tensorrt/src/main.cpp:159:21:[m[K [01;35m[Kwarning: [m[K‘[01m[Kvoid nvinfer1::ICudaEngine::destroy()[m[K’ is deprecated [[01;35m[K-Wdeprecated-declarations[m[K]
[1.802s]   159 |     engine->destroy([01;35m[K)[m[K;
[1.802s]       |                     [01;35m[K^[m[K
[1.803s] In file included from [01m[K/usr/include/x86_64-linux-gnu/NvInfer.h:17[m[K,
[1.803s]                  from [01m[K/home/hongbin/Desktop/cv_workspace/src/cv_tensorrt/lib/yolov5/src/macros.h:4[m[K,
[1.803s]                  from [01m[K/home/hongbin/Desktop/cv_workspace/src/cv_tensorrt/lib/yolov5/src/logging.h:28[m[K,
[1.803s]                  from [01m[K/home/hongbin/Desktop/cv_workspace/src/cv_tensorrt/src/../include/auto_aim/YOLO.hpp:9[m[K,
[1.803s]                  from [01m[K/home/hongbin/Desktop/cv_workspace/src/cv_tensorrt/src/main.cpp:1[m[K:
[1.803s] [01m[K/usr/include/x86_64-linux-gnu/NvInferRuntime.h:1609:25:[m[K [01;36m[Knote: [m[Kdeclared here
[1.803s]  1609 |     TRT_DEPRECATED void [01;36m[Kdestroy[m[K() noexcept
[1.803s]       |                         [01;36m[K^~~~~~~[m[K
[1.803s] [01m[K/home/hongbin/Desktop/cv_workspace/src/cv_tensorrt/src/main.cpp:160:22:[m[K [01;35m[Kwarning: [m[K‘[01m[Kvoid nvinfer1::IRuntime::destroy()[m[K’ is deprecated [[01;35m[K-Wdeprecated-declarations[m[K]
[1.803s]   160 |     runtime->destroy([01;35m[K)[m[K;
[1.803s]       |                      [01;35m[K^[m[K
[1.803s] In file included from [01m[K/usr/include/x86_64-linux-gnu/NvInfer.h:17[m[K,
[1.803s]                  from [01m[K/home/hongbin/Desktop/cv_workspace/src/cv_tensorrt/lib/yolov5/src/macros.h:4[m[K,
[1.803s]                  from [01m[K/home/hongbin/Desktop/cv_workspace/src/cv_tensorrt/lib/yolov5/src/logging.h:28[m[K,
[1.803s]                  from [01m[K/home/hongbin/Desktop/cv_workspace/src/cv_tensorrt/src/../include/auto_aim/YOLO.hpp:9[m[K,
[1.803s]                  from [01m[K/home/hongbin/Desktop/cv_workspace/src/cv_tensorrt/src/main.cpp:1[m[K:
[1.803s] [01m[K/usr/include/x86_64-linux-gnu/NvInferRuntime.h:682:25:[m[K [01;36m[Knote: [m[Kdeclared here
[1.803s]   682 |     TRT_DEPRECATED void [01;36m[Kdestroy[m[K() noexcept
[1.803s]       |                         [01;36m[K^~~~~~~[m[K
[1.803s] [01m[K/home/hongbin/Desktop/cv_workspace/src/cv_tensorrt/src/main.cpp:164:1:[m[K [01;31m[Kerror: [m[Kexpected ‘[01m[K}[m[K’ at end of input
[1.803s]   164 | [01;31m[K}[m[K
[1.803s]       | [01;31m[K^[m[K
[1.803s] [01m[K/home/hongbin/Desktop/cv_workspace/src/cv_tensorrt/src/main.cpp:96:56:[m[K [01;36m[Knote: [m[Kto match this ‘[01m[K{[m[K’
[1.803s]    96 |         for (size_t i = 0; i < res_batch.size(); i++)  [01;36m[K{[m[K
[1.804s]       |                                                        [01;36m[K^[m[K
[1.804s] [01m[K/home/hongbin/Desktop/cv_workspace/src/cv_tensorrt/src/main.cpp:164:1:[m[K [01;31m[Kerror: [m[Kexpected ‘[01m[K}[m[K’ at end of input
[1.804s]   164 | [01;31m[K}[m[K
[1.804s]       | [01;31m[K^[m[K
[1.804s] [01m[K/home/hongbin/Desktop/cv_workspace/src/cv_tensorrt/src/main.cpp:67:24:[m[K [01;36m[Knote: [m[Kto match this ‘[01m[K{[m[K’
[1.804s]    67 |     while (while_flag) [01;36m[K{[m[K
[1.804s]       |                        [01;36m[K^[m[K
[1.804s] [01m[K/home/hongbin/Desktop/cv_workspace/src/cv_tensorrt/src/main.cpp:164:1:[m[K [01;31m[Kerror: [m[Kexpected ‘[01m[K}[m[K’ at end of input
[1.804s]   164 | [01;31m[K}[m[K
[1.804s]       | [01;31m[K^[m[K
[1.804s] [01m[K/home/hongbin/Desktop/cv_workspace/src/cv_tensorrt/src/main.cpp:19:33:[m[K [01;36m[Knote: [m[Kto match this ‘[01m[K{[m[K’
[1.804s]    19 | int main(int argc, char** argv) [01;36m[K{[m[K
[1.804s]       |                                 [01;36m[K^[m[K
[2.703s] make[2]: *** [CMakeFiles/cv_tensorrt.dir/build.make:76: CMakeFiles/cv_tensorrt.dir/src/main.cpp.o] Error 1
[2.703s] make[1]: *** [CMakeFiles/Makefile2:165: CMakeFiles/cv_tensorrt.dir/all] Error 2
[2.704s] make: *** [Makefile:146: all] Error 2
[2.705s] Invoked command in '/home/hongbin/Desktop/cv_workspace/build/cv_tensorrt' returned '2': CMAKE_PREFIX_PATH=/opt/ros/foxy /usr/bin/cmake --build /home/hongbin/Desktop/cv_workspace/build/cv_tensorrt -- -j12 -l12
