[ 10%] [32mBuilding CUDA object CMakeFiles/myplugins.dir/lib/yolov5/plugin/yololayer.cu.o[0m
[01m[0m[01m/home/hongbin/Desktop/cv_workspace/src/cv_tensorrt/lib/yolov5/plugin/yololayer.h(57)[0m: [01;35mwarning[0m #997-D: function [01m"nvinfer1::IPluginV2Ext::configurePlugin(const nvinfer1::Dims *, int32_t, const nvinfer1::Dims *, int32_t, const nvinfer1::DataType *, const nvinfer1::DataType *, const __nv_bool *, const __nv_bool *, nvinfer1::PluginFormat, int32_t)"[0m is hidden by [01m"nvinfer1::YoloLayerPlugin::configurePlugin"[0m -- virtual function override intended?

[01m[0m[01m/home/hongbin/Desktop/cv_workspace/src/cv_tensorrt/lib/yolov5/plugin/yololayer.h(57)[0m: [01;35mwarning[0m #997-D: function [01m"nvinfer1::IPluginV2Ext::configurePlugin(const nvinfer1::Dims *, int32_t, const nvinfer1::Dims *, int32_t, const nvinfer1::DataType *, const nvinfer1::DataType *, const bool *, const bool *, nvinfer1::PluginFormat, int32_t)"[0m is hidden by [01m"nvinfer1::YoloLayerPlugin::configurePlugin"[0m -- virtual function override intended?

[ 20%] [32m[1mLinking CUDA shared library libmyplugins.so[0m
[ 20%] Built target myplugins
[ 40%] [32mBuilding CXX object CMakeFiles/cv_tensorrt.dir/src/YOLO.cpp.o[0m
[ 50%] [32mBuilding CXX object CMakeFiles/cv_tensorrt.dir/src/Camera.cpp.o[0m
[ 40%] [32mBuilding CXX object CMakeFiles/cv_tensorrt.dir/src/main.cpp.o[0m
[ 60%] [32mBuilding CXX object CMakeFiles/cv_tensorrt.dir/lib/yolov5/src/calibrator.cpp.o[0m
[ 80%] [32mBuilding CXX object CMakeFiles/cv_tensorrt.dir/lib/yolov5/src/model.cpp.o[0m
[ 80%] [32mBuilding CUDA object CMakeFiles/cv_tensorrt.dir/lib/yolov5/src/preprocess.cu.o[0m
[ 90%] [32mBuilding CXX object CMakeFiles/cv_tensorrt.dir/lib/yolov5/src/postprocess.cpp.o[0m
[01m[K/home/hongbin/Desktop/cv_workspace/src/cv_tensorrt/lib/yolov5/src/model.cpp:[m[K In function ‘[01m[Knvinfer1::IPluginV2Layer* addYoLoLayer(nvinfer1::INetworkDefinition*, std::map<std::__cxx11::basic_string<char>, nvinfer1::Weights>&, std::string, std::vector<nvinfer1::IConvolutionLayer*>, bool)[m[K’:
[01m[K/home/hongbin/Desktop/cv_workspace/src/cv_tensorrt/lib/yolov5/src/model.cpp:277:14:[m[K [01;35m[Kwarning: [m[K‘[01m[KIPluginV2[m[K’ is deprecated [[01;35m[K-Wdeprecated-declarations[m[K]
  277 |   IPluginV2 *[01;35m[Kplugin_obj[m[K = creator->createPlugin("yololayer", &plugin_data);
      |              [01;35m[K^~~~~~~~~~[m[K
In file included from [01m[K/usr/include/x86_64-linux-gnu/NvInferLegacyDims.h:16[m[K,
                 from [01m[K/usr/include/x86_64-linux-gnu/NvInfer.h:16[m[K,
                 from [01m[K/home/hongbin/Desktop/cv_workspace/src/cv_tensorrt/lib/yolov5/src/model.h:3[m[K,
                 from [01m[K/home/hongbin/Desktop/cv_workspace/src/cv_tensorrt/lib/yolov5/src/model.cpp:1[m[K:
[01m[K/usr/include/x86_64-linux-gnu/NvInferRuntimeCommon.h:393:22:[m[K [01;36m[Knote: [m[Kdeclared here
  393 | class TRT_DEPRECATED [01;36m[KIPluginV2[m[K
      |                      [01;36m[K^~~~~~~~~[m[K
[01m[K/home/hongbin/Desktop/cv_workspace/src/cv_tensorrt/lib/yolov5/src/model.cpp:[m[K In function ‘[01m[Knvinfer1::ICudaEngine* build_det_engine(unsigned int, nvinfer1::IBuilder*, nvinfer1::IBuilderConfig*, nvinfer1::DataType, float&, float&, std::string&)[m[K’:
[01m[K/home/hongbin/Desktop/cv_workspace/src/cv_tensorrt/lib/yolov5/src/model.cpp:348:40:[m[K [01;35m[Kwarning: [m[K‘[01m[Kvoid nvinfer1::IBuilder::setMaxBatchSize(int32_t)[m[K’ is deprecated [[01;35m[K-Wdeprecated-declarations[m[K]
  348 |   builder->setMaxBatchSize(maxBatchSize[01;35m[K)[m[K;
      |                                        [01;35m[K^[m[K
In file included from [01m[K/home/hongbin/Desktop/cv_workspace/src/cv_tensorrt/lib/yolov5/src/model.h:3[m[K,
                 from [01m[K/home/hongbin/Desktop/cv_workspace/src/cv_tensorrt/lib/yolov5/src/model.cpp:1[m[K:
[01m[K/usr/include/x86_64-linux-gnu/NvInfer.h:9379:25:[m[K [01;36m[Knote: [m[Kdeclared here
 9379 |     TRT_DEPRECATED void [01;36m[KsetMaxBatchSize[m[K(int32_t batchSize) noexcept
      |                         [01;36m[K^~~~~~~~~~~~~~~[m[K
[01m[K/home/hongbin/Desktop/cv_workspace/src/cv_tensorrt/lib/yolov5/src/model.cpp:349:45:[m[K [01;35m[Kwarning: [m[K‘[01m[Kvoid nvinfer1::IBuilderConfig::setMaxWorkspaceSize(std::size_t)[m[K’ is deprecated [[01;35m[K-Wdeprecated-declarations[m[K]
  349 |   config->setMaxWorkspaceSize(16 * (1 << 20)[01;35m[K)[m[K;  // 16MB
      |                                             [01;35m[K^[m[K
In file included from [01m[K/home/hongbin/Desktop/cv_workspace/src/cv_tensorrt/lib/yolov5/src/model.h:3[m[K,
                 from [01m[K/home/hongbin/Desktop/cv_workspace/src/cv_tensorrt/lib/yolov5/src/model.cpp:1[m[K:
[01m[K/usr/include/x86_64-linux-gnu/NvInfer.h:8747:25:[m[K [01;36m[Knote: [m[Kdeclared here
 8747 |     TRT_DEPRECATED void [01;36m[KsetMaxWorkspaceSize[m[K(std::size_t workspaceSize) noexcept
      |                         [01;36m[K^~~~~~~~~~~~~~~~~~~[m[K
[01m[K/home/hongbin/Desktop/cv_workspace/src/cv_tensorrt/lib/yolov5/src/model.cpp:361:73:[m[K [01;35m[Kwarning: [m[K‘[01m[Knvinfer1::ICudaEngine* nvinfer1::IBuilder::buildEngineWithConfig(nvinfer1::INetworkDefinition&, nvinfer1::IBuilderConfig&)[m[K’ is deprecated [[01;35m[K-Wdeprecated-declarations[m[K]
  361 |   ICudaEngine* engine = builder->buildEngineWithConfig(*network, *config[01;35m[K)[m[K;
      |                                                                         [01;35m[K^[m[K
In file included from [01m[K/home/hongbin/Desktop/cv_workspace/src/cv_tensorrt/lib/yolov5/src/model.h:3[m[K,
                 from [01m[K/home/hongbin/Desktop/cv_workspace/src/cv_tensorrt/lib/yolov5/src/model.cpp:1[m[K:
[01m[K/usr/include/x86_64-linux-gnu/NvInfer.h:9483:43:[m[K [01;36m[Knote: [m[Kdeclared here
 9483 |     TRT_DEPRECATED nvinfer1::ICudaEngine* [01;36m[KbuildEngineWithConfig[m[K(
      |                                           [01;36m[K^~~~~~~~~~~~~~~~~~~~~[m[K
[01m[K/home/hongbin/Desktop/cv_workspace/src/cv_tensorrt/lib/yolov5/src/model.cpp:365:20:[m[K [01;35m[Kwarning: [m[K‘[01m[Kvoid nvinfer1::INetworkDefinition::destroy()[m[K’ is deprecated [[01;35m[K-Wdeprecated-declarations[m[K]
  365 |   network->destroy([01;35m[K)[m[K;
      |                    [01;35m[K^[m[K
In file included from [01m[K/home/hongbin/Desktop/cv_workspace/src/cv_tensorrt/lib/yolov5/src/model.h:3[m[K,
                 from [01m[K/home/hongbin/Desktop/cv_workspace/src/cv_tensorrt/lib/yolov5/src/model.cpp:1[m[K:
[01m[K/usr/include/x86_64-linux-gnu/NvInfer.h:7015:25:[m[K [01;36m[Knote: [m[Kdeclared here
 7015 |     TRT_DEPRECATED void [01;36m[Kdestroy[m[K() noexcept
      |                         [01;36m[K^~~~~~~[m[K
[01m[K/home/hongbin/Desktop/cv_workspace/src/cv_tensorrt/lib/yolov5/src/model.cpp:[m[K In function ‘[01m[Knvinfer1::ICudaEngine* build_det_p6_engine(unsigned int, nvinfer1::IBuilder*, nvinfer1::IBuilderConfig*, nvinfer1::DataType, float&, float&, std::string&)[m[K’:
[01m[K/home/hongbin/Desktop/cv_workspace/src/cv_tensorrt/lib/yolov5/src/model.cpp:452:40:[m[K [01;35m[Kwarning: [m[K‘[01m[Kvoid nvinfer1::IBuilder::setMaxBatchSize(int32_t)[m[K’ is deprecated [[01;35m[K-Wdeprecated-declarations[m[K]
  452 |   builder->setMaxBatchSize(maxBatchSize[01;35m[K)[m[K;
      |                                        [01;35m[K^[m[K
In file included from [01m[K/home/hongbin/Desktop/cv_workspace/src/cv_tensorrt/lib/yolov5/src/model.h:3[m[K,
                 from [01m[K/home/hongbin/Desktop/cv_workspace/src/cv_tensorrt/lib/yolov5/src/model.cpp:1[m[K:
[01m[K/usr/include/x86_64-linux-gnu/NvInfer.h:9379:25:[m[K [01;36m[Knote: [m[Kdeclared here
 9379 |     TRT_DEPRECATED void [01;36m[KsetMaxBatchSize[m[K(int32_t batchSize) noexcept
      |                         [01;36m[K^~~~~~~~~~~~~~~[m[K
[01m[K/home/hongbin/Desktop/cv_workspace/src/cv_tensorrt/lib/yolov5/src/model.cpp:453:45:[m[K [01;35m[Kwarning: [m[K‘[01m[Kvoid nvinfer1::IBuilderConfig::setMaxWorkspaceSize(std::size_t)[m[K’ is deprecated [[01;35m[K-Wdeprecated-declarations[m[K]
  453 |   config->setMaxWorkspaceSize(16 * (1 << 20)[01;35m[K)[m[K;  // 16MB
      |                                             [01;35m[K^[m[K
In file included from [01m[K/home/hongbin/Desktop/cv_workspace/src/cv_tensorrt/lib/yolov5/src/model.h:3[m[K,
                 from [01m[K/home/hongbin/Desktop/cv_workspace/src/cv_tensorrt/lib/yolov5/src/model.cpp:1[m[K:
[01m[K/usr/include/x86_64-linux-gnu/NvInfer.h:8747:25:[m[K [01;36m[Knote: [m[Kdeclared here
 8747 |     TRT_DEPRECATED void [01;36m[KsetMaxWorkspaceSize[m[K(std::size_t workspaceSize) noexcept
      |                         [01;36m[K^~~~~~~~~~~~~~~~~~~[m[K
[01m[K/home/hongbin/Desktop/cv_workspace/src/cv_tensorrt/lib/yolov5/src/model.cpp:465:73:[m[K [01;35m[Kwarning: [m[K‘[01m[Knvinfer1::ICudaEngine* nvinfer1::IBuilder::buildEngineWithConfig(nvinfer1::INetworkDefinition&, nvinfer1::IBuilderConfig&)[m[K’ is deprecated [[01;35m[K-Wdeprecated-declarations[m[K]
  465 |   ICudaEngine* engine = builder->buildEngineWithConfig(*network, *config[01;35m[K)[m[K;
      |                                                                         [01;35m[K^[m[K
In file included from [01m[K/home/hongbin/Desktop/cv_workspace/src/cv_tensorrt/lib/yolov5/src/model.h:3[m[K,
                 from [01m[K/home/hongbin/Desktop/cv_workspace/src/cv_tensorrt/lib/yolov5/src/model.cpp:1[m[K:
[01m[K/usr/include/x86_64-linux-gnu/NvInfer.h:9483:43:[m[K [01;36m[Knote: [m[Kdeclared here
 9483 |     TRT_DEPRECATED nvinfer1::ICudaEngine* [01;36m[KbuildEngineWithConfig[m[K(
      |                                           [01;36m[K^~~~~~~~~~~~~~~~~~~~~[m[K
[01m[K/home/hongbin/Desktop/cv_workspace/src/cv_tensorrt/lib/yolov5/src/model.cpp:469:20:[m[K [01;35m[Kwarning: [m[K‘[01m[Kvoid nvinfer1::INetworkDefinition::destroy()[m[K’ is deprecated [[01;35m[K-Wdeprecated-declarations[m[K]
  469 |   network->destroy([01;35m[K)[m[K;
      |                    [01;35m[K^[m[K
In file included from [01m[K/home/hongbin/Desktop/cv_workspace/src/cv_tensorrt/lib/yolov5/src/model.h:3[m[K,
                 from [01m[K/home/hongbin/Desktop/cv_workspace/src/cv_tensorrt/lib/yolov5/src/model.cpp:1[m[K:
[01m[K/usr/include/x86_64-linux-gnu/NvInfer.h:7015:25:[m[K [01;36m[Knote: [m[Kdeclared here
 7015 |     TRT_DEPRECATED void [01;36m[Kdestroy[m[K() noexcept
      |                         [01;36m[K^~~~~~~[m[K
[01m[K/home/hongbin/Desktop/cv_workspace/src/cv_tensorrt/lib/yolov5/src/model.cpp:[m[K In function ‘[01m[Knvinfer1::ICudaEngine* build_cls_engine(unsigned int, nvinfer1::IBuilder*, nvinfer1::IBuilderConfig*, nvinfer1::DataType, float&, float&, std::string&)[m[K’:
[01m[K/home/hongbin/Desktop/cv_workspace/src/cv_tensorrt/lib/yolov5/src/model.cpp:503:25:[m[K [01;35m[Kwarning: [m[K‘[01m[KIFullyConnectedLayer[m[K’ is deprecated [[01;35m[K-Wdeprecated-declarations[m[K]
  503 |   IFullyConnectedLayer* [01;35m[Kyolo[m[K = network->addFullyConnected(*pool2->getOutput(0), kClsNumClass, weightMap["model.9.linear.weight"], weightMap["model.9.linear.bias"]);
      |                         [01;35m[K^~~~[m[K
In file included from [01m[K/home/hongbin/Desktop/cv_workspace/src/cv_tensorrt/lib/yolov5/src/model.h:3[m[K,
                 from [01m[K/home/hongbin/Desktop/cv_workspace/src/cv_tensorrt/lib/yolov5/src/model.cpp:1[m[K:
[01m[K/usr/include/x86_64-linux-gnu/NvInfer.h:1484:22:[m[K [01;36m[Knote: [m[Kdeclared here
 1484 | class TRT_DEPRECATED [01;36m[KIFullyConnectedLayer[m[K : public ILayer
      |                      [01;36m[K^~~~~~~~~~~~~~~~~~~~[m[K
[01m[K/home/hongbin/Desktop/cv_workspace/src/cv_tensorrt/lib/yolov5/src/model.cpp:503:163:[m[K [01;35m[Kwarning: [m[K‘[01m[Knvinfer1::IFullyConnectedLayer* nvinfer1::INetworkDefinition::addFullyConnected(nvinfer1::ITensor&, int32_t, nvinfer1::Weights, nvinfer1::Weights)[m[K’ is deprecated [[01;35m[K-Wdeprecated-declarations[m[K]
  503 |   IFullyConnectedLayer* yolo = network->addFullyConnected(*pool2->getOutput(0), kClsNumClass, weightMap["model.9.linear.weight"], weightMap["model.9.linear.bias"][01;35m[K)[m[K;
      |                                                                                                                                                                   [01;35m[K^[m[K
In file included from [01m[K/home/hongbin/Desktop/cv_workspace/src/cv_tensorrt/lib/yolov5/src/model.h:3[m[K,
                 from [01m[K/home/hongbin/Desktop/cv_workspace/src/cv_tensorrt/lib/yolov5/src/model.cpp:1[m[K:
[01m[K/usr/include/x86_64-linux-gnu/NvInfer.h:6683:42:[m[K [01;36m[Knote: [m[Kdeclared here
 6683 |     TRT_DEPRECATED IFullyConnectedLayer* [01;36m[KaddFullyConnected[m[K(
      |                                          [01;36m[K^~~~~~~~~~~~~~~~~[m[K
[01m[K/home/hongbin/Desktop/cv_workspace/src/cv_tensorrt/lib/yolov5/src/model.cpp:510:40:[m[K [01;35m[Kwarning: [m[K‘[01m[Kvoid nvinfer1::IBuilder::setMaxBatchSize(int32_t)[m[K’ is deprecated [[01;35m[K-Wdeprecated-declarations[m[K]
  510 |   builder->setMaxBatchSize(maxBatchSize[01;35m[K)[m[K;
      |                                        [01;35m[K^[m[K
In file included from [01m[K/home/hongbin/Desktop/cv_workspace/src/cv_tensorrt/lib/yolov5/src/model.h:3[m[K,
                 from [01m[K/home/hongbin/Desktop/cv_workspace/src/cv_tensorrt/lib/yolov5/src/model.cpp:1[m[K:
[01m[K/usr/include/x86_64-linux-gnu/NvInfer.h:9379:25:[m[K [01;36m[Knote: [m[Kdeclared here
 9379 |     TRT_DEPRECATED void [01;36m[KsetMaxBatchSize[m[K(int32_t batchSize) noexcept
      |                         [01;36m[K^~~~~~~~~~~~~~~[m[K
[01m[K/home/hongbin/Desktop/cv_workspace/src/cv_tensorrt/lib/yolov5/src/model.cpp:511:45:[m[K [01;35m[Kwarning: [m[K‘[01m[Kvoid nvinfer1::IBuilderConfig::setMaxWorkspaceSize(std::size_t)[m[K’ is deprecated [[01;35m[K-Wdeprecated-declarations[m[K]
  511 |   config->setMaxWorkspaceSize(16 * (1 << 20)[01;35m[K)[m[K;  // 16MB
      |                                             [01;35m[K^[m[K
In file included from [01m[K/home/hongbin/Desktop/cv_workspace/src/cv_tensorrt/lib/yolov5/src/model.h:3[m[K,
                 from [01m[K/home/hongbin/Desktop/cv_workspace/src/cv_tensorrt/lib/yolov5/src/model.cpp:1[m[K:
[01m[K/usr/include/x86_64-linux-gnu/NvInfer.h:8747:25:[m[K [01;36m[Knote: [m[Kdeclared here
 8747 |     TRT_DEPRECATED void [01;36m[KsetMaxWorkspaceSize[m[K(std::size_t workspaceSize) noexcept
      |                         [01;36m[K^~~~~~~~~~~~~~~~~~~[m[K
[01m[K/home/hongbin/Desktop/cv_workspace/src/cv_tensorrt/lib/yolov5/src/model.cpp:524:73:[m[K [01;35m[Kwarning: [m[K‘[01m[Knvinfer1::ICudaEngine* nvinfer1::IBuilder::buildEngineWithConfig(nvinfer1::INetworkDefinition&, nvinfer1::IBuilderConfig&)[m[K’ is deprecated [[01;35m[K-Wdeprecated-declarations[m[K]
  524 |   ICudaEngine* engine = builder->buildEngineWithConfig(*network, *config[01;35m[K)[m[K;
      |                                                                         [01;35m[K^[m[K
In file included from [01m[K/home/hongbin/Desktop/cv_workspace/src/cv_tensorrt/lib/yolov5/src/model.h:3[m[K,
                 from [01m[K/home/hongbin/Desktop/cv_workspace/src/cv_tensorrt/lib/yolov5/src/model.cpp:1[m[K:
[01m[K/usr/include/x86_64-linux-gnu/NvInfer.h:9483:43:[m[K [01;36m[Knote: [m[Kdeclared here
 9483 |     TRT_DEPRECATED nvinfer1::ICudaEngine* [01;36m[KbuildEngineWithConfig[m[K(
      |                                           [01;36m[K^~~~~~~~~~~~~~~~~~~~~[m[K
[01m[K/home/hongbin/Desktop/cv_workspace/src/cv_tensorrt/lib/yolov5/src/model.cpp:528:20:[m[K [01;35m[Kwarning: [m[K‘[01m[Kvoid nvinfer1::INetworkDefinition::destroy()[m[K’ is deprecated [[01;35m[K-Wdeprecated-declarations[m[K]
  528 |   network->destroy([01;35m[K)[m[K;
      |                    [01;35m[K^[m[K
In file included from [01m[K/home/hongbin/Desktop/cv_workspace/src/cv_tensorrt/lib/yolov5/src/model.h:3[m[K,
                 from [01m[K/home/hongbin/Desktop/cv_workspace/src/cv_tensorrt/lib/yolov5/src/model.cpp:1[m[K:
[01m[K/usr/include/x86_64-linux-gnu/NvInfer.h:7015:25:[m[K [01;36m[Knote: [m[Kdeclared here
 7015 |     TRT_DEPRECATED void [01;36m[Kdestroy[m[K() noexcept
      |                         [01;36m[K^~~~~~~[m[K
[01m[K/home/hongbin/Desktop/cv_workspace/src/cv_tensorrt/lib/yolov5/src/model.cpp:[m[K In function ‘[01m[Knvinfer1::ICudaEngine* build_seg_engine(unsigned int, nvinfer1::IBuilder*, nvinfer1::IBuilderConfig*, nvinfer1::DataType, float&, float&, std::string&)[m[K’:
[01m[K/home/hongbin/Desktop/cv_workspace/src/cv_tensorrt/lib/yolov5/src/model.cpp:602:40:[m[K [01;35m[Kwarning: [m[K‘[01m[Kvoid nvinfer1::IBuilder::setMaxBatchSize(int32_t)[m[K’ is deprecated [[01;35m[K-Wdeprecated-declarations[m[K]
  602 |   builder->setMaxBatchSize(maxBatchSize[01;35m[K)[m[K;
      |                                        [01;35m[K^[m[K
In file included from [01m[K/home/hongbin/Desktop/cv_workspace/src/cv_tensorrt/lib/yolov5/src/model.h:3[m[K,
                 from [01m[K/home/hongbin/Desktop/cv_workspace/src/cv_tensorrt/lib/yolov5/src/model.cpp:1[m[K:
[01m[K/usr/include/x86_64-linux-gnu/NvInfer.h:9379:25:[m[K [01;36m[Knote: [m[Kdeclared here
 9379 |     TRT_DEPRECATED void [01;36m[KsetMaxBatchSize[m[K(int32_t batchSize) noexcept
      |                         [01;36m[K^~~~~~~~~~~~~~~[m[K
[01m[K/home/hongbin/Desktop/cv_workspace/src/cv_tensorrt/lib/yolov5/src/model.cpp:603:45:[m[K [01;35m[Kwarning: [m[K‘[01m[Kvoid nvinfer1::IBuilderConfig::setMaxWorkspaceSize(std::size_t)[m[K’ is deprecated [[01;35m[K-Wdeprecated-declarations[m[K]
  603 |   config->setMaxWorkspaceSize(16 * (1 << 20)[01;35m[K)[m[K;  // 16MB
      |                                             [01;35m[K^[m[K
In file included from [01m[K/home/hongbin/Desktop/cv_workspace/src/cv_tensorrt/lib/yolov5/src/model.h:3[m[K,
                 from [01m[K/home/hongbin/Desktop/cv_workspace/src/cv_tensorrt/lib/yolov5/src/model.cpp:1[m[K:
[01m[K/usr/include/x86_64-linux-gnu/NvInfer.h:8747:25:[m[K [01;36m[Knote: [m[Kdeclared here
 8747 |     TRT_DEPRECATED void [01;36m[KsetMaxWorkspaceSize[m[K(std::size_t workspaceSize) noexcept
      |                         [01;36m[K^~~~~~~~~~~~~~~~~~~[m[K
[01m[K/home/hongbin/Desktop/cv_workspace/src/cv_tensorrt/lib/yolov5/src/model.cpp:615:73:[m[K [01;35m[Kwarning: [m[K‘[01m[Knvinfer1::ICudaEngine* nvinfer1::IBuilder::buildEngineWithConfig(nvinfer1::INetworkDefinition&, nvinfer1::IBuilderConfig&)[m[K’ is deprecated [[01;35m[K-Wdeprecated-declarations[m[K]
  615 |   ICudaEngine* engine = builder->buildEngineWithConfig(*network, *config[01;35m[K)[m[K;
      |                                                                         [01;35m[K^[m[K
In file included from [01m[K/home/hongbin/Desktop/cv_workspace/src/cv_tensorrt/lib/yolov5/src/model.h:3[m[K,
                 from [01m[K/home/hongbin/Desktop/cv_workspace/src/cv_tensorrt/lib/yolov5/src/model.cpp:1[m[K:
[01m[K/usr/include/x86_64-linux-gnu/NvInfer.h:9483:43:[m[K [01;36m[Knote: [m[Kdeclared here
 9483 |     TRT_DEPRECATED nvinfer1::ICudaEngine* [01;36m[KbuildEngineWithConfig[m[K(
      |                                           [01;36m[K^~~~~~~~~~~~~~~~~~~~~[m[K
[01m[K/home/hongbin/Desktop/cv_workspace/src/cv_tensorrt/lib/yolov5/src/model.cpp:619:20:[m[K [01;35m[Kwarning: [m[K‘[01m[Kvoid nvinfer1::INetworkDefinition::destroy()[m[K’ is deprecated [[01;35m[K-Wdeprecated-declarations[m[K]
  619 |   network->destroy([01;35m[K)[m[K;
      |                    [01;35m[K^[m[K
In file included from [01m[K/home/hongbin/Desktop/cv_workspace/src/cv_tensorrt/lib/yolov5/src/model.h:3[m[K,
                 from [01m[K/home/hongbin/Desktop/cv_workspace/src/cv_tensorrt/lib/yolov5/src/model.cpp:1[m[K:
[01m[K/usr/include/x86_64-linux-gnu/NvInfer.h:7015:25:[m[K [01;36m[Knote: [m[Kdeclared here
 7015 |     TRT_DEPRECATED void [01;36m[Kdestroy[m[K() noexcept
      |                         [01;36m[K^~~~~~~[m[K
In file included from [01m[K/usr/include/c++/9/cassert:44[m[K,
                 from [01m[K/opt/ros/foxy/include/rclcpp/wait_result.hpp:18[m[K,
                 from [01m[K/opt/ros/foxy/include/rclcpp/wait_set_policies/sequential_synchronization.hpp:32[m[K,
                 from [01m[K/opt/ros/foxy/include/rclcpp/wait_set.hpp:26[m[K,
                 from [01m[K/opt/ros/foxy/include/rclcpp/rclcpp.hpp:157[m[K,
                 from [01m[K/home/hongbin/Desktop/cv_workspace/src/cv_tensorrt/src/../include/auto_aim/YOLO.hpp:29[m[K,
                 from [01m[K/home/hongbin/Desktop/cv_workspace/src/cv_tensorrt/src/YOLO.cpp:5[m[K:
[01m[K/home/hongbin/Desktop/cv_workspace/src/cv_tensorrt/src/YOLO.cpp:[m[K In member function ‘[01m[Kvoid YOLO::prepare_buffers(nvinfer1::ICudaEngine*, float**, float**, float**)[m[K’:
[01m[K/home/hongbin/Desktop/cv_workspace/src/cv_tensorrt/src/YOLO.cpp:56:34:[m[K [01;35m[Kwarning: [m[K‘[01m[Kint32_t nvinfer1::ICudaEngine::getNbBindings() const[m[K’ is deprecated [[01;35m[K-Wdeprecated-declarations[m[K]
   56 |     assert(engine->getNbBindings([01;35m[K)[m[K == 2);
      |                                  [01;35m[K^[m[K
In file included from [01m[K/usr/include/x86_64-linux-gnu/NvInfer.h:17[m[K,
                 from [01m[K/home/hongbin/Desktop/cv_workspace/src/cv_tensorrt/lib/yolov5/src/macros.h:4[m[K,
                 from [01m[K/home/hongbin/Desktop/cv_workspace/src/cv_tensorrt/lib/yolov5/src/logging.h:28[m[K,
                 from [01m[K/home/hongbin/Desktop/cv_workspace/src/cv_tensorrt/src/../include/auto_aim/YOLO.hpp:9[m[K,
                 from [01m[K/home/hongbin/Desktop/cv_workspace/src/cv_tensorrt/src/YOLO.cpp:5[m[K:
[01m[K/usr/include/x86_64-linux-gnu/NvInferRuntime.h:1399:28:[m[K [01;36m[Knote: [m[Kdeclared here
 1399 |     TRT_DEPRECATED int32_t [01;36m[KgetNbBindings[m[K() const noexcept
      |                            [01;36m[K^~~~~~~~~~~~~[m[K
[01m[K/home/hongbin/Desktop/cv_workspace/src/cv_tensorrt/src/YOLO.cpp:59:68:[m[K [01;35m[Kwarning: [m[K‘[01m[Kint32_t nvinfer1::ICudaEngine::getBindingIndex(const char*) const[m[K’ is deprecated [[01;35m[K-Wdeprecated-declarations[m[K]
   59 |     const int inputIndex = engine->getBindingIndex(kInputTensorName[01;35m[K)[m[K;
      |                                                                    [01;35m[K^[m[K
In file included from [01m[K/usr/include/x86_64-linux-gnu/NvInfer.h:17[m[K,
                 from [01m[K/home/hongbin/Desktop/cv_workspace/src/cv_tensorrt/lib/yolov5/src/macros.h:4[m[K,
                 from [01m[K/home/hongbin/Desktop/cv_workspace/src/cv_tensorrt/lib/yolov5/src/logging.h:28[m[K,
                 from [01m[K/home/hongbin/Desktop/cv_workspace/src/cv_tensorrt/src/../include/auto_aim/YOLO.hpp:9[m[K,
                 from [01m[K/home/hongbin/Desktop/cv_workspace/src/cv_tensorrt/src/YOLO.cpp:5[m[K:
[01m[K/usr/include/x86_64-linux-gnu/NvInferRuntime.h:1427:28:[m[K [01;36m[Knote: [m[Kdeclared here
 1427 |     TRT_DEPRECATED int32_t [01;36m[KgetBindingIndex[m[K(char const* name) const noexcept
      |                            [01;36m[K^~~~~~~~~~~~~~~[m[K
[01m[K/home/hongbin/Desktop/cv_workspace/src/cv_tensorrt/src/YOLO.cpp:60:70:[m[K [01;35m[Kwarning: [m[K‘[01m[Kint32_t nvinfer1::ICudaEngine::getBindingIndex(const char*) const[m[K’ is deprecated [[01;35m[K-Wdeprecated-declarations[m[K]
   60 |     const int outputIndex = engine->getBindingIndex(kOutputTensorName[01;35m[K)[m[K;
      |                                                                      [01;35m[K^[m[K
In file included from [01m[K/usr/include/x86_64-linux-gnu/NvInfer.h:17[m[K,
                 from [01m[K/home/hongbin/Desktop/cv_workspace/src/cv_tensorrt/lib/yolov5/src/macros.h:4[m[K,
                 from [01m[K/home/hongbin/Desktop/cv_workspace/src/cv_tensorrt/lib/yolov5/src/logging.h:28[m[K,
                 from [01m[K/home/hongbin/Desktop/cv_workspace/src/cv_tensorrt/src/../include/auto_aim/YOLO.hpp:9[m[K,
                 from [01m[K/home/hongbin/Desktop/cv_workspace/src/cv_tensorrt/src/YOLO.cpp:5[m[K:
[01m[K/usr/include/x86_64-linux-gnu/NvInferRuntime.h:1427:28:[m[K [01;36m[Knote: [m[Kdeclared here
 1427 |     TRT_DEPRECATED int32_t [01;36m[KgetBindingIndex[m[K(char const* name) const noexcept
      |                            [01;36m[K^~~~~~~~~~~~~~~[m[K
[01m[K/home/hongbin/Desktop/cv_workspace/src/cv_tensorrt/src/YOLO.cpp:[m[K In member function ‘[01m[Kvoid YOLO::infer(nvinfer1::IExecutionContext&, CUstream_st*&, void**, float*, int)[m[K’:
[01m[K/home/hongbin/Desktop/cv_workspace/src/cv_tensorrt/src/YOLO.cpp:71:60:[m[K [01;35m[Kwarning: [m[K‘[01m[Kbool nvinfer1::IExecutionContext::enqueue(int32_t, void* const*, cudaStream_t, CUevent_st**)[m[K’ is deprecated [[01;35m[K-Wdeprecated-declarations[m[K]
   71 |     context.enqueue(batchsize, gpu_buffers, stream, nullptr[01;35m[K)[m[K;
      |                                                            [01;35m[K^[m[K
In file included from [01m[K/usr/include/x86_64-linux-gnu/NvInfer.h:17[m[K,
                 from [01m[K/home/hongbin/Desktop/cv_workspace/src/cv_tensorrt/lib/yolov5/src/macros.h:4[m[K,
                 from [01m[K/home/hongbin/Desktop/cv_workspace/src/cv_tensorrt/lib/yolov5/src/logging.h:28[m[K,
                 from [01m[K/home/hongbin/Desktop/cv_workspace/src/cv_tensorrt/src/../include/auto_aim/YOLO.hpp:9[m[K,
                 from [01m[K/home/hongbin/Desktop/cv_workspace/src/cv_tensorrt/src/YOLO.cpp:5[m[K:
[01m[K/usr/include/x86_64-linux-gnu/NvInferRuntime.h:2303:25:[m[K [01;36m[Knote: [m[Kdeclared here
 2303 |     TRT_DEPRECATED bool [01;36m[Kenqueue[m[K(
      |                         [01;36m[K^~~~~~~[m[K
[01m[K/home/hongbin/Desktop/cv_workspace/src/cv_tensorrt/src/YOLO.cpp:[m[K In member function ‘[01m[Kvoid YOLO::serialize_engine(unsigned int, bool&, float&, float&, std::string&, std::string&)[m[K’:
[01m[K/home/hongbin/Desktop/cv_workspace/src/cv_tensorrt/src/YOLO.cpp:103:21:[m[K [01;35m[Kwarning: [m[K‘[01m[Kvoid nvinfer1::ICudaEngine::destroy()[m[K’ is deprecated [[01;35m[K-Wdeprecated-declarations[m[K]
  103 |     engine->destroy([01;35m[K)[m[K;
      |                     [01;35m[K^[m[K
In file included from [01m[K/usr/include/x86_64-linux-gnu/NvInfer.h:17[m[K,
                 from [01m[K/home/hongbin/Desktop/cv_workspace/src/cv_tensorrt/lib/yolov5/src/macros.h:4[m[K,
                 from [01m[K/home/hongbin/Desktop/cv_workspace/src/cv_tensorrt/lib/yolov5/src/logging.h:28[m[K,
                 from [01m[K/home/hongbin/Desktop/cv_workspace/src/cv_tensorrt/src/../include/auto_aim/YOLO.hpp:9[m[K,
                 from [01m[K/home/hongbin/Desktop/cv_workspace/src/cv_tensorrt/src/YOLO.cpp:5[m[K:
[01m[K/usr/include/x86_64-linux-gnu/NvInferRuntime.h:1609:25:[m[K [01;36m[Knote: [m[Kdeclared here
 1609 |     TRT_DEPRECATED void [01;36m[Kdestroy[m[K() noexcept
      |                         [01;36m[K^~~~~~~[m[K
[01m[K/home/hongbin/Desktop/cv_workspace/src/cv_tensorrt/src/YOLO.cpp:104:22:[m[K [01;35m[Kwarning: [m[K‘[01m[Kvoid nvinfer1::IBuilder::destroy()[m[K’ is deprecated [[01;35m[K-Wdeprecated-declarations[m[K]
  104 |     builder->destroy([01;35m[K)[m[K;
      |                      [01;35m[K^[m[K
In file included from [01m[K/home/hongbin/Desktop/cv_workspace/src/cv_tensorrt/lib/yolov5/src/macros.h:4[m[K,
                 from [01m[K/home/hongbin/Desktop/cv_workspace/src/cv_tensorrt/lib/yolov5/src/logging.h:28[m[K,
                 from [01m[K/home/hongbin/Desktop/cv_workspace/src/cv_tensorrt/src/../include/auto_aim/YOLO.hpp:9[m[K,
                 from [01m[K/home/hongbin/Desktop/cv_workspace/src/cv_tensorrt/src/YOLO.cpp:5[m[K:
[01m[K/usr/include/x86_64-linux-gnu/NvInfer.h:9422:25:[m[K [01;36m[Knote: [m[Kdeclared here
 9422 |     TRT_DEPRECATED void [01;36m[Kdestroy[m[K() noexcept
      |                         [01;36m[K^~~~~~~[m[K
[01m[K/home/hongbin/Desktop/cv_workspace/src/cv_tensorrt/src/YOLO.cpp:105:21:[m[K [01;35m[Kwarning: [m[K‘[01m[Kvoid nvinfer1::IBuilderConfig::destroy()[m[K’ is deprecated [[01;35m[K-Wdeprecated-declarations[m[K]
  105 |     config->destroy([01;35m[K)[m[K;
      |                     [01;35m[K^[m[K
In file included from [01m[K/home/hongbin/Desktop/cv_workspace/src/cv_tensorrt/lib/yolov5/src/macros.h:4[m[K,
                 from [01m[K/home/hongbin/Desktop/cv_workspace/src/cv_tensorrt/lib/yolov5/src/logging.h:28[m[K,
                 from [01m[K/home/hongbin/Desktop/cv_workspace/src/cv_tensorrt/src/../include/auto_aim/YOLO.hpp:9[m[K,
                 from [01m[K/home/hongbin/Desktop/cv_workspace/src/cv_tensorrt/src/YOLO.cpp:5[m[K:
[01m[K/usr/include/x86_64-linux-gnu/NvInfer.h:8950:25:[m[K [01;36m[Knote: [m[Kdeclared here
 8950 |     TRT_DEPRECATED void [01;36m[Kdestroy[m[K() noexcept
      |                         [01;36m[K^~~~~~~[m[K
[01m[K/home/hongbin/Desktop/cv_workspace/src/cv_tensorrt/src/YOLO.cpp:106:32:[m[K [01;35m[Kwarning: [m[K‘[01m[Kvoid nvinfer1::IHostMemory::destroy()[m[K’ is deprecated [[01;35m[K-Wdeprecated-declarations[m[K]
  106 |     serialized_engine->destroy([01;35m[K)[m[K;
      |                                [01;35m[K^[m[K
In file included from [01m[K/usr/include/x86_64-linux-gnu/NvInfer.h:17[m[K,
                 from [01m[K/home/hongbin/Desktop/cv_workspace/src/cv_tensorrt/lib/yolov5/src/macros.h:4[m[K,
                 from [01m[K/home/hongbin/Desktop/cv_workspace/src/cv_tensorrt/lib/yolov5/src/logging.h:28[m[K,
                 from [01m[K/home/hongbin/Desktop/cv_workspace/src/cv_tensorrt/src/../include/auto_aim/YOLO.hpp:9[m[K,
                 from [01m[K/home/hongbin/Desktop/cv_workspace/src/cv_tensorrt/src/YOLO.cpp:5[m[K:
[01m[K/usr/include/x86_64-linux-gnu/NvInferRuntime.h:172:25:[m[K [01;36m[Knote: [m[Kdeclared here
  172 |     TRT_DEPRECATED void [01;36m[Kdestroy[m[K() noexcept
      |                         [01;36m[K^~~~~~~[m[K
[01m[K/home/hongbin/Desktop/cv_workspace/src/cv_tensorrt/src/main.cpp:[m[K In function ‘[01m[Kint main(int, char**)[m[K’:
[01m[K/home/hongbin/Desktop/cv_workspace/src/cv_tensorrt/src/main.cpp:207:22:[m[K [01;35m[Kwarning: [m[K‘[01m[Kvoid nvinfer1::IExecutionContext::destroy()[m[K’ is deprecated [[01;35m[K-Wdeprecated-declarations[m[K]
  207 |     context->destroy([01;35m[K)[m[K;
      |                      [01;35m[K^[m[K
In file included from [01m[K/usr/include/x86_64-linux-gnu/NvInfer.h:17[m[K,
                 from [01m[K/home/hongbin/Desktop/cv_workspace/src/cv_tensorrt/lib/yolov5/src/macros.h:4[m[K,
                 from [01m[K/home/hongbin/Desktop/cv_workspace/src/cv_tensorrt/lib/yolov5/src/logging.h:28[m[K,
                 from [01m[K/home/hongbin/Desktop/cv_workspace/src/cv_tensorrt/src/../include/auto_aim/YOLO.hpp:9[m[K,
                 from [01m[K/home/hongbin/Desktop/cv_workspace/src/cv_tensorrt/src/main.cpp:1[m[K:
[01m[K/usr/include/x86_64-linux-gnu/NvInferRuntime.h:2369:25:[m[K [01;36m[Knote: [m[Kdeclared here
 2369 |     TRT_DEPRECATED void [01;36m[Kdestroy[m[K() noexcept
      |                         [01;36m[K^~~~~~~[m[K
[01m[K/home/hongbin/Desktop/cv_workspace/src/cv_tensorrt/src/main.cpp:208:21:[m[K [01;35m[Kwarning: [m[K‘[01m[Kvoid nvinfer1::ICudaEngine::destroy()[m[K’ is deprecated [[01;35m[K-Wdeprecated-declarations[m[K]
  208 |     engine->destroy([01;35m[K)[m[K;
      |                     [01;35m[K^[m[K
In file included from [01m[K/usr/include/x86_64-linux-gnu/NvInfer.h:17[m[K,
                 from [01m[K/home/hongbin/Desktop/cv_workspace/src/cv_tensorrt/lib/yolov5/src/macros.h:4[m[K,
                 from [01m[K/home/hongbin/Desktop/cv_workspace/src/cv_tensorrt/lib/yolov5/src/logging.h:28[m[K,
                 from [01m[K/home/hongbin/Desktop/cv_workspace/src/cv_tensorrt/src/../include/auto_aim/YOLO.hpp:9[m[K,
                 from [01m[K/home/hongbin/Desktop/cv_workspace/src/cv_tensorrt/src/main.cpp:1[m[K:
[01m[K/usr/include/x86_64-linux-gnu/NvInferRuntime.h:1609:25:[m[K [01;36m[Knote: [m[Kdeclared here
 1609 |     TRT_DEPRECATED void [01;36m[Kdestroy[m[K() noexcept
      |                         [01;36m[K^~~~~~~[m[K
[01m[K/home/hongbin/Desktop/cv_workspace/src/cv_tensorrt/src/main.cpp:209:22:[m[K [01;35m[Kwarning: [m[K‘[01m[Kvoid nvinfer1::IRuntime::destroy()[m[K’ is deprecated [[01;35m[K-Wdeprecated-declarations[m[K]
  209 |     runtime->destroy([01;35m[K)[m[K;
      |                      [01;35m[K^[m[K
In file included from [01m[K/usr/include/x86_64-linux-gnu/NvInfer.h:17[m[K,
                 from [01m[K/home/hongbin/Desktop/cv_workspace/src/cv_tensorrt/lib/yolov5/src/macros.h:4[m[K,
                 from [01m[K/home/hongbin/Desktop/cv_workspace/src/cv_tensorrt/lib/yolov5/src/logging.h:28[m[K,
                 from [01m[K/home/hongbin/Desktop/cv_workspace/src/cv_tensorrt/src/../include/auto_aim/YOLO.hpp:9[m[K,
                 from [01m[K/home/hongbin/Desktop/cv_workspace/src/cv_tensorrt/src/main.cpp:1[m[K:
[01m[K/usr/include/x86_64-linux-gnu/NvInferRuntime.h:682:25:[m[K [01;36m[Knote: [m[Kdeclared here
  682 |     TRT_DEPRECATED void [01;36m[Kdestroy[m[K() noexcept
      |                         [01;36m[K^~~~~~~[m[K
[100%] [32m[1mLinking CXX executable cv_tensorrt[0m
[100%] Built target cv_tensorrt
-- Install configuration: "Debug"
-- Installing: /home/hongbin/Desktop/cv_workspace/install/cv_tensorrt/lib/cv_tensorrt/cv_tensorrt
-- Set runtime path of "/home/hongbin/Desktop/cv_workspace/install/cv_tensorrt/lib/cv_tensorrt/cv_tensorrt" to ""
-- Up-to-date: /home/hongbin/Desktop/cv_workspace/install/cv_tensorrt/share/cv_tensorrt//launch
-- Up-to-date: /home/hongbin/Desktop/cv_workspace/install/cv_tensorrt/share/cv_tensorrt//launch/cv_tensorrt_launch.py
-- Up-to-date: /home/hongbin/Desktop/cv_workspace/install/cv_tensorrt/share/cv_tensorrt//config
-- Up-to-date: /home/hongbin/Desktop/cv_workspace/install/cv_tensorrt/share/cv_tensorrt//config/yolov5_det
-- Up-to-date: /home/hongbin/Desktop/cv_workspace/install/cv_tensorrt/share/cv_tensorrt//config/yolov5s.wts
-- Up-to-date: /home/hongbin/Desktop/cv_workspace/install/cv_tensorrt/share/cv_tensorrt//config/autoAim.yaml
-- Up-to-date: /home/hongbin/Desktop/cv_workspace/install/cv_tensorrt/lib/my_plugin
-- Up-to-date: /home/hongbin/Desktop/cv_workspace/install/cv_tensorrt/lib/my_plugin/armor.engine
-- Up-to-date: /home/hongbin/Desktop/cv_workspace/install/cv_tensorrt/lib/my_plugin/yolov5s.engine
-- Up-to-date: /home/hongbin/Desktop/cv_workspace/install/cv_tensorrt/lib/my_plugin/libmyplugins.so
-- Up-to-date: /home/hongbin/Desktop/cv_workspace/install/cv_tensorrt/share/ament_index/resource_index/package_run_dependencies/cv_tensorrt
-- Up-to-date: /home/hongbin/Desktop/cv_workspace/install/cv_tensorrt/share/ament_index/resource_index/parent_prefix_path/cv_tensorrt
-- Up-to-date: /home/hongbin/Desktop/cv_workspace/install/cv_tensorrt/share/cv_tensorrt/environment/ament_prefix_path.sh
-- Up-to-date: /home/hongbin/Desktop/cv_workspace/install/cv_tensorrt/share/cv_tensorrt/environment/ament_prefix_path.dsv
-- Up-to-date: /home/hongbin/Desktop/cv_workspace/install/cv_tensorrt/share/cv_tensorrt/environment/path.sh
-- Up-to-date: /home/hongbin/Desktop/cv_workspace/install/cv_tensorrt/share/cv_tensorrt/environment/path.dsv
-- Up-to-date: /home/hongbin/Desktop/cv_workspace/install/cv_tensorrt/share/cv_tensorrt/local_setup.bash
-- Up-to-date: /home/hongbin/Desktop/cv_workspace/install/cv_tensorrt/share/cv_tensorrt/local_setup.sh
-- Up-to-date: /home/hongbin/Desktop/cv_workspace/install/cv_tensorrt/share/cv_tensorrt/local_setup.zsh
-- Up-to-date: /home/hongbin/Desktop/cv_workspace/install/cv_tensorrt/share/cv_tensorrt/local_setup.dsv
-- Installing: /home/hongbin/Desktop/cv_workspace/install/cv_tensorrt/share/cv_tensorrt/package.dsv
-- Up-to-date: /home/hongbin/Desktop/cv_workspace/install/cv_tensorrt/share/ament_index/resource_index/packages/cv_tensorrt
-- Up-to-date: /home/hongbin/Desktop/cv_workspace/install/cv_tensorrt/share/cv_tensorrt/cmake/ament_cmake_export_dependencies-extras.cmake
-- Up-to-date: /home/hongbin/Desktop/cv_workspace/install/cv_tensorrt/share/cv_tensorrt/cmake/cv_tensorrtConfig.cmake
-- Up-to-date: /home/hongbin/Desktop/cv_workspace/install/cv_tensorrt/share/cv_tensorrt/cmake/cv_tensorrtConfig-version.cmake
-- Up-to-date: /home/hongbin/Desktop/cv_workspace/install/cv_tensorrt/share/cv_tensorrt/package.xml
