[0.012s] Invoking command in '/home/hongbin/Desktop/cv_workspace/build/cv_tensorrt': CMAKE_PREFIX_PATH=/opt/ros/foxy /usr/bin/cmake --build /home/hongbin/Desktop/cv_workspace/build/cv_tensorrt -- -j12 -l12
[0.102s] [ 10%] [32mBuilding CUDA object CMakeFiles/myplugins.dir/lib/yolov5/plugin/yololayer.cu.o[0m
[0.530s] [01m[0m[01m/home/hongbin/Desktop/cv_workspace/src/cv_tensorrt/lib/yolov5/plugin/yololayer.h(57)[0m: [01;35mwarning[0m #997-D: function [01m"nvinfer1::IPluginV2Ext::configurePlugin(const nvinfer1::Dims *, int32_t, const nvinfer1::Dims *, int32_t, const nvinfer1::DataType *, const nvinfer1::DataType *, const __nv_bool *, const __nv_bool *, nvinfer1::PluginFormat, int32_t)"[0m is hidden by [01m"nvinfer1::YoloLayerPlugin::configurePlugin"[0m -- virtual function override intended?
[0.530s] 
[0.995s] [01m[0m[01m/home/hongbin/Desktop/cv_workspace/src/cv_tensorrt/lib/yolov5/plugin/yololayer.h(57)[0m: [01;35mwarning[0m #997-D: function [01m"nvinfer1::IPluginV2Ext::configurePlugin(const nvinfer1::Dims *, int32_t, const nvinfer1::Dims *, int32_t, const nvinfer1::DataType *, const nvinfer1::DataType *, const bool *, const bool *, nvinfer1::PluginFormat, int32_t)"[0m is hidden by [01m"nvinfer1::YoloLayerPlugin::configurePlugin"[0m -- virtual function override intended?
[0.996s] 
[1.546s] [ 20%] [32m[1mLinking CUDA shared library libmyplugins.so[0m
[1.596s] [ 20%] Built target myplugins
[1.616s] [ 40%] [32mBuilding CXX object CMakeFiles/cv_tensorrt.dir/src/YOLO.cpp.o[0m
[1.616s] [ 50%] [32mBuilding CXX object CMakeFiles/cv_tensorrt.dir/src/Camera.cpp.o[0m
[1.616s] [ 40%] [32mBuilding CXX object CMakeFiles/cv_tensorrt.dir/src/main.cpp.o[0m
[1.616s] [ 60%] [32mBuilding CXX object CMakeFiles/cv_tensorrt.dir/lib/yolov5/src/calibrator.cpp.o[0m
[1.617s] [ 80%] [32mBuilding CXX object CMakeFiles/cv_tensorrt.dir/lib/yolov5/src/model.cpp.o[0m
[1.617s] [ 80%] [32mBuilding CUDA object CMakeFiles/cv_tensorrt.dir/lib/yolov5/src/preprocess.cu.o[0m
[1.617s] [ 90%] [32mBuilding CXX object CMakeFiles/cv_tensorrt.dir/lib/yolov5/src/postprocess.cpp.o[0m
[1.938s] [01m[K/home/hongbin/Desktop/cv_workspace/src/cv_tensorrt/lib/yolov5/src/model.cpp:[m[K In function ‘[01m[Knvinfer1::IPluginV2Layer* addYoLoLayer(nvinfer1::INetworkDefinition*, std::map<std::__cxx11::basic_string<char>, nvinfer1::Weights>&, std::string, std::vector<nvinfer1::IConvolutionLayer*>, bool)[m[K’:
[1.938s] [01m[K/home/hongbin/Desktop/cv_workspace/src/cv_tensorrt/lib/yolov5/src/model.cpp:277:14:[m[K [01;35m[Kwarning: [m[K‘[01m[KIPluginV2[m[K’ is deprecated [[01;35m[K-Wdeprecated-declarations[m[K]
[1.938s]   277 |   IPluginV2 *[01;35m[Kplugin_obj[m[K = creator->createPlugin("yololayer", &plugin_data);
[1.938s]       |              [01;35m[K^~~~~~~~~~[m[K
[1.938s] In file included from [01m[K/usr/include/x86_64-linux-gnu/NvInferLegacyDims.h:16[m[K,
[1.938s]                  from [01m[K/usr/include/x86_64-linux-gnu/NvInfer.h:16[m[K,
[1.939s]                  from [01m[K/home/hongbin/Desktop/cv_workspace/src/cv_tensorrt/lib/yolov5/src/model.h:3[m[K,
[1.939s]                  from [01m[K/home/hongbin/Desktop/cv_workspace/src/cv_tensorrt/lib/yolov5/src/model.cpp:1[m[K:
[1.939s] [01m[K/usr/include/x86_64-linux-gnu/NvInferRuntimeCommon.h:393:22:[m[K [01;36m[Knote: [m[Kdeclared here
[1.939s]   393 | class TRT_DEPRECATED [01;36m[KIPluginV2[m[K
[1.939s]       |                      [01;36m[K^~~~~~~~~[m[K
[1.943s] [01m[K/home/hongbin/Desktop/cv_workspace/src/cv_tensorrt/lib/yolov5/src/model.cpp:[m[K In function ‘[01m[Knvinfer1::ICudaEngine* build_det_engine(unsigned int, nvinfer1::IBuilder*, nvinfer1::IBuilderConfig*, nvinfer1::DataType, float&, float&, std::string&)[m[K’:
[1.943s] [01m[K/home/hongbin/Desktop/cv_workspace/src/cv_tensorrt/lib/yolov5/src/model.cpp:348:40:[m[K [01;35m[Kwarning: [m[K‘[01m[Kvoid nvinfer1::IBuilder::setMaxBatchSize(int32_t)[m[K’ is deprecated [[01;35m[K-Wdeprecated-declarations[m[K]
[1.944s]   348 |   builder->setMaxBatchSize(maxBatchSize[01;35m[K)[m[K;
[1.944s]       |                                        [01;35m[K^[m[K
[1.944s] In file included from [01m[K/home/hongbin/Desktop/cv_workspace/src/cv_tensorrt/lib/yolov5/src/model.h:3[m[K,
[1.944s]                  from [01m[K/home/hongbin/Desktop/cv_workspace/src/cv_tensorrt/lib/yolov5/src/model.cpp:1[m[K:
[1.944s] [01m[K/usr/include/x86_64-linux-gnu/NvInfer.h:9379:25:[m[K [01;36m[Knote: [m[Kdeclared here
[1.944s]  9379 |     TRT_DEPRECATED void [01;36m[KsetMaxBatchSize[m[K(int32_t batchSize) noexcept
[1.944s]       |                         [01;36m[K^~~~~~~~~~~~~~~[m[K
[1.944s] [01m[K/home/hongbin/Desktop/cv_workspace/src/cv_tensorrt/lib/yolov5/src/model.cpp:349:45:[m[K [01;35m[Kwarning: [m[K‘[01m[Kvoid nvinfer1::IBuilderConfig::setMaxWorkspaceSize(std::size_t)[m[K’ is deprecated [[01;35m[K-Wdeprecated-declarations[m[K]
[1.945s]   349 |   config->setMaxWorkspaceSize(16 * (1 << 20)[01;35m[K)[m[K;  // 16MB
[1.945s]       |                                             [01;35m[K^[m[K
[1.945s] In file included from [01m[K/home/hongbin/Desktop/cv_workspace/src/cv_tensorrt/lib/yolov5/src/model.h:3[m[K,
[1.945s]                  from [01m[K/home/hongbin/Desktop/cv_workspace/src/cv_tensorrt/lib/yolov5/src/model.cpp:1[m[K:
[1.945s] [01m[K/usr/include/x86_64-linux-gnu/NvInfer.h:8747:25:[m[K [01;36m[Knote: [m[Kdeclared here
[1.945s]  8747 |     TRT_DEPRECATED void [01;36m[KsetMaxWorkspaceSize[m[K(std::size_t workspaceSize) noexcept
[1.945s]       |                         [01;36m[K^~~~~~~~~~~~~~~~~~~[m[K
[1.945s] [01m[K/home/hongbin/Desktop/cv_workspace/src/cv_tensorrt/lib/yolov5/src/model.cpp:361:73:[m[K [01;35m[Kwarning: [m[K‘[01m[Knvinfer1::ICudaEngine* nvinfer1::IBuilder::buildEngineWithConfig(nvinfer1::INetworkDefinition&, nvinfer1::IBuilderConfig&)[m[K’ is deprecated [[01;35m[K-Wdeprecated-declarations[m[K]
[1.945s]   361 |   ICudaEngine* engine = builder->buildEngineWithConfig(*network, *config[01;35m[K)[m[K;
[1.945s]       |                                                                         [01;35m[K^[m[K
[1.946s] In file included from [01m[K/home/hongbin/Desktop/cv_workspace/src/cv_tensorrt/lib/yolov5/src/model.h:3[m[K,
[1.946s]                  from [01m[K/home/hongbin/Desktop/cv_workspace/src/cv_tensorrt/lib/yolov5/src/model.cpp:1[m[K:
[1.946s] [01m[K/usr/include/x86_64-linux-gnu/NvInfer.h:9483:43:[m[K [01;36m[Knote: [m[Kdeclared here
[1.946s]  9483 |     TRT_DEPRECATED nvinfer1::ICudaEngine* [01;36m[KbuildEngineWithConfig[m[K(
[1.946s]       |                                           [01;36m[K^~~~~~~~~~~~~~~~~~~~~[m[K
[1.946s] [01m[K/home/hongbin/Desktop/cv_workspace/src/cv_tensorrt/lib/yolov5/src/model.cpp:365:20:[m[K [01;35m[Kwarning: [m[K‘[01m[Kvoid nvinfer1::INetworkDefinition::destroy()[m[K’ is deprecated [[01;35m[K-Wdeprecated-declarations[m[K]
[1.946s]   365 |   network->destroy([01;35m[K)[m[K;
[1.946s]       |                    [01;35m[K^[m[K
[1.946s] In file included from [01m[K/home/hongbin/Desktop/cv_workspace/src/cv_tensorrt/lib/yolov5/src/model.h:3[m[K,
[1.946s]                  from [01m[K/home/hongbin/Desktop/cv_workspace/src/cv_tensorrt/lib/yolov5/src/model.cpp:1[m[K:
[1.947s] [01m[K/usr/include/x86_64-linux-gnu/NvInfer.h:7015:25:[m[K [01;36m[Knote: [m[Kdeclared here
[1.947s]  7015 |     TRT_DEPRECATED void [01;36m[Kdestroy[m[K() noexcept
[1.947s]       |                         [01;36m[K^~~~~~~[m[K
[1.947s] [01m[K/home/hongbin/Desktop/cv_workspace/src/cv_tensorrt/lib/yolov5/src/model.cpp:[m[K In function ‘[01m[Knvinfer1::ICudaEngine* build_det_p6_engine(unsigned int, nvinfer1::IBuilder*, nvinfer1::IBuilderConfig*, nvinfer1::DataType, float&, float&, std::string&)[m[K’:
[1.947s] [01m[K/home/hongbin/Desktop/cv_workspace/src/cv_tensorrt/lib/yolov5/src/model.cpp:452:40:[m[K [01;35m[Kwarning: [m[K‘[01m[Kvoid nvinfer1::IBuilder::setMaxBatchSize(int32_t)[m[K’ is deprecated [[01;35m[K-Wdeprecated-declarations[m[K]
[1.947s]   452 |   builder->setMaxBatchSize(maxBatchSize[01;35m[K)[m[K;
[1.948s]       |                                        [01;35m[K^[m[K
[1.948s] In file included from [01m[K/home/hongbin/Desktop/cv_workspace/src/cv_tensorrt/lib/yolov5/src/model.h:3[m[K,
[1.948s]                  from [01m[K/home/hongbin/Desktop/cv_workspace/src/cv_tensorrt/lib/yolov5/src/model.cpp:1[m[K:
[1.948s] [01m[K/usr/include/x86_64-linux-gnu/NvInfer.h:9379:25:[m[K [01;36m[Knote: [m[Kdeclared here
[1.948s]  9379 |     TRT_DEPRECATED void [01;36m[KsetMaxBatchSize[m[K(int32_t batchSize) noexcept
[1.948s]       |                         [01;36m[K^~~~~~~~~~~~~~~[m[K
[1.948s] [01m[K/home/hongbin/Desktop/cv_workspace/src/cv_tensorrt/lib/yolov5/src/model.cpp:453:45:[m[K [01;35m[Kwarning: [m[K‘[01m[Kvoid nvinfer1::IBuilderConfig::setMaxWorkspaceSize(std::size_t)[m[K’ is deprecated [[01;35m[K-Wdeprecated-declarations[m[K]
[1.948s]   453 |   config->setMaxWorkspaceSize(16 * (1 << 20)[01;35m[K)[m[K;  // 16MB
[1.948s]       |                                             [01;35m[K^[m[K
[1.948s] In file included from [01m[K/home/hongbin/Desktop/cv_workspace/src/cv_tensorrt/lib/yolov5/src/model.h:3[m[K,
[1.949s]                  from [01m[K/home/hongbin/Desktop/cv_workspace/src/cv_tensorrt/lib/yolov5/src/model.cpp:1[m[K:
[1.949s] [01m[K/usr/include/x86_64-linux-gnu/NvInfer.h:8747:25:[m[K [01;36m[Knote: [m[Kdeclared here
[1.949s]  8747 |     TRT_DEPRECATED void [01;36m[KsetMaxWorkspaceSize[m[K(std::size_t workspaceSize) noexcept
[1.949s]       |                         [01;36m[K^~~~~~~~~~~~~~~~~~~[m[K
[1.949s] [01m[K/home/hongbin/Desktop/cv_workspace/src/cv_tensorrt/lib/yolov5/src/model.cpp:465:73:[m[K [01;35m[Kwarning: [m[K‘[01m[Knvinfer1::ICudaEngine* nvinfer1::IBuilder::buildEngineWithConfig(nvinfer1::INetworkDefinition&, nvinfer1::IBuilderConfig&)[m[K’ is deprecated [[01;35m[K-Wdeprecated-declarations[m[K]
[1.949s]   465 |   ICudaEngine* engine = builder->buildEngineWithConfig(*network, *config[01;35m[K)[m[K;
[1.949s]       |                                                                         [01;35m[K^[m[K
[1.950s] In file included from [01m[K/home/hongbin/Desktop/cv_workspace/src/cv_tensorrt/lib/yolov5/src/model.h:3[m[K,
[1.950s]                  from [01m[K/home/hongbin/Desktop/cv_workspace/src/cv_tensorrt/lib/yolov5/src/model.cpp:1[m[K:
[1.950s] [01m[K/usr/include/x86_64-linux-gnu/NvInfer.h:9483:43:[m[K [01;36m[Knote: [m[Kdeclared here
[1.950s]  9483 |     TRT_DEPRECATED nvinfer1::ICudaEngine* [01;36m[KbuildEngineWithConfig[m[K(
[1.950s]       |                                           [01;36m[K^~~~~~~~~~~~~~~~~~~~~[m[K
[1.950s] [01m[K/home/hongbin/Desktop/cv_workspace/src/cv_tensorrt/lib/yolov5/src/model.cpp:469:20:[m[K [01;35m[Kwarning: [m[K‘[01m[Kvoid nvinfer1::INetworkDefinition::destroy()[m[K’ is deprecated [[01;35m[K-Wdeprecated-declarations[m[K]
[1.950s]   469 |   network->destroy([01;35m[K)[m[K;
[1.950s]       |                    [01;35m[K^[m[K
[1.950s] In file included from [01m[K/home/hongbin/Desktop/cv_workspace/src/cv_tensorrt/lib/yolov5/src/model.h:3[m[K,
[1.951s]                  from [01m[K/home/hongbin/Desktop/cv_workspace/src/cv_tensorrt/lib/yolov5/src/model.cpp:1[m[K:
[1.951s] [01m[K/usr/include/x86_64-linux-gnu/NvInfer.h:7015:25:[m[K [01;36m[Knote: [m[Kdeclared here
[1.951s]  7015 |     TRT_DEPRECATED void [01;36m[Kdestroy[m[K() noexcept
[1.951s]       |                         [01;36m[K^~~~~~~[m[K
[1.951s] [01m[K/home/hongbin/Desktop/cv_workspace/src/cv_tensorrt/lib/yolov5/src/model.cpp:[m[K In function ‘[01m[Knvinfer1::ICudaEngine* build_cls_engine(unsigned int, nvinfer1::IBuilder*, nvinfer1::IBuilderConfig*, nvinfer1::DataType, float&, float&, std::string&)[m[K’:
[1.951s] [01m[K/home/hongbin/Desktop/cv_workspace/src/cv_tensorrt/lib/yolov5/src/model.cpp:503:25:[m[K [01;35m[Kwarning: [m[K‘[01m[KIFullyConnectedLayer[m[K’ is deprecated [[01;35m[K-Wdeprecated-declarations[m[K]
[1.951s]   503 |   IFullyConnectedLayer* [01;35m[Kyolo[m[K = network->addFullyConnected(*pool2->getOutput(0), kClsNumClass, weightMap["model.9.linear.weight"], weightMap["model.9.linear.bias"]);
[1.951s]       |                         [01;35m[K^~~~[m[K
[1.951s] In file included from [01m[K/home/hongbin/Desktop/cv_workspace/src/cv_tensorrt/lib/yolov5/src/model.h:3[m[K,
[1.951s]                  from [01m[K/home/hongbin/Desktop/cv_workspace/src/cv_tensorrt/lib/yolov5/src/model.cpp:1[m[K:
[1.952s] [01m[K/usr/include/x86_64-linux-gnu/NvInfer.h:1484:22:[m[K [01;36m[Knote: [m[Kdeclared here
[1.952s]  1484 | class TRT_DEPRECATED [01;36m[KIFullyConnectedLayer[m[K : public ILayer
[1.952s]       |                      [01;36m[K^~~~~~~~~~~~~~~~~~~~[m[K
[1.952s] [01m[K/home/hongbin/Desktop/cv_workspace/src/cv_tensorrt/lib/yolov5/src/model.cpp:503:163:[m[K [01;35m[Kwarning: [m[K‘[01m[Knvinfer1::IFullyConnectedLayer* nvinfer1::INetworkDefinition::addFullyConnected(nvinfer1::ITensor&, int32_t, nvinfer1::Weights, nvinfer1::Weights)[m[K’ is deprecated [[01;35m[K-Wdeprecated-declarations[m[K]
[1.952s]   503 |   IFullyConnectedLayer* yolo = network->addFullyConnected(*pool2->getOutput(0), kClsNumClass, weightMap["model.9.linear.weight"], weightMap["model.9.linear.bias"][01;35m[K)[m[K;
[1.952s]       |                                                                                                                                                                   [01;35m[K^[m[K
[1.952s] In file included from [01m[K/home/hongbin/Desktop/cv_workspace/src/cv_tensorrt/lib/yolov5/src/model.h:3[m[K,
[1.953s]                  from [01m[K/home/hongbin/Desktop/cv_workspace/src/cv_tensorrt/lib/yolov5/src/model.cpp:1[m[K:
[1.953s] [01m[K/usr/include/x86_64-linux-gnu/NvInfer.h:6683:42:[m[K [01;36m[Knote: [m[Kdeclared here
[1.953s]  6683 |     TRT_DEPRECATED IFullyConnectedLayer* [01;36m[KaddFullyConnected[m[K(
[1.953s]       |                                          [01;36m[K^~~~~~~~~~~~~~~~~[m[K
[1.953s] [01m[K/home/hongbin/Desktop/cv_workspace/src/cv_tensorrt/lib/yolov5/src/model.cpp:510:40:[m[K [01;35m[Kwarning: [m[K‘[01m[Kvoid nvinfer1::IBuilder::setMaxBatchSize(int32_t)[m[K’ is deprecated [[01;35m[K-Wdeprecated-declarations[m[K]
[1.953s]   510 |   builder->setMaxBatchSize(maxBatchSize[01;35m[K)[m[K;
[1.953s]       |                                        [01;35m[K^[m[K
[1.953s] In file included from [01m[K/home/hongbin/Desktop/cv_workspace/src/cv_tensorrt/lib/yolov5/src/model.h:3[m[K,
[1.953s]                  from [01m[K/home/hongbin/Desktop/cv_workspace/src/cv_tensorrt/lib/yolov5/src/model.cpp:1[m[K:
[1.953s] [01m[K/usr/include/x86_64-linux-gnu/NvInfer.h:9379:25:[m[K [01;36m[Knote: [m[Kdeclared here
[1.954s]  9379 |     TRT_DEPRECATED void [01;36m[KsetMaxBatchSize[m[K(int32_t batchSize) noexcept
[1.954s]       |                         [01;36m[K^~~~~~~~~~~~~~~[m[K
[1.954s] [01m[K/home/hongbin/Desktop/cv_workspace/src/cv_tensorrt/lib/yolov5/src/model.cpp:511:45:[m[K [01;35m[Kwarning: [m[K‘[01m[Kvoid nvinfer1::IBuilderConfig::setMaxWorkspaceSize(std::size_t)[m[K’ is deprecated [[01;35m[K-Wdeprecated-declarations[m[K]
[1.954s]   511 |   config->setMaxWorkspaceSize(16 * (1 << 20)[01;35m[K)[m[K;  // 16MB
[1.954s]       |                                             [01;35m[K^[m[K
[1.954s] In file included from [01m[K/home/hongbin/Desktop/cv_workspace/src/cv_tensorrt/lib/yolov5/src/model.h:3[m[K,
[1.954s]                  from [01m[K/home/hongbin/Desktop/cv_workspace/src/cv_tensorrt/lib/yolov5/src/model.cpp:1[m[K:
[1.954s] [01m[K/usr/include/x86_64-linux-gnu/NvInfer.h:8747:25:[m[K [01;36m[Knote: [m[Kdeclared here
[1.954s]  8747 |     TRT_DEPRECATED void [01;36m[KsetMaxWorkspaceSize[m[K(std::size_t workspaceSize) noexcept
[1.954s]       |                         [01;36m[K^~~~~~~~~~~~~~~~~~~[m[K
[1.955s] [01m[K/home/hongbin/Desktop/cv_workspace/src/cv_tensorrt/lib/yolov5/src/model.cpp:524:73:[m[K [01;35m[Kwarning: [m[K‘[01m[Knvinfer1::ICudaEngine* nvinfer1::IBuilder::buildEngineWithConfig(nvinfer1::INetworkDefinition&, nvinfer1::IBuilderConfig&)[m[K’ is deprecated [[01;35m[K-Wdeprecated-declarations[m[K]
[1.955s]   524 |   ICudaEngine* engine = builder->buildEngineWithConfig(*network, *config[01;35m[K)[m[K;
[1.955s]       |                                                                         [01;35m[K^[m[K
[1.955s] In file included from [01m[K/home/hongbin/Desktop/cv_workspace/src/cv_tensorrt/lib/yolov5/src/model.h:3[m[K,
[1.955s]                  from [01m[K/home/hongbin/Desktop/cv_workspace/src/cv_tensorrt/lib/yolov5/src/model.cpp:1[m[K:
[1.955s] [01m[K/usr/include/x86_64-linux-gnu/NvInfer.h:9483:43:[m[K [01;36m[Knote: [m[Kdeclared here
[1.955s]  9483 |     TRT_DEPRECATED nvinfer1::ICudaEngine* [01;36m[KbuildEngineWithConfig[m[K(
[1.955s]       |                                           [01;36m[K^~~~~~~~~~~~~~~~~~~~~[m[K
[1.955s] [01m[K/home/hongbin/Desktop/cv_workspace/src/cv_tensorrt/lib/yolov5/src/model.cpp:528:20:[m[K [01;35m[Kwarning: [m[K‘[01m[Kvoid nvinfer1::INetworkDefinition::destroy()[m[K’ is deprecated [[01;35m[K-Wdeprecated-declarations[m[K]
[1.955s]   528 |   network->destroy([01;35m[K)[m[K;
[1.955s]       |                    [01;35m[K^[m[K
[1.956s] In file included from [01m[K/home/hongbin/Desktop/cv_workspace/src/cv_tensorrt/lib/yolov5/src/model.h:3[m[K,
[1.956s]                  from [01m[K/home/hongbin/Desktop/cv_workspace/src/cv_tensorrt/lib/yolov5/src/model.cpp:1[m[K:
[1.956s] [01m[K/usr/include/x86_64-linux-gnu/NvInfer.h:7015:25:[m[K [01;36m[Knote: [m[Kdeclared here
[1.956s]  7015 |     TRT_DEPRECATED void [01;36m[Kdestroy[m[K() noexcept
[1.956s]       |                         [01;36m[K^~~~~~~[m[K
[1.956s] [01m[K/home/hongbin/Desktop/cv_workspace/src/cv_tensorrt/lib/yolov5/src/model.cpp:[m[K In function ‘[01m[Knvinfer1::ICudaEngine* build_seg_engine(unsigned int, nvinfer1::IBuilder*, nvinfer1::IBuilderConfig*, nvinfer1::DataType, float&, float&, std::string&)[m[K’:
[1.956s] [01m[K/home/hongbin/Desktop/cv_workspace/src/cv_tensorrt/lib/yolov5/src/model.cpp:602:40:[m[K [01;35m[Kwarning: [m[K‘[01m[Kvoid nvinfer1::IBuilder::setMaxBatchSize(int32_t)[m[K’ is deprecated [[01;35m[K-Wdeprecated-declarations[m[K]
[1.956s]   602 |   builder->setMaxBatchSize(maxBatchSize[01;35m[K)[m[K;
[1.956s]       |                                        [01;35m[K^[m[K
[1.957s] In file included from [01m[K/home/hongbin/Desktop/cv_workspace/src/cv_tensorrt/lib/yolov5/src/model.h:3[m[K,
[1.957s]                  from [01m[K/home/hongbin/Desktop/cv_workspace/src/cv_tensorrt/lib/yolov5/src/model.cpp:1[m[K:
[1.957s] [01m[K/usr/include/x86_64-linux-gnu/NvInfer.h:9379:25:[m[K [01;36m[Knote: [m[Kdeclared here
[1.957s]  9379 |     TRT_DEPRECATED void [01;36m[KsetMaxBatchSize[m[K(int32_t batchSize) noexcept
[1.957s]       |                         [01;36m[K^~~~~~~~~~~~~~~[m[K
[1.957s] [01m[K/home/hongbin/Desktop/cv_workspace/src/cv_tensorrt/lib/yolov5/src/model.cpp:603:45:[m[K [01;35m[Kwarning: [m[K‘[01m[Kvoid nvinfer1::IBuilderConfig::setMaxWorkspaceSize(std::size_t)[m[K’ is deprecated [[01;35m[K-Wdeprecated-declarations[m[K]
[1.957s]   603 |   config->setMaxWorkspaceSize(16 * (1 << 20)[01;35m[K)[m[K;  // 16MB
[1.957s]       |                                             [01;35m[K^[m[K
[1.957s] In file included from [01m[K/home/hongbin/Desktop/cv_workspace/src/cv_tensorrt/lib/yolov5/src/model.h:3[m[K,
[1.957s]                  from [01m[K/home/hongbin/Desktop/cv_workspace/src/cv_tensorrt/lib/yolov5/src/model.cpp:1[m[K:
[1.957s] [01m[K/usr/include/x86_64-linux-gnu/NvInfer.h:8747:25:[m[K [01;36m[Knote: [m[Kdeclared here
[1.958s]  8747 |     TRT_DEPRECATED void [01;36m[KsetMaxWorkspaceSize[m[K(std::size_t workspaceSize) noexcept
[1.958s]       |                         [01;36m[K^~~~~~~~~~~~~~~~~~~[m[K
[1.958s] [01m[K/home/hongbin/Desktop/cv_workspace/src/cv_tensorrt/lib/yolov5/src/model.cpp:615:73:[m[K [01;35m[Kwarning: [m[K‘[01m[Knvinfer1::ICudaEngine* nvinfer1::IBuilder::buildEngineWithConfig(nvinfer1::INetworkDefinition&, nvinfer1::IBuilderConfig&)[m[K’ is deprecated [[01;35m[K-Wdeprecated-declarations[m[K]
[1.958s]   615 |   ICudaEngine* engine = builder->buildEngineWithConfig(*network, *config[01;35m[K)[m[K;
[1.958s]       |                                                                         [01;35m[K^[m[K
[1.958s] In file included from [01m[K/home/hongbin/Desktop/cv_workspace/src/cv_tensorrt/lib/yolov5/src/model.h:3[m[K,
[1.958s]                  from [01m[K/home/hongbin/Desktop/cv_workspace/src/cv_tensorrt/lib/yolov5/src/model.cpp:1[m[K:
[1.958s] [01m[K/usr/include/x86_64-linux-gnu/NvInfer.h:9483:43:[m[K [01;36m[Knote: [m[Kdeclared here
[1.958s]  9483 |     TRT_DEPRECATED nvinfer1::ICudaEngine* [01;36m[KbuildEngineWithConfig[m[K(
[1.958s]       |                                           [01;36m[K^~~~~~~~~~~~~~~~~~~~~[m[K
[1.959s] [01m[K/home/hongbin/Desktop/cv_workspace/src/cv_tensorrt/lib/yolov5/src/model.cpp:619:20:[m[K [01;35m[Kwarning: [m[K‘[01m[Kvoid nvinfer1::INetworkDefinition::destroy()[m[K’ is deprecated [[01;35m[K-Wdeprecated-declarations[m[K]
[1.959s]   619 |   network->destroy([01;35m[K)[m[K;
[1.959s]       |                    [01;35m[K^[m[K
[1.959s] In file included from [01m[K/home/hongbin/Desktop/cv_workspace/src/cv_tensorrt/lib/yolov5/src/model.h:3[m[K,
[1.959s]                  from [01m[K/home/hongbin/Desktop/cv_workspace/src/cv_tensorrt/lib/yolov5/src/model.cpp:1[m[K:
[1.959s] [01m[K/usr/include/x86_64-linux-gnu/NvInfer.h:7015:25:[m[K [01;36m[Knote: [m[Kdeclared here
[1.959s]  7015 |     TRT_DEPRECATED void [01;36m[Kdestroy[m[K() noexcept
[1.959s]       |                         [01;36m[K^~~~~~~[m[K
[3.727s] In file included from [01m[K/usr/include/c++/9/cassert:44[m[K,
[3.727s]                  from [01m[K/opt/ros/foxy/include/rclcpp/wait_result.hpp:18[m[K,
[3.727s]                  from [01m[K/opt/ros/foxy/include/rclcpp/wait_set_policies/sequential_synchronization.hpp:32[m[K,
[3.727s]                  from [01m[K/opt/ros/foxy/include/rclcpp/wait_set.hpp:26[m[K,
[3.727s]                  from [01m[K/opt/ros/foxy/include/rclcpp/rclcpp.hpp:157[m[K,
[3.728s]                  from [01m[K/home/hongbin/Desktop/cv_workspace/src/cv_tensorrt/src/../include/auto_aim/YOLO.hpp:29[m[K,
[3.728s]                  from [01m[K/home/hongbin/Desktop/cv_workspace/src/cv_tensorrt/src/YOLO.cpp:5[m[K:
[3.728s] [01m[K/home/hongbin/Desktop/cv_workspace/src/cv_tensorrt/src/YOLO.cpp:[m[K In member function ‘[01m[Kvoid YOLO::prepare_buffers(nvinfer1::ICudaEngine*, float**, float**, float**)[m[K’:
[3.728s] [01m[K/home/hongbin/Desktop/cv_workspace/src/cv_tensorrt/src/YOLO.cpp:56:34:[m[K [01;35m[Kwarning: [m[K‘[01m[Kint32_t nvinfer1::ICudaEngine::getNbBindings() const[m[K’ is deprecated [[01;35m[K-Wdeprecated-declarations[m[K]
[3.728s]    56 |     assert(engine->getNbBindings([01;35m[K)[m[K == 2);
[3.728s]       |                                  [01;35m[K^[m[K
[3.728s] In file included from [01m[K/usr/include/x86_64-linux-gnu/NvInfer.h:17[m[K,
[3.728s]                  from [01m[K/home/hongbin/Desktop/cv_workspace/src/cv_tensorrt/lib/yolov5/src/macros.h:4[m[K,
[3.728s]                  from [01m[K/home/hongbin/Desktop/cv_workspace/src/cv_tensorrt/lib/yolov5/src/logging.h:28[m[K,
[3.728s]                  from [01m[K/home/hongbin/Desktop/cv_workspace/src/cv_tensorrt/src/../include/auto_aim/YOLO.hpp:9[m[K,
[3.729s]                  from [01m[K/home/hongbin/Desktop/cv_workspace/src/cv_tensorrt/src/YOLO.cpp:5[m[K:
[3.729s] [01m[K/usr/include/x86_64-linux-gnu/NvInferRuntime.h:1399:28:[m[K [01;36m[Knote: [m[Kdeclared here
[3.729s]  1399 |     TRT_DEPRECATED int32_t [01;36m[KgetNbBindings[m[K() const noexcept
[3.729s]       |                            [01;36m[K^~~~~~~~~~~~~[m[K
[3.729s] [01m[K/home/hongbin/Desktop/cv_workspace/src/cv_tensorrt/src/YOLO.cpp:59:68:[m[K [01;35m[Kwarning: [m[K‘[01m[Kint32_t nvinfer1::ICudaEngine::getBindingIndex(const char*) const[m[K’ is deprecated [[01;35m[K-Wdeprecated-declarations[m[K]
[3.729s]    59 |     const int inputIndex = engine->getBindingIndex(kInputTensorName[01;35m[K)[m[K;
[3.729s]       |                                                                    [01;35m[K^[m[K
[3.729s] In file included from [01m[K/usr/include/x86_64-linux-gnu/NvInfer.h:17[m[K,
[3.729s]                  from [01m[K/home/hongbin/Desktop/cv_workspace/src/cv_tensorrt/lib/yolov5/src/macros.h:4[m[K,
[3.729s]                  from [01m[K/home/hongbin/Desktop/cv_workspace/src/cv_tensorrt/lib/yolov5/src/logging.h:28[m[K,
[3.730s]                  from [01m[K/home/hongbin/Desktop/cv_workspace/src/cv_tensorrt/src/../include/auto_aim/YOLO.hpp:9[m[K,
[3.730s]                  from [01m[K/home/hongbin/Desktop/cv_workspace/src/cv_tensorrt/src/YOLO.cpp:5[m[K:
[3.730s] [01m[K/usr/include/x86_64-linux-gnu/NvInferRuntime.h:1427:28:[m[K [01;36m[Knote: [m[Kdeclared here
[3.730s]  1427 |     TRT_DEPRECATED int32_t [01;36m[KgetBindingIndex[m[K(char const* name) const noexcept
[3.730s]       |                            [01;36m[K^~~~~~~~~~~~~~~[m[K
[3.730s] [01m[K/home/hongbin/Desktop/cv_workspace/src/cv_tensorrt/src/YOLO.cpp:60:70:[m[K [01;35m[Kwarning: [m[K‘[01m[Kint32_t nvinfer1::ICudaEngine::getBindingIndex(const char*) const[m[K’ is deprecated [[01;35m[K-Wdeprecated-declarations[m[K]
[3.730s]    60 |     const int outputIndex = engine->getBindingIndex(kOutputTensorName[01;35m[K)[m[K;
[3.730s]       |                                                                      [01;35m[K^[m[K
[3.730s] In file included from [01m[K/usr/include/x86_64-linux-gnu/NvInfer.h:17[m[K,
[3.730s]                  from [01m[K/home/hongbin/Desktop/cv_workspace/src/cv_tensorrt/lib/yolov5/src/macros.h:4[m[K,
[3.731s]                  from [01m[K/home/hongbin/Desktop/cv_workspace/src/cv_tensorrt/lib/yolov5/src/logging.h:28[m[K,
[3.731s]                  from [01m[K/home/hongbin/Desktop/cv_workspace/src/cv_tensorrt/src/../include/auto_aim/YOLO.hpp:9[m[K,
[3.731s]                  from [01m[K/home/hongbin/Desktop/cv_workspace/src/cv_tensorrt/src/YOLO.cpp:5[m[K:
[3.731s] [01m[K/usr/include/x86_64-linux-gnu/NvInferRuntime.h:1427:28:[m[K [01;36m[Knote: [m[Kdeclared here
[3.731s]  1427 |     TRT_DEPRECATED int32_t [01;36m[KgetBindingIndex[m[K(char const* name) const noexcept
[3.731s]       |                            [01;36m[K^~~~~~~~~~~~~~~[m[K
[3.731s] [01m[K/home/hongbin/Desktop/cv_workspace/src/cv_tensorrt/src/YOLO.cpp:[m[K In member function ‘[01m[Kvoid YOLO::infer(nvinfer1::IExecutionContext&, CUstream_st*&, void**, float*, int)[m[K’:
[3.731s] [01m[K/home/hongbin/Desktop/cv_workspace/src/cv_tensorrt/src/YOLO.cpp:71:60:[m[K [01;35m[Kwarning: [m[K‘[01m[Kbool nvinfer1::IExecutionContext::enqueue(int32_t, void* const*, cudaStream_t, CUevent_st**)[m[K’ is deprecated [[01;35m[K-Wdeprecated-declarations[m[K]
[3.731s]    71 |     context.enqueue(batchsize, gpu_buffers, stream, nullptr[01;35m[K)[m[K;
[3.731s]       |                                                            [01;35m[K^[m[K
[3.731s] In file included from [01m[K/usr/include/x86_64-linux-gnu/NvInfer.h:17[m[K,
[3.732s]                  from [01m[K/home/hongbin/Desktop/cv_workspace/src/cv_tensorrt/lib/yolov5/src/macros.h:4[m[K,
[3.732s]                  from [01m[K/home/hongbin/Desktop/cv_workspace/src/cv_tensorrt/lib/yolov5/src/logging.h:28[m[K,
[3.732s]                  from [01m[K/home/hongbin/Desktop/cv_workspace/src/cv_tensorrt/src/../include/auto_aim/YOLO.hpp:9[m[K,
[3.732s]                  from [01m[K/home/hongbin/Desktop/cv_workspace/src/cv_tensorrt/src/YOLO.cpp:5[m[K:
[3.732s] [01m[K/usr/include/x86_64-linux-gnu/NvInferRuntime.h:2303:25:[m[K [01;36m[Knote: [m[Kdeclared here
[3.732s]  2303 |     TRT_DEPRECATED bool [01;36m[Kenqueue[m[K(
[3.732s]       |                         [01;36m[K^~~~~~~[m[K
[3.732s] [01m[K/home/hongbin/Desktop/cv_workspace/src/cv_tensorrt/src/YOLO.cpp:[m[K In member function ‘[01m[Kvoid YOLO::serialize_engine(unsigned int, bool&, float&, float&, std::string&, std::string&)[m[K’:
[3.732s] [01m[K/home/hongbin/Desktop/cv_workspace/src/cv_tensorrt/src/YOLO.cpp:103:21:[m[K [01;35m[Kwarning: [m[K‘[01m[Kvoid nvinfer1::ICudaEngine::destroy()[m[K’ is deprecated [[01;35m[K-Wdeprecated-declarations[m[K]
[3.732s]   103 |     engine->destroy([01;35m[K)[m[K;
[3.733s]       |                     [01;35m[K^[m[K
[3.733s] In file included from [01m[K/usr/include/x86_64-linux-gnu/NvInfer.h:17[m[K,
[3.733s]                  from [01m[K/home/hongbin/Desktop/cv_workspace/src/cv_tensorrt/lib/yolov5/src/macros.h:4[m[K,
[3.733s]                  from [01m[K/home/hongbin/Desktop/cv_workspace/src/cv_tensorrt/lib/yolov5/src/logging.h:28[m[K,
[3.733s]                  from [01m[K/home/hongbin/Desktop/cv_workspace/src/cv_tensorrt/src/../include/auto_aim/YOLO.hpp:9[m[K,
[3.733s]                  from [01m[K/home/hongbin/Desktop/cv_workspace/src/cv_tensorrt/src/YOLO.cpp:5[m[K:
[3.733s] [01m[K/usr/include/x86_64-linux-gnu/NvInferRuntime.h:1609:25:[m[K [01;36m[Knote: [m[Kdeclared here
[3.733s]  1609 |     TRT_DEPRECATED void [01;36m[Kdestroy[m[K() noexcept
[3.733s]       |                         [01;36m[K^~~~~~~[m[K
[3.733s] [01m[K/home/hongbin/Desktop/cv_workspace/src/cv_tensorrt/src/YOLO.cpp:104:22:[m[K [01;35m[Kwarning: [m[K‘[01m[Kvoid nvinfer1::IBuilder::destroy()[m[K’ is deprecated [[01;35m[K-Wdeprecated-declarations[m[K]
[3.733s]   104 |     builder->destroy([01;35m[K)[m[K;
[3.734s]       |                      [01;35m[K^[m[K
[3.734s] In file included from [01m[K/home/hongbin/Desktop/cv_workspace/src/cv_tensorrt/lib/yolov5/src/macros.h:4[m[K,
[3.734s]                  from [01m[K/home/hongbin/Desktop/cv_workspace/src/cv_tensorrt/lib/yolov5/src/logging.h:28[m[K,
[3.734s]                  from [01m[K/home/hongbin/Desktop/cv_workspace/src/cv_tensorrt/src/../include/auto_aim/YOLO.hpp:9[m[K,
[3.734s]                  from [01m[K/home/hongbin/Desktop/cv_workspace/src/cv_tensorrt/src/YOLO.cpp:5[m[K:
[3.734s] [01m[K/usr/include/x86_64-linux-gnu/NvInfer.h:9422:25:[m[K [01;36m[Knote: [m[Kdeclared here
[3.734s]  9422 |     TRT_DEPRECATED void [01;36m[Kdestroy[m[K() noexcept
[3.734s]       |                         [01;36m[K^~~~~~~[m[K
[3.734s] [01m[K/home/hongbin/Desktop/cv_workspace/src/cv_tensorrt/src/YOLO.cpp:105:21:[m[K [01;35m[Kwarning: [m[K‘[01m[Kvoid nvinfer1::IBuilderConfig::destroy()[m[K’ is deprecated [[01;35m[K-Wdeprecated-declarations[m[K]
[3.734s]   105 |     config->destroy([01;35m[K)[m[K;
[3.734s]       |                     [01;35m[K^[m[K
[3.735s] In file included from [01m[K/home/hongbin/Desktop/cv_workspace/src/cv_tensorrt/lib/yolov5/src/macros.h:4[m[K,
[3.735s]                  from [01m[K/home/hongbin/Desktop/cv_workspace/src/cv_tensorrt/lib/yolov5/src/logging.h:28[m[K,
[3.735s]                  from [01m[K/home/hongbin/Desktop/cv_workspace/src/cv_tensorrt/src/../include/auto_aim/YOLO.hpp:9[m[K,
[3.735s]                  from [01m[K/home/hongbin/Desktop/cv_workspace/src/cv_tensorrt/src/YOLO.cpp:5[m[K:
[3.735s] [01m[K/usr/include/x86_64-linux-gnu/NvInfer.h:8950:25:[m[K [01;36m[Knote: [m[Kdeclared here
[3.735s]  8950 |     TRT_DEPRECATED void [01;36m[Kdestroy[m[K() noexcept
[3.735s]       |                         [01;36m[K^~~~~~~[m[K
[3.735s] [01m[K/home/hongbin/Desktop/cv_workspace/src/cv_tensorrt/src/YOLO.cpp:106:32:[m[K [01;35m[Kwarning: [m[K‘[01m[Kvoid nvinfer1::IHostMemory::destroy()[m[K’ is deprecated [[01;35m[K-Wdeprecated-declarations[m[K]
[3.735s]   106 |     serialized_engine->destroy([01;35m[K)[m[K;
[3.735s]       |                                [01;35m[K^[m[K
[3.735s] In file included from [01m[K/usr/include/x86_64-linux-gnu/NvInfer.h:17[m[K,
[3.736s]                  from [01m[K/home/hongbin/Desktop/cv_workspace/src/cv_tensorrt/lib/yolov5/src/macros.h:4[m[K,
[3.736s]                  from [01m[K/home/hongbin/Desktop/cv_workspace/src/cv_tensorrt/lib/yolov5/src/logging.h:28[m[K,
[3.736s]                  from [01m[K/home/hongbin/Desktop/cv_workspace/src/cv_tensorrt/src/../include/auto_aim/YOLO.hpp:9[m[K,
[3.736s]                  from [01m[K/home/hongbin/Desktop/cv_workspace/src/cv_tensorrt/src/YOLO.cpp:5[m[K:
[3.736s] [01m[K/usr/include/x86_64-linux-gnu/NvInferRuntime.h:172:25:[m[K [01;36m[Knote: [m[Kdeclared here
[3.736s]   172 |     TRT_DEPRECATED void [01;36m[Kdestroy[m[K() noexcept
[3.736s]       |                         [01;36m[K^~~~~~~[m[K
[3.811s] [01m[K/home/hongbin/Desktop/cv_workspace/src/cv_tensorrt/src/main.cpp:[m[K In function ‘[01m[Kint main(int, char**)[m[K’:
[3.811s] [01m[K/home/hongbin/Desktop/cv_workspace/src/cv_tensorrt/src/main.cpp:207:22:[m[K [01;35m[Kwarning: [m[K‘[01m[Kvoid nvinfer1::IExecutionContext::destroy()[m[K’ is deprecated [[01;35m[K-Wdeprecated-declarations[m[K]
[3.811s]   207 |     context->destroy([01;35m[K)[m[K;
[3.811s]       |                      [01;35m[K^[m[K
[3.811s] In file included from [01m[K/usr/include/x86_64-linux-gnu/NvInfer.h:17[m[K,
[3.811s]                  from [01m[K/home/hongbin/Desktop/cv_workspace/src/cv_tensorrt/lib/yolov5/src/macros.h:4[m[K,
[3.812s]                  from [01m[K/home/hongbin/Desktop/cv_workspace/src/cv_tensorrt/lib/yolov5/src/logging.h:28[m[K,
[3.812s]                  from [01m[K/home/hongbin/Desktop/cv_workspace/src/cv_tensorrt/src/../include/auto_aim/YOLO.hpp:9[m[K,
[3.812s]                  from [01m[K/home/hongbin/Desktop/cv_workspace/src/cv_tensorrt/src/main.cpp:1[m[K:
[3.812s] [01m[K/usr/include/x86_64-linux-gnu/NvInferRuntime.h:2369:25:[m[K [01;36m[Knote: [m[Kdeclared here
[3.812s]  2369 |     TRT_DEPRECATED void [01;36m[Kdestroy[m[K() noexcept
[3.812s]       |                         [01;36m[K^~~~~~~[m[K
[3.812s] [01m[K/home/hongbin/Desktop/cv_workspace/src/cv_tensorrt/src/main.cpp:208:21:[m[K [01;35m[Kwarning: [m[K‘[01m[Kvoid nvinfer1::ICudaEngine::destroy()[m[K’ is deprecated [[01;35m[K-Wdeprecated-declarations[m[K]
[3.812s]   208 |     engine->destroy([01;35m[K)[m[K;
[3.812s]       |                     [01;35m[K^[m[K
[3.812s] In file included from [01m[K/usr/include/x86_64-linux-gnu/NvInfer.h:17[m[K,
[3.812s]                  from [01m[K/home/hongbin/Desktop/cv_workspace/src/cv_tensorrt/lib/yolov5/src/macros.h:4[m[K,
[3.812s]                  from [01m[K/home/hongbin/Desktop/cv_workspace/src/cv_tensorrt/lib/yolov5/src/logging.h:28[m[K,
[3.813s]                  from [01m[K/home/hongbin/Desktop/cv_workspace/src/cv_tensorrt/src/../include/auto_aim/YOLO.hpp:9[m[K,
[3.813s]                  from [01m[K/home/hongbin/Desktop/cv_workspace/src/cv_tensorrt/src/main.cpp:1[m[K:
[3.813s] [01m[K/usr/include/x86_64-linux-gnu/NvInferRuntime.h:1609:25:[m[K [01;36m[Knote: [m[Kdeclared here
[3.813s]  1609 |     TRT_DEPRECATED void [01;36m[Kdestroy[m[K() noexcept
[3.813s]       |                         [01;36m[K^~~~~~~[m[K
[3.813s] [01m[K/home/hongbin/Desktop/cv_workspace/src/cv_tensorrt/src/main.cpp:209:22:[m[K [01;35m[Kwarning: [m[K‘[01m[Kvoid nvinfer1::IRuntime::destroy()[m[K’ is deprecated [[01;35m[K-Wdeprecated-declarations[m[K]
[3.813s]   209 |     runtime->destroy([01;35m[K)[m[K;
[3.813s]       |                      [01;35m[K^[m[K
[3.813s] In file included from [01m[K/usr/include/x86_64-linux-gnu/NvInfer.h:17[m[K,
[3.813s]                  from [01m[K/home/hongbin/Desktop/cv_workspace/src/cv_tensorrt/lib/yolov5/src/macros.h:4[m[K,
[3.813s]                  from [01m[K/home/hongbin/Desktop/cv_workspace/src/cv_tensorrt/lib/yolov5/src/logging.h:28[m[K,
[3.814s]                  from [01m[K/home/hongbin/Desktop/cv_workspace/src/cv_tensorrt/src/../include/auto_aim/YOLO.hpp:9[m[K,
[3.814s]                  from [01m[K/home/hongbin/Desktop/cv_workspace/src/cv_tensorrt/src/main.cpp:1[m[K:
[3.814s] [01m[K/usr/include/x86_64-linux-gnu/NvInferRuntime.h:682:25:[m[K [01;36m[Knote: [m[Kdeclared here
[3.814s]   682 |     TRT_DEPRECATED void [01;36m[Kdestroy[m[K() noexcept
[3.814s]       |                         [01;36m[K^~~~~~~[m[K
[6.286s] [100%] [32m[1mLinking CXX executable cv_tensorrt[0m
[6.574s] [100%] Built target cv_tensorrt
[6.581s] Invoked command in '/home/hongbin/Desktop/cv_workspace/build/cv_tensorrt' returned '0': CMAKE_PREFIX_PATH=/opt/ros/foxy /usr/bin/cmake --build /home/hongbin/Desktop/cv_workspace/build/cv_tensorrt -- -j12 -l12
[6.600s] Invoking command in '/home/hongbin/Desktop/cv_workspace/build/cv_tensorrt': CMAKE_PREFIX_PATH=/opt/ros/foxy /usr/bin/cmake --install /home/hongbin/Desktop/cv_workspace/build/cv_tensorrt
[6.603s] -- Install configuration: "Debug"
[6.604s] -- Installing: /home/hongbin/Desktop/cv_workspace/install/cv_tensorrt/lib/cv_tensorrt/cv_tensorrt
[6.607s] -- Set runtime path of "/home/hongbin/Desktop/cv_workspace/install/cv_tensorrt/lib/cv_tensorrt/cv_tensorrt" to ""
[6.607s] -- Up-to-date: /home/hongbin/Desktop/cv_workspace/install/cv_tensorrt/share/cv_tensorrt//launch
[6.608s] -- Up-to-date: /home/hongbin/Desktop/cv_workspace/install/cv_tensorrt/share/cv_tensorrt//launch/cv_tensorrt_launch.py
[6.608s] -- Up-to-date: /home/hongbin/Desktop/cv_workspace/install/cv_tensorrt/share/cv_tensorrt//config
[6.608s] -- Up-to-date: /home/hongbin/Desktop/cv_workspace/install/cv_tensorrt/share/cv_tensorrt//config/yolov5_det
[6.608s] -- Up-to-date: /home/hongbin/Desktop/cv_workspace/install/cv_tensorrt/share/cv_tensorrt//config/yolov5s.wts
[6.608s] -- Up-to-date: /home/hongbin/Desktop/cv_workspace/install/cv_tensorrt/share/cv_tensorrt//config/autoAim.yaml
[6.608s] -- Up-to-date: /home/hongbin/Desktop/cv_workspace/install/cv_tensorrt/lib/my_plugin
[6.608s] -- Up-to-date: /home/hongbin/Desktop/cv_workspace/install/cv_tensorrt/lib/my_plugin/armor.engine
[6.608s] -- Up-to-date: /home/hongbin/Desktop/cv_workspace/install/cv_tensorrt/lib/my_plugin/yolov5s.engine
[6.608s] -- Up-to-date: /home/hongbin/Desktop/cv_workspace/install/cv_tensorrt/lib/my_plugin/libmyplugins.so
[6.609s] -- Up-to-date: /home/hongbin/Desktop/cv_workspace/install/cv_tensorrt/share/ament_index/resource_index/package_run_dependencies/cv_tensorrt
[6.609s] -- Up-to-date: /home/hongbin/Desktop/cv_workspace/install/cv_tensorrt/share/ament_index/resource_index/parent_prefix_path/cv_tensorrt
[6.609s] -- Up-to-date: /home/hongbin/Desktop/cv_workspace/install/cv_tensorrt/share/cv_tensorrt/environment/ament_prefix_path.sh
[6.609s] -- Up-to-date: /home/hongbin/Desktop/cv_workspace/install/cv_tensorrt/share/cv_tensorrt/environment/ament_prefix_path.dsv
[6.609s] -- Up-to-date: /home/hongbin/Desktop/cv_workspace/install/cv_tensorrt/share/cv_tensorrt/environment/path.sh
[6.609s] -- Up-to-date: /home/hongbin/Desktop/cv_workspace/install/cv_tensorrt/share/cv_tensorrt/environment/path.dsv
[6.609s] -- Up-to-date: /home/hongbin/Desktop/cv_workspace/install/cv_tensorrt/share/cv_tensorrt/local_setup.bash
[6.609s] -- Up-to-date: /home/hongbin/Desktop/cv_workspace/install/cv_tensorrt/share/cv_tensorrt/local_setup.sh
[6.609s] -- Up-to-date: /home/hongbin/Desktop/cv_workspace/install/cv_tensorrt/share/cv_tensorrt/local_setup.zsh
[6.609s] -- Up-to-date: /home/hongbin/Desktop/cv_workspace/install/cv_tensorrt/share/cv_tensorrt/local_setup.dsv
[6.609s] -- Installing: /home/hongbin/Desktop/cv_workspace/install/cv_tensorrt/share/cv_tensorrt/package.dsv
[6.609s] -- Up-to-date: /home/hongbin/Desktop/cv_workspace/install/cv_tensorrt/share/ament_index/resource_index/packages/cv_tensorrt
[6.609s] -- Up-to-date: /home/hongbin/Desktop/cv_workspace/install/cv_tensorrt/share/cv_tensorrt/cmake/ament_cmake_export_dependencies-extras.cmake
[6.610s] -- Up-to-date: /home/hongbin/Desktop/cv_workspace/install/cv_tensorrt/share/cv_tensorrt/cmake/cv_tensorrtConfig.cmake
[6.610s] -- Up-to-date: /home/hongbin/Desktop/cv_workspace/install/cv_tensorrt/share/cv_tensorrt/cmake/cv_tensorrtConfig-version.cmake
[6.610s] -- Up-to-date: /home/hongbin/Desktop/cv_workspace/install/cv_tensorrt/share/cv_tensorrt/package.xml
[6.611s] Invoked command in '/home/hongbin/Desktop/cv_workspace/build/cv_tensorrt' returned '0': CMAKE_PREFIX_PATH=/opt/ros/foxy /usr/bin/cmake --install /home/hongbin/Desktop/cv_workspace/build/cv_tensorrt
