[0.012s] Invoking command in '/home/hongbin/Desktop/cv_workspace/build/cv_tensorrt': CMAKE_PREFIX_PATH=${CMAKE_PREFIX_PATH}:/opt/ros/foxy /usr/bin/cmake --build /home/hongbin/Desktop/cv_workspace/build/cv_tensorrt -- -j12 -l12
[0.023s] -- Found ament_cmake: 0.9.11 (/opt/ros/foxy/share/ament_cmake/cmake)
[0.038s] -- Using PYTHON_EXECUTABLE: /usr/bin/python3
[0.194s] -- Found rclcpp: 2.4.2 (/opt/ros/foxy/share/rclcpp/cmake)
[0.215s] -- Using all available rosidl_typesupport_c: rosidl_typesupport_fastrtps_c;rosidl_typesupport_introspection_c
[0.218s] -- Found rosidl_adapter: 1.3.0 (/opt/ros/foxy/share/rosidl_adapter/cmake)
[0.296s] -- Using all available rosidl_typesupport_cpp: rosidl_typesupport_fastrtps_cpp;rosidl_typesupport_introspection_cpp
[0.326s] -- Found rmw_implementation_cmake: 1.0.3 (/opt/ros/foxy/share/rmw_implementation_cmake/cmake)
[0.327s] -- Using RMW implementation 'rmw_fastrtps_cpp' as default
[0.420s] -- Found ament_lint_auto: 0.9.7 (/opt/ros/foxy/share/ament_lint_auto/cmake)
[0.473s] -- Added test 'copyright' to check source files copyright and LICENSE
[0.483s] -- Added test 'cppcheck' to perform static code analysis on C / C++ code
[0.483s] -- Configured cppcheck include dirs: /home/hongbin/Desktop/cv_workspace/src/cv_tensorrt/lib/yolov5/src;/home/hongbin/Desktop/cv_workspace/src/cv_tensorrt/lib/yolov5/plugin;$<BUILD_INTERFACE:/home/hongbin/Desktop/cv_workspace/src/cv_tensorrt/include>
[0.483s] -- Configured cppcheck exclude dirs and/or files: 
[0.493s] -- Added test 'cpplint' to check C / C++ code against the Google style
[0.493s] -- Configured cpplint exclude dirs and/or files: 
[0.495s] -- Added test 'flake8' to check Python code syntax and style conventions
[0.497s] -- Added test 'lint_cmake' to check CMake code style
[0.499s] -- Added test 'pep257' to check Python code against some of the style conventions in PEP 257
[0.509s] -- Added test 'uncrustify' to check C / C++ code style
[0.510s] -- Configured uncrustify additional arguments: 
[0.511s] -- Added test 'xmllint' to check XML markup files
[0.512s] -- Configuring done
[0.522s] -- Generating done
[0.523s] -- Build files have been written to: /home/hongbin/Desktop/cv_workspace/build/cv_tensorrt
[0.537s] [ 20%] Built target myplugins
[0.557s] [100%] Built target cv_tensorrt
[0.560s] Invoked command in '/home/hongbin/Desktop/cv_workspace/build/cv_tensorrt' returned '0': CMAKE_PREFIX_PATH=${CMAKE_PREFIX_PATH}:/opt/ros/foxy /usr/bin/cmake --build /home/hongbin/Desktop/cv_workspace/build/cv_tensorrt -- -j12 -l12
[0.582s] Invoking command in '/home/hongbin/Desktop/cv_workspace/build/cv_tensorrt': CMAKE_PREFIX_PATH=${CMAKE_PREFIX_PATH}:/opt/ros/foxy /usr/bin/cmake --install /home/hongbin/Desktop/cv_workspace/build/cv_tensorrt
[0.584s] -- Install configuration: "Debug"
[0.584s] -- Up-to-date: /home/hongbin/Desktop/cv_workspace/install/cv_tensorrt/lib/cv_tensorrt/cv_tensorrt
[0.584s] -- Up-to-date: /home/hongbin/Desktop/cv_workspace/install/cv_tensorrt/share/cv_tensorrt//launch
[0.584s] -- Up-to-date: /home/hongbin/Desktop/cv_workspace/install/cv_tensorrt/share/cv_tensorrt//launch/cv_tensorrt_launch.py
[0.584s] -- Up-to-date: /home/hongbin/Desktop/cv_workspace/install/cv_tensorrt/share/cv_tensorrt//config
[0.584s] -- Up-to-date: /home/hongbin/Desktop/cv_workspace/install/cv_tensorrt/share/cv_tensorrt//config/yolov5_det
[0.584s] -- Up-to-date: /home/hongbin/Desktop/cv_workspace/install/cv_tensorrt/share/cv_tensorrt//config/yolov5s.wts
[0.584s] -- Up-to-date: /home/hongbin/Desktop/cv_workspace/install/cv_tensorrt/share/cv_tensorrt//config/autoAim.yaml
[0.584s] -- Installing: /home/hongbin/Desktop/cv_workspace/install/cv_tensorrt/lib/libmyplugins.so
[0.585s] -- Up-to-date: /home/hongbin/Desktop/cv_workspace/install/cv_tensorrt/share/ament_index/resource_index/package_run_dependencies/cv_tensorrt
[0.585s] -- Up-to-date: /home/hongbin/Desktop/cv_workspace/install/cv_tensorrt/share/ament_index/resource_index/parent_prefix_path/cv_tensorrt
[0.585s] -- Up-to-date: /home/hongbin/Desktop/cv_workspace/install/cv_tensorrt/share/cv_tensorrt/environment/ament_prefix_path.sh
[0.585s] -- Installing: /home/hongbin/Desktop/cv_workspace/install/cv_tensorrt/share/cv_tensorrt/environment/ament_prefix_path.dsv
[0.585s] -- Up-to-date: /home/hongbin/Desktop/cv_workspace/install/cv_tensorrt/share/cv_tensorrt/environment/path.sh
[0.585s] -- Installing: /home/hongbin/Desktop/cv_workspace/install/cv_tensorrt/share/cv_tensorrt/environment/path.dsv
[0.585s] -- Up-to-date: /home/hongbin/Desktop/cv_workspace/install/cv_tensorrt/share/cv_tensorrt/local_setup.bash
[0.585s] -- Up-to-date: /home/hongbin/Desktop/cv_workspace/install/cv_tensorrt/share/cv_tensorrt/local_setup.sh
[0.585s] -- Up-to-date: /home/hongbin/Desktop/cv_workspace/install/cv_tensorrt/share/cv_tensorrt/local_setup.zsh
[0.585s] -- Installing: /home/hongbin/Desktop/cv_workspace/install/cv_tensorrt/share/cv_tensorrt/local_setup.dsv
[0.585s] -- Installing: /home/hongbin/Desktop/cv_workspace/install/cv_tensorrt/share/cv_tensorrt/package.dsv
[0.585s] -- Up-to-date: /home/hongbin/Desktop/cv_workspace/install/cv_tensorrt/share/ament_index/resource_index/packages/cv_tensorrt
[0.586s] -- Up-to-date: /home/hongbin/Desktop/cv_workspace/install/cv_tensorrt/share/cv_tensorrt/cmake/ament_cmake_export_dependencies-extras.cmake
[0.586s] -- Up-to-date: /home/hongbin/Desktop/cv_workspace/install/cv_tensorrt/share/cv_tensorrt/cmake/cv_tensorrtConfig.cmake
[0.586s] -- Up-to-date: /home/hongbin/Desktop/cv_workspace/install/cv_tensorrt/share/cv_tensorrt/cmake/cv_tensorrtConfig-version.cmake
[0.586s] -- Up-to-date: /home/hongbin/Desktop/cv_workspace/install/cv_tensorrt/share/cv_tensorrt/package.xml
[0.587s] Invoked command in '/home/hongbin/Desktop/cv_workspace/build/cv_tensorrt' returned '0': CMAKE_PREFIX_PATH=${CMAKE_PREFIX_PATH}:/opt/ros/foxy /usr/bin/cmake --install /home/hongbin/Desktop/cv_workspace/build/cv_tensorrt
