[0.239s] DEBUG:colcon:Command line arguments: ['/usr/bin/colcon', 'build']
[0.239s] DEBUG:colcon:Parsed command line arguments: Namespace(allow_overriding=[], ament_cmake_args=None, base_paths=['.'], build_base='build', catkin_cmake_args=None, catkin_skip_building_tests=False, cmake_args=None, cmake_clean_cache=False, cmake_clean_first=False, cmake_force_configure=False, cmake_target=None, cmake_target_skip_unavailable=False, continue_on_error=False, event_handlers=None, executor='parallel', ignore_user_meta=False, install_base='install', log_base=None, log_level=None, main=<bound method BuildVerb.main of <colcon_core.verb.build.BuildVerb object at 0x7f7e3343c100>>, merge_install=False, metas=['./colcon.meta'], packages_above=None, packages_above_and_dependencies=None, packages_above_depth=None, packages_end=None, packages_ignore=None, packages_ignore_regex=None, packages_select=None, packages_select_build_failed=False, packages_select_by_dep=None, packages_select_regex=None, packages_select_test_failures=False, packages_skip=None, packages_skip_build_finished=False, packages_skip_by_dep=None, packages_skip_regex=None, packages_skip_test_passed=False, packages_skip_up_to=None, packages_start=None, packages_up_to=None, packages_up_to_regex=None, parallel_workers=12, paths=None, symlink_install=False, test_result_base=None, verb_extension=<colcon_core.verb.build.BuildVerb object at 0x7f7e3343c100>, verb_name='build', verb_parser=<colcon_defaults.argument_parser.defaults.DefaultArgumentsDecorator object at 0x7f7e3343c640>)
[0.259s] Level 1:colcon.colcon_core.package_discovery:discover_packages(colcon_meta) check parameters
[0.259s] Level 1:colcon.colcon_core.package_discovery:discover_packages(recursive) check parameters
[0.259s] Level 1:colcon.colcon_core.package_discovery:discover_packages(ignore) check parameters
[0.259s] Level 1:colcon.colcon_core.package_discovery:discover_packages(path) check parameters
[0.259s] Level 1:colcon.colcon_core.package_discovery:discover_packages(colcon_meta) discover
[0.259s] Level 1:colcon.colcon_core.package_discovery:discover_packages(recursive) discover
[0.259s] INFO:colcon.colcon_core.package_discovery:Crawling recursively for packages in '/home/hongbin/Desktop/cv_workspace'
[0.259s] Level 1:colcon.colcon_core.package_identification:_identify(.) by extensions ['ignore', 'ignore_ament_install']
[0.259s] Level 1:colcon.colcon_core.package_identification:_identify(.) by extension 'ignore'
[0.260s] Level 1:colcon.colcon_core.package_identification:_identify(.) by extension 'ignore_ament_install'
[0.260s] Level 1:colcon.colcon_core.package_identification:_identify(.) by extensions ['colcon_pkg']
[0.260s] Level 1:colcon.colcon_core.package_identification:_identify(.) by extension 'colcon_pkg'
[0.260s] Level 1:colcon.colcon_core.package_identification:_identify(.) by extensions ['colcon_meta']
[0.260s] Level 1:colcon.colcon_core.package_identification:_identify(.) by extension 'colcon_meta'
[0.260s] Level 1:colcon.colcon_core.package_identification:_identify(.) by extensions ['ros']
[0.260s] Level 1:colcon.colcon_core.package_identification:_identify(.) by extension 'ros'
[0.280s] Level 1:colcon.colcon_core.package_identification:_identify(.) by extensions ['cmake', 'python']
[0.280s] Level 1:colcon.colcon_core.package_identification:_identify(.) by extension 'cmake'
[0.280s] Level 1:colcon.colcon_core.package_identification:_identify(.) by extension 'python'
[0.281s] Level 1:colcon.colcon_core.package_identification:_identify(.) by extensions ['python_setup_py']
[0.281s] Level 1:colcon.colcon_core.package_identification:_identify(.) by extension 'python_setup_py'
[0.281s] Level 1:colcon.colcon_core.package_identification:_identify(build) by extensions ['ignore', 'ignore_ament_install']
[0.281s] Level 1:colcon.colcon_core.package_identification:_identify(build) by extension 'ignore'
[0.281s] Level 1:colcon.colcon_core.package_identification:_identify(build) ignored
[0.281s] Level 1:colcon.colcon_core.package_identification:_identify(install) by extensions ['ignore', 'ignore_ament_install']
[0.281s] Level 1:colcon.colcon_core.package_identification:_identify(install) by extension 'ignore'
[0.281s] Level 1:colcon.colcon_core.package_identification:_identify(install) ignored
[0.281s] Level 1:colcon.colcon_core.package_identification:_identify(log) by extensions ['ignore', 'ignore_ament_install']
[0.281s] Level 1:colcon.colcon_core.package_identification:_identify(log) by extension 'ignore'
[0.281s] Level 1:colcon.colcon_core.package_identification:_identify(log) ignored
[0.281s] Level 1:colcon.colcon_core.package_identification:_identify(src) by extensions ['ignore', 'ignore_ament_install']
[0.281s] Level 1:colcon.colcon_core.package_identification:_identify(src) by extension 'ignore'
[0.281s] Level 1:colcon.colcon_core.package_identification:_identify(src) by extension 'ignore_ament_install'
[0.282s] Level 1:colcon.colcon_core.package_identification:_identify(src) by extensions ['colcon_pkg']
[0.282s] Level 1:colcon.colcon_core.package_identification:_identify(src) by extension 'colcon_pkg'
[0.282s] Level 1:colcon.colcon_core.package_identification:_identify(src) by extensions ['colcon_meta']
[0.282s] Level 1:colcon.colcon_core.package_identification:_identify(src) by extension 'colcon_meta'
[0.282s] Level 1:colcon.colcon_core.package_identification:_identify(src) by extensions ['ros']
[0.282s] Level 1:colcon.colcon_core.package_identification:_identify(src) by extension 'ros'
[0.282s] Level 1:colcon.colcon_core.package_identification:_identify(src) by extensions ['cmake', 'python']
[0.282s] Level 1:colcon.colcon_core.package_identification:_identify(src) by extension 'cmake'
[0.282s] Level 1:colcon.colcon_core.package_identification:_identify(src) by extension 'python'
[0.282s] Level 1:colcon.colcon_core.package_identification:_identify(src) by extensions ['python_setup_py']
[0.282s] Level 1:colcon.colcon_core.package_identification:_identify(src) by extension 'python_setup_py'
[0.282s] Level 1:colcon.colcon_core.package_identification:_identify(src/cv_tensorrt) by extensions ['ignore', 'ignore_ament_install']
[0.282s] Level 1:colcon.colcon_core.package_identification:_identify(src/cv_tensorrt) by extension 'ignore'
[0.282s] Level 1:colcon.colcon_core.package_identification:_identify(src/cv_tensorrt) by extension 'ignore_ament_install'
[0.282s] Level 1:colcon.colcon_core.package_identification:_identify(src/cv_tensorrt) by extensions ['colcon_pkg']
[0.282s] Level 1:colcon.colcon_core.package_identification:_identify(src/cv_tensorrt) by extension 'colcon_pkg'
[0.282s] Level 1:colcon.colcon_core.package_identification:_identify(src/cv_tensorrt) by extensions ['colcon_meta']
[0.282s] Level 1:colcon.colcon_core.package_identification:_identify(src/cv_tensorrt) by extension 'colcon_meta'
[0.282s] Level 1:colcon.colcon_core.package_identification:_identify(src/cv_tensorrt) by extensions ['ros']
[0.282s] Level 1:colcon.colcon_core.package_identification:_identify(src/cv_tensorrt) by extension 'ros'
[0.284s] DEBUG:colcon.colcon_core.package_identification:Package 'src/cv_tensorrt' with type 'ros.ament_cmake' and name 'cv_tensorrt'
[0.284s] Level 1:colcon.colcon_core.package_discovery:discover_packages(recursive) using defaults
[0.284s] Level 1:colcon.colcon_core.package_discovery:discover_packages(ignore) discover
[0.284s] Level 1:colcon.colcon_core.package_discovery:discover_packages(ignore) using defaults
[0.284s] Level 1:colcon.colcon_core.package_discovery:discover_packages(path) discover
[0.284s] Level 1:colcon.colcon_core.package_discovery:discover_packages(path) using defaults
[0.298s] Level 1:colcon.colcon_core.package_discovery:discover_packages(prefix_path) check parameters
[0.298s] Level 1:colcon.colcon_core.package_discovery:discover_packages(prefix_path) discover
[0.300s] DEBUG:colcon.colcon_installed_package_information.package_discovery:Found 1 installed packages in /home/hongbin/Desktop/cv_workspace/install
[0.302s] DEBUG:colcon.colcon_installed_package_information.package_discovery:Found 256 installed packages in /opt/ros/foxy
[0.303s] Level 1:colcon.colcon_core.package_discovery:discover_packages(prefix_path) using defaults
[0.353s] Level 5:colcon.colcon_core.verb:set package 'cv_tensorrt' build argument 'cmake_args' from command line to 'None'
[0.353s] Level 5:colcon.colcon_core.verb:set package 'cv_tensorrt' build argument 'cmake_target' from command line to 'None'
[0.353s] Level 5:colcon.colcon_core.verb:set package 'cv_tensorrt' build argument 'cmake_target_skip_unavailable' from command line to 'False'
[0.353s] Level 5:colcon.colcon_core.verb:set package 'cv_tensorrt' build argument 'cmake_clean_cache' from command line to 'False'
[0.353s] Level 5:colcon.colcon_core.verb:set package 'cv_tensorrt' build argument 'cmake_clean_first' from command line to 'False'
[0.353s] Level 5:colcon.colcon_core.verb:set package 'cv_tensorrt' build argument 'cmake_force_configure' from command line to 'False'
[0.353s] Level 5:colcon.colcon_core.verb:set package 'cv_tensorrt' build argument 'ament_cmake_args' from command line to 'None'
[0.353s] Level 5:colcon.colcon_core.verb:set package 'cv_tensorrt' build argument 'catkin_cmake_args' from command line to 'None'
[0.353s] Level 5:colcon.colcon_core.verb:set package 'cv_tensorrt' build argument 'catkin_skip_building_tests' from command line to 'False'
[0.353s] DEBUG:colcon.colcon_core.verb:Building package 'cv_tensorrt' with the following arguments: {'ament_cmake_args': None, 'build_base': '/home/hongbin/Desktop/cv_workspace/build/cv_tensorrt', 'catkin_cmake_args': None, 'catkin_skip_building_tests': False, 'cmake_args': None, 'cmake_clean_cache': False, 'cmake_clean_first': False, 'cmake_force_configure': False, 'cmake_target': None, 'cmake_target_skip_unavailable': False, 'install_base': '/home/hongbin/Desktop/cv_workspace/install/cv_tensorrt', 'merge_install': False, 'path': '/home/hongbin/Desktop/cv_workspace/src/cv_tensorrt', 'symlink_install': False, 'test_result_base': None}
[0.354s] INFO:colcon.colcon_core.executor:Executing jobs using 'parallel' executor
[0.356s] DEBUG:colcon.colcon_parallel_executor.executor.parallel:run_until_complete
[0.357s] INFO:colcon.colcon_ros.task.ament_cmake.build:Building ROS package in '/home/hongbin/Desktop/cv_workspace/src/cv_tensorrt' with build type 'ament_cmake'
[0.357s] INFO:colcon.colcon_cmake.task.cmake.build:Building CMake package in '/home/hongbin/Desktop/cv_workspace/src/cv_tensorrt'
[0.360s] INFO:colcon.colcon_core.plugin_system:Skipping extension 'colcon_core.shell.bat': Not used on non-Windows systems
[0.360s] INFO:colcon.colcon_core.shell:Skip shell extension 'powershell' for command environment: Not usable outside of PowerShell
[0.360s] DEBUG:colcon.colcon_core.shell:Skip shell extension 'dsv' for command environment
[0.370s] DEBUG:colcon.colcon_core.event_handler.log_command:Invoking command in '/home/hongbin/Desktop/cv_workspace/build/cv_tensorrt': CMAKE_PREFIX_PATH=${CMAKE_PREFIX_PATH}:/opt/ros/foxy /usr/bin/cmake --build /home/hongbin/Desktop/cv_workspace/build/cv_tensorrt -- -j12 -l12
[5.453s] DEBUG:colcon.colcon_core.event_handler.log_command:Invoked command in '/home/hongbin/Desktop/cv_workspace/build/cv_tensorrt' returned '0': CMAKE_PREFIX_PATH=${CMAKE_PREFIX_PATH}:/opt/ros/foxy /usr/bin/cmake --build /home/hongbin/Desktop/cv_workspace/build/cv_tensorrt -- -j12 -l12
[5.483s] DEBUG:colcon.colcon_core.event_handler.log_command:Invoking command in '/home/hongbin/Desktop/cv_workspace/build/cv_tensorrt': CMAKE_PREFIX_PATH=${CMAKE_PREFIX_PATH}:/opt/ros/foxy /usr/bin/cmake --install /home/hongbin/Desktop/cv_workspace/build/cv_tensorrt
[5.493s] Level 1:colcon.colcon_core.environment:create_environment_scripts_only(cv_tensorrt)
[5.498s] DEBUG:colcon.colcon_core.event_handler.log_command:Invoked command in '/home/hongbin/Desktop/cv_workspace/build/cv_tensorrt' returned '0': CMAKE_PREFIX_PATH=${CMAKE_PREFIX_PATH}:/opt/ros/foxy /usr/bin/cmake --install /home/hongbin/Desktop/cv_workspace/build/cv_tensorrt
[5.501s] Level 1:colcon.colcon_core.environment:checking '/home/hongbin/Desktop/cv_workspace/install/cv_tensorrt' for CMake module files
[5.501s] Level 1:colcon.colcon_core.environment:checking '/home/hongbin/Desktop/cv_workspace/install/cv_tensorrt' for CMake config files
[5.502s] Level 1:colcon.colcon_core.shell:create_environment_hook('cv_tensorrt', 'cmake_prefix_path')
[5.503s] INFO:colcon.colcon_core.shell:Creating environment hook '/home/hongbin/Desktop/cv_workspace/install/cv_tensorrt/share/cv_tensorrt/hook/cmake_prefix_path.ps1'
[5.504s] INFO:colcon.colcon_core.shell:Creating environment descriptor '/home/hongbin/Desktop/cv_workspace/install/cv_tensorrt/share/cv_tensorrt/hook/cmake_prefix_path.dsv'
[5.504s] INFO:colcon.colcon_core.shell:Creating environment hook '/home/hongbin/Desktop/cv_workspace/install/cv_tensorrt/share/cv_tensorrt/hook/cmake_prefix_path.sh'
[5.505s] Level 1:colcon.colcon_core.environment:checking '/home/hongbin/Desktop/cv_workspace/install/cv_tensorrt/lib'
[5.505s] Level 1:colcon.colcon_core.shell:create_environment_hook('cv_tensorrt', 'ld_library_path_lib')
[5.507s] INFO:colcon.colcon_core.shell:Creating environment hook '/home/hongbin/Desktop/cv_workspace/install/cv_tensorrt/share/cv_tensorrt/hook/ld_library_path_lib.ps1'
[5.507s] INFO:colcon.colcon_core.shell:Creating environment descriptor '/home/hongbin/Desktop/cv_workspace/install/cv_tensorrt/share/cv_tensorrt/hook/ld_library_path_lib.dsv'
[5.508s] INFO:colcon.colcon_core.shell:Creating environment hook '/home/hongbin/Desktop/cv_workspace/install/cv_tensorrt/share/cv_tensorrt/hook/ld_library_path_lib.sh'
[5.508s] Level 1:colcon.colcon_core.environment:checking '/home/hongbin/Desktop/cv_workspace/install/cv_tensorrt/bin'
[5.508s] Level 1:colcon.colcon_core.environment:checking '/home/hongbin/Desktop/cv_workspace/install/cv_tensorrt/lib/pkgconfig/cv_tensorrt.pc'
[5.508s] Level 1:colcon.colcon_core.environment:checking '/home/hongbin/Desktop/cv_workspace/install/cv_tensorrt/lib/python3.8/site-packages'
[5.509s] Level 1:colcon.colcon_core.environment:checking '/home/hongbin/Desktop/cv_workspace/install/cv_tensorrt/bin'
[5.511s] INFO:colcon.colcon_core.shell:Creating package script '/home/hongbin/Desktop/cv_workspace/install/cv_tensorrt/share/cv_tensorrt/package.ps1'
[5.511s] INFO:colcon.colcon_core.shell:Creating package descriptor '/home/hongbin/Desktop/cv_workspace/install/cv_tensorrt/share/cv_tensorrt/package.dsv'
[5.512s] INFO:colcon.colcon_core.shell:Creating package script '/home/hongbin/Desktop/cv_workspace/install/cv_tensorrt/share/cv_tensorrt/package.sh'
[5.513s] INFO:colcon.colcon_core.shell:Creating package script '/home/hongbin/Desktop/cv_workspace/install/cv_tensorrt/share/cv_tensorrt/package.bash'
[5.513s] INFO:colcon.colcon_core.shell:Creating package script '/home/hongbin/Desktop/cv_workspace/install/cv_tensorrt/share/cv_tensorrt/package.zsh'
[5.514s] Level 1:colcon.colcon_core.environment:create_file_with_runtime_dependencies(/home/hongbin/Desktop/cv_workspace/install/cv_tensorrt/share/colcon-core/packages/cv_tensorrt)
[5.541s] Level 1:colcon.colcon_core.environment:create_environment_scripts_only(cv_tensorrt)
[5.543s] Level 1:colcon.colcon_core.environment:checking '/home/hongbin/Desktop/cv_workspace/install/cv_tensorrt' for CMake module files
[5.543s] Level 1:colcon.colcon_core.environment:checking '/home/hongbin/Desktop/cv_workspace/install/cv_tensorrt' for CMake config files
[5.544s] Level 1:colcon.colcon_core.shell:create_environment_hook('cv_tensorrt', 'cmake_prefix_path')
[5.545s] INFO:colcon.colcon_core.shell:Creating environment hook '/home/hongbin/Desktop/cv_workspace/install/cv_tensorrt/share/cv_tensorrt/hook/cmake_prefix_path.ps1'
[5.545s] INFO:colcon.colcon_core.shell:Creating environment descriptor '/home/hongbin/Desktop/cv_workspace/install/cv_tensorrt/share/cv_tensorrt/hook/cmake_prefix_path.dsv'
[5.546s] INFO:colcon.colcon_core.shell:Creating environment hook '/home/hongbin/Desktop/cv_workspace/install/cv_tensorrt/share/cv_tensorrt/hook/cmake_prefix_path.sh'
[5.546s] Level 1:colcon.colcon_core.environment:checking '/home/hongbin/Desktop/cv_workspace/install/cv_tensorrt/lib'
[5.546s] Level 1:colcon.colcon_core.shell:create_environment_hook('cv_tensorrt', 'ld_library_path_lib')
[5.547s] INFO:colcon.colcon_core.shell:Creating environment hook '/home/hongbin/Desktop/cv_workspace/install/cv_tensorrt/share/cv_tensorrt/hook/ld_library_path_lib.ps1'
[5.548s] INFO:colcon.colcon_core.shell:Creating environment descriptor '/home/hongbin/Desktop/cv_workspace/install/cv_tensorrt/share/cv_tensorrt/hook/ld_library_path_lib.dsv'
[5.548s] INFO:colcon.colcon_core.shell:Creating environment hook '/home/hongbin/Desktop/cv_workspace/install/cv_tensorrt/share/cv_tensorrt/hook/ld_library_path_lib.sh'
[5.548s] Level 1:colcon.colcon_core.environment:checking '/home/hongbin/Desktop/cv_workspace/install/cv_tensorrt/bin'
[5.548s] Level 1:colcon.colcon_core.environment:checking '/home/hongbin/Desktop/cv_workspace/install/cv_tensorrt/lib/pkgconfig/cv_tensorrt.pc'
[5.548s] Level 1:colcon.colcon_core.environment:checking '/home/hongbin/Desktop/cv_workspace/install/cv_tensorrt/lib/python3.8/site-packages'
[5.549s] Level 1:colcon.colcon_core.environment:checking '/home/hongbin/Desktop/cv_workspace/install/cv_tensorrt/bin'
[5.550s] INFO:colcon.colcon_core.shell:Creating package script '/home/hongbin/Desktop/cv_workspace/install/cv_tensorrt/share/cv_tensorrt/package.ps1'
[5.550s] INFO:colcon.colcon_core.shell:Creating package descriptor '/home/hongbin/Desktop/cv_workspace/install/cv_tensorrt/share/cv_tensorrt/package.dsv'
[5.551s] INFO:colcon.colcon_core.shell:Creating package script '/home/hongbin/Desktop/cv_workspace/install/cv_tensorrt/share/cv_tensorrt/package.sh'
[5.551s] INFO:colcon.colcon_core.shell:Creating package script '/home/hongbin/Desktop/cv_workspace/install/cv_tensorrt/share/cv_tensorrt/package.bash'
[5.551s] INFO:colcon.colcon_core.shell:Creating package script '/home/hongbin/Desktop/cv_workspace/install/cv_tensorrt/share/cv_tensorrt/package.zsh'
[5.552s] Level 1:colcon.colcon_core.environment:create_file_with_runtime_dependencies(/home/hongbin/Desktop/cv_workspace/install/cv_tensorrt/share/colcon-core/packages/cv_tensorrt)
[5.552s] DEBUG:colcon.colcon_parallel_executor.executor.parallel:closing loop
[5.552s] DEBUG:colcon.colcon_parallel_executor.executor.parallel:loop closed
[5.552s] DEBUG:colcon.colcon_parallel_executor.executor.parallel:run_until_complete finished with '0'
[5.553s] DEBUG:colcon.colcon_core.event_reactor:joining thread
[5.558s] INFO:colcon.colcon_core.plugin_system:Skipping extension 'colcon_notification.desktop_notification.terminal_notifier': Not used on non-Darwin systems
[5.558s] INFO:colcon.colcon_core.plugin_system:Skipping extension 'colcon_notification.desktop_notification.win32': Not used on non-Windows systems
[5.558s] INFO:colcon.colcon_notification.desktop_notification:Sending desktop notification using 'notify2'
[5.571s] DEBUG:colcon.colcon_core.event_reactor:joined thread
[5.573s] INFO:colcon.colcon_core.shell:Creating prefix script '/home/hongbin/Desktop/cv_workspace/install/local_setup.ps1'
[5.575s] INFO:colcon.colcon_core.shell:Creating prefix util module '/home/hongbin/Desktop/cv_workspace/install/_local_setup_util_ps1.py'
[5.576s] INFO:colcon.colcon_core.shell:Creating prefix chain script '/home/hongbin/Desktop/cv_workspace/install/setup.ps1'
[5.578s] INFO:colcon.colcon_core.shell:Creating prefix script '/home/hongbin/Desktop/cv_workspace/install/local_setup.sh'
[5.579s] INFO:colcon.colcon_core.shell:Creating prefix util module '/home/hongbin/Desktop/cv_workspace/install/_local_setup_util_sh.py'
[5.579s] INFO:colcon.colcon_core.shell:Creating prefix chain script '/home/hongbin/Desktop/cv_workspace/install/setup.sh'
[5.581s] INFO:colcon.colcon_core.shell:Creating prefix script '/home/hongbin/Desktop/cv_workspace/install/local_setup.bash'
[5.581s] INFO:colcon.colcon_core.shell:Creating prefix chain script '/home/hongbin/Desktop/cv_workspace/install/setup.bash'
[5.583s] INFO:colcon.colcon_core.shell:Creating prefix script '/home/hongbin/Desktop/cv_workspace/install/local_setup.zsh'
[5.583s] INFO:colcon.colcon_core.shell:Creating prefix chain script '/home/hongbin/Desktop/cv_workspace/install/setup.zsh'
