Performing C SOURCE FILE Test CMAKE_HAVE_LIBC_PTHREAD failed with the following output:
Change Dir: /home/hongbin/Desktop/cv_workspace/build/cv_tensorrt/CMakeFiles/CMakeScratch/TryCompile-ul3o0g

Run Build Command(s):/usr/bin/make -f Makefile cmTC_8cabb/fast && /usr/bin/make  -f CMakeFiles/cmTC_8cabb.dir/build.make CMakeFiles/cmTC_8cabb.dir/build
make[1]: Entering directory '/home/hongbin/Desktop/cv_workspace/build/cv_tensorrt/CMakeFiles/CMakeScratch/TryCompile-ul3o0g'
Building C object CMakeFiles/cmTC_8cabb.dir/src.c.o
/usr/bin/cc -DCMAKE_HAVE_LIBC_PTHREAD   -o CMakeFiles/cmTC_8cabb.dir/src.c.o -c /home/hongbin/Desktop/cv_workspace/build/cv_tensorrt/CMakeFiles/CMakeScratch/TryCompile-ul3o0g/src.c
Linking C executable cmTC_8cabb
/usr/bin/cmake -E cmake_link_script CMakeFiles/cmTC_8cabb.dir/link.txt --verbose=1
/usr/bin/cc CMakeFiles/cmTC_8cabb.dir/src.c.o -o cmTC_8cabb 
/usr/bin/ld: CMakeFiles/cmTC_8cabb.dir/src.c.o: in function `main':
src.c:(.text+0x46): undefined reference to `pthread_create'
/usr/bin/ld: src.c:(.text+0x52): undefined reference to `pthread_detach'
/usr/bin/ld: src.c:(.text+0x5e): undefined reference to `pthread_cancel'
/usr/bin/ld: src.c:(.text+0x6f): undefined reference to `pthread_join'
collect2: error: ld returned 1 exit status
make[1]: *** [CMakeFiles/cmTC_8cabb.dir/build.make:99: cmTC_8cabb] Error 1
make[1]: Leaving directory '/home/hongbin/Desktop/cv_workspace/build/cv_tensorrt/CMakeFiles/CMakeScratch/TryCompile-ul3o0g'
make: *** [Makefile:127: cmTC_8cabb/fast] Error 2


Source file was:
#include <pthread.h>

static void* test_func(void* data)
{
  return data;
}

int main(void)
{
  pthread_t thread;
  pthread_create(&thread, NULL, test_func, NULL);
  pthread_detach(thread);
  pthread_cancel(thread);
  pthread_join(thread, NULL);
  pthread_atfork(NULL, NULL, NULL);
  pthread_exit(NULL);

  return 0;
}


Determining if the function pthread_create exists in the pthreads failed with the following output:
Change Dir: /home/hongbin/Desktop/cv_workspace/build/cv_tensorrt/CMakeFiles/CMakeScratch/TryCompile-mqgx3c

Run Build Command(s):/usr/bin/make -f Makefile cmTC_8067c/fast && /usr/bin/make  -f CMakeFiles/cmTC_8067c.dir/build.make CMakeFiles/cmTC_8067c.dir/build
make[1]: Entering directory '/home/hongbin/Desktop/cv_workspace/build/cv_tensorrt/CMakeFiles/CMakeScratch/TryCompile-mqgx3c'
Building C object CMakeFiles/cmTC_8067c.dir/CheckFunctionExists.c.o
/usr/bin/cc   -DCHECK_FUNCTION_EXISTS=pthread_create -o CMakeFiles/cmTC_8067c.dir/CheckFunctionExists.c.o -c /home/hongbin/Desktop/cv_workspace/build/cv_tensorrt/CMakeFiles/CMakeScratch/TryCompile-mqgx3c/CheckFunctionExists.c
Linking C executable cmTC_8067c
/usr/bin/cmake -E cmake_link_script CMakeFiles/cmTC_8067c.dir/link.txt --verbose=1
/usr/bin/cc  -DCHECK_FUNCTION_EXISTS=pthread_create CMakeFiles/cmTC_8067c.dir/CheckFunctionExists.c.o -o cmTC_8067c  -lpthreads 
/usr/bin/ld: cannot find -lpthreads
collect2: error: ld returned 1 exit status
make[1]: *** [CMakeFiles/cmTC_8067c.dir/build.make:99: cmTC_8067c] Error 1
make[1]: Leaving directory '/home/hongbin/Desktop/cv_workspace/build/cv_tensorrt/CMakeFiles/CMakeScratch/TryCompile-mqgx3c'
make: *** [Makefile:127: cmTC_8067c/fast] Error 2



