[0.223s] DEBUG:colcon:Command line arguments: ['/usr/bin/colcon', 'build']
[0.223s] DEBUG:colcon:Parsed command line arguments: Namespace(allow_overriding=[], ament_cmake_args=None, base_paths=['.'], build_base='build', catkin_cmake_args=None, catkin_skip_building_tests=False, cmake_args=None, cmake_clean_cache=False, cmake_clean_first=False, cmake_force_configure=False, cmake_target=None, cmake_target_skip_unavailable=False, continue_on_error=False, event_handlers=None, executor='parallel', ignore_user_meta=False, install_base='install', log_base=None, log_level=None, main=<bound method BuildVerb.main of <colcon_core.verb.build.BuildVerb object at 0x7f8294c3b100>>, merge_install=False, metas=['./colcon.meta'], packages_above=None, packages_above_and_dependencies=None, packages_above_depth=None, packages_end=None, packages_ignore=None, packages_ignore_regex=None, packages_select=None, packages_select_build_failed=False, packages_select_by_dep=None, packages_select_regex=None, packages_select_test_failures=False, packages_skip=None, packages_skip_build_finished=False, packages_skip_by_dep=None, packages_skip_regex=None, packages_skip_test_passed=False, packages_skip_up_to=None, packages_start=None, packages_up_to=None, packages_up_to_regex=None, parallel_workers=12, paths=None, symlink_install=False, test_result_base=None, verb_extension=<colcon_core.verb.build.BuildVerb object at 0x7f8294c3b100>, verb_name='build', verb_parser=<colcon_defaults.argument_parser.defaults.DefaultArgumentsDecorator object at 0x7f8294c3b640>)
[0.242s] Level 1:colcon.colcon_core.package_discovery:discover_packages(colcon_meta) check parameters
[0.242s] Level 1:colcon.colcon_core.package_discovery:discover_packages(recursive) check parameters
[0.242s] Level 1:colcon.colcon_core.package_discovery:discover_packages(ignore) check parameters
[0.242s] Level 1:colcon.colcon_core.package_discovery:discover_packages(path) check parameters
[0.242s] Level 1:colcon.colcon_core.package_discovery:discover_packages(colcon_meta) discover
[0.242s] Level 1:colcon.colcon_core.package_discovery:discover_packages(recursive) discover
[0.242s] INFO:colcon.colcon_core.package_discovery:Crawling recursively for packages in '/home/hongbin/Desktop/cv_workspace'
[0.242s] Level 1:colcon.colcon_core.package_identification:_identify(.) by extensions ['ignore', 'ignore_ament_install']
[0.242s] Level 1:colcon.colcon_core.package_identification:_identify(.) by extension 'ignore'
[0.243s] Level 1:colcon.colcon_core.package_identification:_identify(.) by extension 'ignore_ament_install'
[0.243s] Level 1:colcon.colcon_core.package_identification:_identify(.) by extensions ['colcon_pkg']
[0.243s] Level 1:colcon.colcon_core.package_identification:_identify(.) by extension 'colcon_pkg'
[0.243s] Level 1:colcon.colcon_core.package_identification:_identify(.) by extensions ['colcon_meta']
[0.243s] Level 1:colcon.colcon_core.package_identification:_identify(.) by extension 'colcon_meta'
[0.243s] Level 1:colcon.colcon_core.package_identification:_identify(.) by extensions ['ros']
[0.243s] Level 1:colcon.colcon_core.package_identification:_identify(.) by extension 'ros'
[0.262s] Level 1:colcon.colcon_core.package_identification:_identify(.) by extensions ['cmake', 'python']
[0.262s] Level 1:colcon.colcon_core.package_identification:_identify(.) by extension 'cmake'
[0.262s] Level 1:colcon.colcon_core.package_identification:_identify(.) by extension 'python'
[0.262s] Level 1:colcon.colcon_core.package_identification:_identify(.) by extensions ['python_setup_py']
[0.262s] Level 1:colcon.colcon_core.package_identification:_identify(.) by extension 'python_setup_py'
[0.262s] Level 1:colcon.colcon_core.package_identification:_identify(build) by extensions ['ignore', 'ignore_ament_install']
[0.262s] Level 1:colcon.colcon_core.package_identification:_identify(build) by extension 'ignore'
[0.262s] Level 1:colcon.colcon_core.package_identification:_identify(build) ignored
[0.262s] Level 1:colcon.colcon_core.package_identification:_identify(install) by extensions ['ignore', 'ignore_ament_install']
[0.262s] Level 1:colcon.colcon_core.package_identification:_identify(install) by extension 'ignore'
[0.262s] Level 1:colcon.colcon_core.package_identification:_identify(install) ignored
[0.262s] Level 1:colcon.colcon_core.package_identification:_identify(log) by extensions ['ignore', 'ignore_ament_install']
[0.262s] Level 1:colcon.colcon_core.package_identification:_identify(log) by extension 'ignore'
[0.262s] Level 1:colcon.colcon_core.package_identification:_identify(log) ignored
[0.262s] Level 1:colcon.colcon_core.package_identification:_identify(src) by extensions ['ignore', 'ignore_ament_install']
[0.263s] Level 1:colcon.colcon_core.package_identification:_identify(src) by extension 'ignore'
[0.263s] Level 1:colcon.colcon_core.package_identification:_identify(src) by extension 'ignore_ament_install'
[0.263s] Level 1:colcon.colcon_core.package_identification:_identify(src) by extensions ['colcon_pkg']
[0.263s] Level 1:colcon.colcon_core.package_identification:_identify(src) by extension 'colcon_pkg'
[0.263s] Level 1:colcon.colcon_core.package_identification:_identify(src) by extensions ['colcon_meta']
[0.263s] Level 1:colcon.colcon_core.package_identification:_identify(src) by extension 'colcon_meta'
[0.263s] Level 1:colcon.colcon_core.package_identification:_identify(src) by extensions ['ros']
[0.263s] Level 1:colcon.colcon_core.package_identification:_identify(src) by extension 'ros'
[0.263s] Level 1:colcon.colcon_core.package_identification:_identify(src) by extensions ['cmake', 'python']
[0.263s] Level 1:colcon.colcon_core.package_identification:_identify(src) by extension 'cmake'
[0.263s] Level 1:colcon.colcon_core.package_identification:_identify(src) by extension 'python'
[0.263s] Level 1:colcon.colcon_core.package_identification:_identify(src) by extensions ['python_setup_py']
[0.263s] Level 1:colcon.colcon_core.package_identification:_identify(src) by extension 'python_setup_py'
[0.263s] Level 1:colcon.colcon_core.package_identification:_identify(src/cv_tensorrt) by extensions ['ignore', 'ignore_ament_install']
[0.263s] Level 1:colcon.colcon_core.package_identification:_identify(src/cv_tensorrt) by extension 'ignore'
[0.263s] Level 1:colcon.colcon_core.package_identification:_identify(src/cv_tensorrt) by extension 'ignore_ament_install'
[0.263s] Level 1:colcon.colcon_core.package_identification:_identify(src/cv_tensorrt) by extensions ['colcon_pkg']
[0.263s] Level 1:colcon.colcon_core.package_identification:_identify(src/cv_tensorrt) by extension 'colcon_pkg'
[0.263s] Level 1:colcon.colcon_core.package_identification:_identify(src/cv_tensorrt) by extensions ['colcon_meta']
[0.263s] Level 1:colcon.colcon_core.package_identification:_identify(src/cv_tensorrt) by extension 'colcon_meta'
[0.263s] Level 1:colcon.colcon_core.package_identification:_identify(src/cv_tensorrt) by extensions ['ros']
[0.263s] Level 1:colcon.colcon_core.package_identification:_identify(src/cv_tensorrt) by extension 'ros'
[0.265s] DEBUG:colcon.colcon_core.package_identification:Package 'src/cv_tensorrt' with type 'ros.ament_cmake' and name 'cv_tensorrt'
[0.265s] Level 1:colcon.colcon_core.package_discovery:discover_packages(recursive) using defaults
[0.265s] Level 1:colcon.colcon_core.package_discovery:discover_packages(ignore) discover
[0.265s] Level 1:colcon.colcon_core.package_discovery:discover_packages(ignore) using defaults
[0.265s] Level 1:colcon.colcon_core.package_discovery:discover_packages(path) discover
[0.265s] Level 1:colcon.colcon_core.package_discovery:discover_packages(path) using defaults
[0.278s] Level 1:colcon.colcon_core.package_discovery:discover_packages(prefix_path) check parameters
[0.278s] Level 1:colcon.colcon_core.package_discovery:discover_packages(prefix_path) discover
[0.280s] DEBUG:colcon.colcon_installed_package_information.package_discovery:Found 1 installed packages in /home/hongbin/Desktop/cv_workspace/install
[0.281s] DEBUG:colcon.colcon_installed_package_information.package_discovery:Found 256 installed packages in /opt/ros/foxy
[0.282s] Level 1:colcon.colcon_core.package_discovery:discover_packages(prefix_path) using defaults
[0.330s] Level 5:colcon.colcon_core.verb:set package 'cv_tensorrt' build argument 'cmake_args' from command line to 'None'
[0.330s] Level 5:colcon.colcon_core.verb:set package 'cv_tensorrt' build argument 'cmake_target' from command line to 'None'
[0.330s] Level 5:colcon.colcon_core.verb:set package 'cv_tensorrt' build argument 'cmake_target_skip_unavailable' from command line to 'False'
[0.330s] Level 5:colcon.colcon_core.verb:set package 'cv_tensorrt' build argument 'cmake_clean_cache' from command line to 'False'
[0.330s] Level 5:colcon.colcon_core.verb:set package 'cv_tensorrt' build argument 'cmake_clean_first' from command line to 'False'
[0.330s] Level 5:colcon.colcon_core.verb:set package 'cv_tensorrt' build argument 'cmake_force_configure' from command line to 'False'
[0.330s] Level 5:colcon.colcon_core.verb:set package 'cv_tensorrt' build argument 'ament_cmake_args' from command line to 'None'
[0.330s] Level 5:colcon.colcon_core.verb:set package 'cv_tensorrt' build argument 'catkin_cmake_args' from command line to 'None'
[0.330s] Level 5:colcon.colcon_core.verb:set package 'cv_tensorrt' build argument 'catkin_skip_building_tests' from command line to 'False'
[0.330s] DEBUG:colcon.colcon_core.verb:Building package 'cv_tensorrt' with the following arguments: {'ament_cmake_args': None, 'build_base': '/home/hongbin/Desktop/cv_workspace/build/cv_tensorrt', 'catkin_cmake_args': None, 'catkin_skip_building_tests': False, 'cmake_args': None, 'cmake_clean_cache': False, 'cmake_clean_first': False, 'cmake_force_configure': False, 'cmake_target': None, 'cmake_target_skip_unavailable': False, 'install_base': '/home/hongbin/Desktop/cv_workspace/install/cv_tensorrt', 'merge_install': False, 'path': '/home/hongbin/Desktop/cv_workspace/src/cv_tensorrt', 'symlink_install': False, 'test_result_base': None}
[0.331s] INFO:colcon.colcon_core.executor:Executing jobs using 'parallel' executor
[0.333s] DEBUG:colcon.colcon_parallel_executor.executor.parallel:run_until_complete
[0.334s] INFO:colcon.colcon_ros.task.ament_cmake.build:Building ROS package in '/home/hongbin/Desktop/cv_workspace/src/cv_tensorrt' with build type 'ament_cmake'
[0.334s] INFO:colcon.colcon_cmake.task.cmake.build:Building CMake package in '/home/hongbin/Desktop/cv_workspace/src/cv_tensorrt'
[0.337s] INFO:colcon.colcon_core.plugin_system:Skipping extension 'colcon_core.shell.bat': Not used on non-Windows systems
[0.337s] INFO:colcon.colcon_core.shell:Skip shell extension 'powershell' for command environment: Not usable outside of PowerShell
[0.337s] DEBUG:colcon.colcon_core.shell:Skip shell extension 'dsv' for command environment
[0.346s] DEBUG:colcon.colcon_core.event_handler.log_command:Invoking command in '/home/hongbin/Desktop/cv_workspace/build/cv_tensorrt': CMAKE_PREFIX_PATH=${CMAKE_PREFIX_PATH}:/opt/ros/foxy /usr/bin/cmake --build /home/hongbin/Desktop/cv_workspace/build/cv_tensorrt -- -j12 -l12
[4.282s] DEBUG:colcon.colcon_core.event_handler.log_command:Invoked command in '/home/hongbin/Desktop/cv_workspace/build/cv_tensorrt' returned '0': CMAKE_PREFIX_PATH=${CMAKE_PREFIX_PATH}:/opt/ros/foxy /usr/bin/cmake --build /home/hongbin/Desktop/cv_workspace/build/cv_tensorrt -- -j12 -l12
[4.307s] DEBUG:colcon.colcon_core.event_handler.log_command:Invoking command in '/home/hongbin/Desktop/cv_workspace/build/cv_tensorrt': CMAKE_PREFIX_PATH=${CMAKE_PREFIX_PATH}:/opt/ros/foxy /usr/bin/cmake --install /home/hongbin/Desktop/cv_workspace/build/cv_tensorrt
[4.316s] Level 1:colcon.colcon_core.environment:create_environment_scripts_only(cv_tensorrt)
[4.320s] DEBUG:colcon.colcon_core.event_handler.log_command:Invoked command in '/home/hongbin/Desktop/cv_workspace/build/cv_tensorrt' returned '0': CMAKE_PREFIX_PATH=${CMAKE_PREFIX_PATH}:/opt/ros/foxy /usr/bin/cmake --install /home/hongbin/Desktop/cv_workspace/build/cv_tensorrt
[4.323s] Level 1:colcon.colcon_core.environment:checking '/home/hongbin/Desktop/cv_workspace/install/cv_tensorrt' for CMake module files
[4.323s] Level 1:colcon.colcon_core.environment:checking '/home/hongbin/Desktop/cv_workspace/install/cv_tensorrt' for CMake config files
[4.323s] Level 1:colcon.colcon_core.shell:create_environment_hook('cv_tensorrt', 'cmake_prefix_path')
[4.325s] INFO:colcon.colcon_core.shell:Creating environment hook '/home/hongbin/Desktop/cv_workspace/install/cv_tensorrt/share/cv_tensorrt/hook/cmake_prefix_path.ps1'
[4.325s] INFO:colcon.colcon_core.shell:Creating environment descriptor '/home/hongbin/Desktop/cv_workspace/install/cv_tensorrt/share/cv_tensorrt/hook/cmake_prefix_path.dsv'
[4.326s] INFO:colcon.colcon_core.shell:Creating environment hook '/home/hongbin/Desktop/cv_workspace/install/cv_tensorrt/share/cv_tensorrt/hook/cmake_prefix_path.sh'
[4.326s] Level 1:colcon.colcon_core.environment:checking '/home/hongbin/Desktop/cv_workspace/install/cv_tensorrt/lib'
[4.327s] Level 1:colcon.colcon_core.shell:create_environment_hook('cv_tensorrt', 'ld_library_path_lib')
[4.327s] INFO:colcon.colcon_core.shell:Creating environment hook '/home/hongbin/Desktop/cv_workspace/install/cv_tensorrt/share/cv_tensorrt/hook/ld_library_path_lib.ps1'
[4.328s] INFO:colcon.colcon_core.shell:Creating environment descriptor '/home/hongbin/Desktop/cv_workspace/install/cv_tensorrt/share/cv_tensorrt/hook/ld_library_path_lib.dsv'
[4.328s] INFO:colcon.colcon_core.shell:Creating environment hook '/home/hongbin/Desktop/cv_workspace/install/cv_tensorrt/share/cv_tensorrt/hook/ld_library_path_lib.sh'
[4.328s] Level 1:colcon.colcon_core.environment:checking '/home/hongbin/Desktop/cv_workspace/install/cv_tensorrt/bin'
[4.328s] Level 1:colcon.colcon_core.environment:checking '/home/hongbin/Desktop/cv_workspace/install/cv_tensorrt/lib/pkgconfig/cv_tensorrt.pc'
[4.329s] Level 1:colcon.colcon_core.environment:checking '/home/hongbin/Desktop/cv_workspace/install/cv_tensorrt/lib/python3.8/site-packages'
[4.329s] Level 1:colcon.colcon_core.environment:checking '/home/hongbin/Desktop/cv_workspace/install/cv_tensorrt/bin'
[4.330s] INFO:colcon.colcon_core.shell:Creating package script '/home/hongbin/Desktop/cv_workspace/install/cv_tensorrt/share/cv_tensorrt/package.ps1'
[4.331s] INFO:colcon.colcon_core.shell:Creating package descriptor '/home/hongbin/Desktop/cv_workspace/install/cv_tensorrt/share/cv_tensorrt/package.dsv'
[4.331s] INFO:colcon.colcon_core.shell:Creating package script '/home/hongbin/Desktop/cv_workspace/install/cv_tensorrt/share/cv_tensorrt/package.sh'
[4.332s] INFO:colcon.colcon_core.shell:Creating package script '/home/hongbin/Desktop/cv_workspace/install/cv_tensorrt/share/cv_tensorrt/package.bash'
[4.332s] INFO:colcon.colcon_core.shell:Creating package script '/home/hongbin/Desktop/cv_workspace/install/cv_tensorrt/share/cv_tensorrt/package.zsh'
[4.333s] Level 1:colcon.colcon_core.environment:create_file_with_runtime_dependencies(/home/hongbin/Desktop/cv_workspace/install/cv_tensorrt/share/colcon-core/packages/cv_tensorrt)
[4.355s] Level 1:colcon.colcon_core.environment:create_environment_scripts_only(cv_tensorrt)
[4.357s] Level 1:colcon.colcon_core.environment:checking '/home/hongbin/Desktop/cv_workspace/install/cv_tensorrt' for CMake module files
[4.358s] Level 1:colcon.colcon_core.environment:checking '/home/hongbin/Desktop/cv_workspace/install/cv_tensorrt' for CMake config files
[4.358s] Level 1:colcon.colcon_core.shell:create_environment_hook('cv_tensorrt', 'cmake_prefix_path')
[4.359s] INFO:colcon.colcon_core.shell:Creating environment hook '/home/hongbin/Desktop/cv_workspace/install/cv_tensorrt/share/cv_tensorrt/hook/cmake_prefix_path.ps1'
[4.359s] INFO:colcon.colcon_core.shell:Creating environment descriptor '/home/hongbin/Desktop/cv_workspace/install/cv_tensorrt/share/cv_tensorrt/hook/cmake_prefix_path.dsv'
[4.360s] INFO:colcon.colcon_core.shell:Creating environment hook '/home/hongbin/Desktop/cv_workspace/install/cv_tensorrt/share/cv_tensorrt/hook/cmake_prefix_path.sh'
[4.360s] Level 1:colcon.colcon_core.environment:checking '/home/hongbin/Desktop/cv_workspace/install/cv_tensorrt/lib'
[4.360s] Level 1:colcon.colcon_core.shell:create_environment_hook('cv_tensorrt', 'ld_library_path_lib')
[4.361s] INFO:colcon.colcon_core.shell:Creating environment hook '/home/hongbin/Desktop/cv_workspace/install/cv_tensorrt/share/cv_tensorrt/hook/ld_library_path_lib.ps1'
[4.362s] INFO:colcon.colcon_core.shell:Creating environment descriptor '/home/hongbin/Desktop/cv_workspace/install/cv_tensorrt/share/cv_tensorrt/hook/ld_library_path_lib.dsv'
[4.362s] INFO:colcon.colcon_core.shell:Creating environment hook '/home/hongbin/Desktop/cv_workspace/install/cv_tensorrt/share/cv_tensorrt/hook/ld_library_path_lib.sh'
[4.362s] Level 1:colcon.colcon_core.environment:checking '/home/hongbin/Desktop/cv_workspace/install/cv_tensorrt/bin'
[4.362s] Level 1:colcon.colcon_core.environment:checking '/home/hongbin/Desktop/cv_workspace/install/cv_tensorrt/lib/pkgconfig/cv_tensorrt.pc'
[4.363s] Level 1:colcon.colcon_core.environment:checking '/home/hongbin/Desktop/cv_workspace/install/cv_tensorrt/lib/python3.8/site-packages'
[4.363s] Level 1:colcon.colcon_core.environment:checking '/home/hongbin/Desktop/cv_workspace/install/cv_tensorrt/bin'
[4.364s] INFO:colcon.colcon_core.shell:Creating package script '/home/hongbin/Desktop/cv_workspace/install/cv_tensorrt/share/cv_tensorrt/package.ps1'
[4.364s] INFO:colcon.colcon_core.shell:Creating package descriptor '/home/hongbin/Desktop/cv_workspace/install/cv_tensorrt/share/cv_tensorrt/package.dsv'
[4.365s] INFO:colcon.colcon_core.shell:Creating package script '/home/hongbin/Desktop/cv_workspace/install/cv_tensorrt/share/cv_tensorrt/package.sh'
[4.365s] INFO:colcon.colcon_core.shell:Creating package script '/home/hongbin/Desktop/cv_workspace/install/cv_tensorrt/share/cv_tensorrt/package.bash'
[4.365s] INFO:colcon.colcon_core.shell:Creating package script '/home/hongbin/Desktop/cv_workspace/install/cv_tensorrt/share/cv_tensorrt/package.zsh'
[4.366s] Level 1:colcon.colcon_core.environment:create_file_with_runtime_dependencies(/home/hongbin/Desktop/cv_workspace/install/cv_tensorrt/share/colcon-core/packages/cv_tensorrt)
[4.366s] DEBUG:colcon.colcon_parallel_executor.executor.parallel:closing loop
[4.366s] DEBUG:colcon.colcon_parallel_executor.executor.parallel:loop closed
[4.366s] DEBUG:colcon.colcon_parallel_executor.executor.parallel:run_until_complete finished with '0'
[4.366s] DEBUG:colcon.colcon_core.event_reactor:joining thread
[4.372s] INFO:colcon.colcon_core.plugin_system:Skipping extension 'colcon_notification.desktop_notification.terminal_notifier': Not used on non-Darwin systems
[4.372s] INFO:colcon.colcon_core.plugin_system:Skipping extension 'colcon_notification.desktop_notification.win32': Not used on non-Windows systems
[4.372s] INFO:colcon.colcon_notification.desktop_notification:Sending desktop notification using 'notify2'
[4.387s] DEBUG:colcon.colcon_core.event_reactor:joined thread
[4.389s] INFO:colcon.colcon_core.shell:Creating prefix script '/home/hongbin/Desktop/cv_workspace/install/local_setup.ps1'
[4.390s] INFO:colcon.colcon_core.shell:Creating prefix util module '/home/hongbin/Desktop/cv_workspace/install/_local_setup_util_ps1.py'
[4.391s] INFO:colcon.colcon_core.shell:Creating prefix chain script '/home/hongbin/Desktop/cv_workspace/install/setup.ps1'
[4.392s] INFO:colcon.colcon_core.shell:Creating prefix script '/home/hongbin/Desktop/cv_workspace/install/local_setup.sh'
[4.393s] INFO:colcon.colcon_core.shell:Creating prefix util module '/home/hongbin/Desktop/cv_workspace/install/_local_setup_util_sh.py'
[4.393s] INFO:colcon.colcon_core.shell:Creating prefix chain script '/home/hongbin/Desktop/cv_workspace/install/setup.sh'
[4.394s] INFO:colcon.colcon_core.shell:Creating prefix script '/home/hongbin/Desktop/cv_workspace/install/local_setup.bash'
[4.395s] INFO:colcon.colcon_core.shell:Creating prefix chain script '/home/hongbin/Desktop/cv_workspace/install/setup.bash'
[4.396s] INFO:colcon.colcon_core.shell:Creating prefix script '/home/hongbin/Desktop/cv_workspace/install/local_setup.zsh'
[4.396s] INFO:colcon.colcon_core.shell:Creating prefix chain script '/home/hongbin/Desktop/cv_workspace/install/setup.zsh'
