[0.011s] Invoking command in '/home/hongbin/Desktop/cv_workspace/build/cv_tensorrt': CMAKE_PREFIX_PATH=${CMAKE_PREFIX_PATH}:/opt/ros/foxy /usr/bin/cmake --build /home/hongbin/Desktop/cv_workspace/build/cv_tensorrt -- -j12 -l12
[0.030s] [ 20%] Built target myplugins
[0.052s] [ 30%] [32mBuilding CXX object CMakeFiles/cv_tensorrt.dir/src/main.cpp.o[0m
[1.791s] [01m[K/home/hongbin/Desktop/cv_workspace/src/cv_tensorrt/src/main.cpp:[m[K In function ‘[01m[Kint main(int, char**)[m[K’:
[1.791s] [01m[K/home/hongbin/Desktop/cv_workspace/src/cv_tensorrt/src/main.cpp:36:15:[m[K [01;35m[Kwarning: [m[KISO C++ forbids converting a string constant to ‘[01m[Kchar*[m[K’ [[01;35m[K-Wwrite-strings[m[K]
[1.791s]    36 |     argv[1] = [01;35m[K"-d"[m[K;
[1.791s]       |               [01;35m[K^~~~[m[K
[1.791s] [01m[K/home/hongbin/Desktop/cv_workspace/src/cv_tensorrt/src/main.cpp:37:15:[m[K [01;35m[Kwarning: [m[KISO C++ forbids converting a string constant to ‘[01m[Kchar*[m[K’ [[01;35m[K-Wwrite-strings[m[K]
[1.791s]    37 |     argv[2] = [01;35m[K"yolo5s.engine"[m[K;
[1.792s]       |               [01;35m[K^~~~~~~~~~~~~~~[m[K
[1.792s] [01m[K/home/hongbin/Desktop/cv_workspace/src/cv_tensorrt/src/main.cpp:38:15:[m[K [01;35m[Kwarning: [m[KISO C++ forbids converting a string constant to ‘[01m[Kchar*[m[K’ [[01;35m[K-Wwrite-strings[m[K]
[1.792s]    38 |     argv[3] = [01;35m[K".."[m[K;
[1.792s]       |               [01;35m[K^~~~[m[K
[1.792s] [01m[K/home/hongbin/Desktop/cv_workspace/src/cv_tensorrt/src/main.cpp:39:83:[m[K [01;31m[Kerror: [m[Kexpected ‘[01m[K;[m[K’ before ‘[01m[Kif[m[K’
[1.792s]    39 |     detector.parse_args(argc, argv, wts_name, engine_name, is_p6, gd, gw, img_dir)
[1.792s]       |                                                                                   [01;31m[K^[m[K
[1.792s]       |                                                                                   [32m[K;[m[K
[1.792s] ......
[1.792s]    49 |     [32m[Kif[m[K (!wts_name.empty()) {
[1.792s]       |     [32m[K~~[m[K                                                                             
[1.796s] [01m[K/home/hongbin/Desktop/cv_workspace/src/cv_tensorrt/src/main.cpp:191:22:[m[K [01;35m[Kwarning: [m[K‘[01m[Kvoid nvinfer1::IExecutionContext::destroy()[m[K’ is deprecated [[01;35m[K-Wdeprecated-declarations[m[K]
[1.796s]   191 |     context->destroy([01;35m[K)[m[K;
[1.796s]       |                      [01;35m[K^[m[K
[1.796s] In file included from [01m[K/usr/include/x86_64-linux-gnu/NvInfer.h:17[m[K,
[1.796s]                  from [01m[K/home/hongbin/Desktop/cv_workspace/src/cv_tensorrt/lib/yolov5/src/macros.h:4[m[K,
[1.796s]                  from [01m[K/home/hongbin/Desktop/cv_workspace/src/cv_tensorrt/lib/yolov5/src/logging.h:28[m[K,
[1.796s]                  from [01m[K/home/hongbin/Desktop/cv_workspace/src/cv_tensorrt/src/../include/auto_aim/YOLO.hpp:9[m[K,
[1.797s]                  from [01m[K/home/hongbin/Desktop/cv_workspace/src/cv_tensorrt/src/main.cpp:1[m[K:
[1.797s] [01m[K/usr/include/x86_64-linux-gnu/NvInferRuntime.h:2369:25:[m[K [01;36m[Knote: [m[Kdeclared here
[1.797s]  2369 |     TRT_DEPRECATED void [01;36m[Kdestroy[m[K() noexcept
[1.797s]       |                         [01;36m[K^~~~~~~[m[K
[1.797s] [01m[K/home/hongbin/Desktop/cv_workspace/src/cv_tensorrt/src/main.cpp:192:21:[m[K [01;35m[Kwarning: [m[K‘[01m[Kvoid nvinfer1::ICudaEngine::destroy()[m[K’ is deprecated [[01;35m[K-Wdeprecated-declarations[m[K]
[1.797s]   192 |     engine->destroy([01;35m[K)[m[K;
[1.797s]       |                     [01;35m[K^[m[K
[1.797s] In file included from [01m[K/usr/include/x86_64-linux-gnu/NvInfer.h:17[m[K,
[1.797s]                  from [01m[K/home/hongbin/Desktop/cv_workspace/src/cv_tensorrt/lib/yolov5/src/macros.h:4[m[K,
[1.797s]                  from [01m[K/home/hongbin/Desktop/cv_workspace/src/cv_tensorrt/lib/yolov5/src/logging.h:28[m[K,
[1.797s]                  from [01m[K/home/hongbin/Desktop/cv_workspace/src/cv_tensorrt/src/../include/auto_aim/YOLO.hpp:9[m[K,
[1.797s]                  from [01m[K/home/hongbin/Desktop/cv_workspace/src/cv_tensorrt/src/main.cpp:1[m[K:
[1.797s] [01m[K/usr/include/x86_64-linux-gnu/NvInferRuntime.h:1609:25:[m[K [01;36m[Knote: [m[Kdeclared here
[1.797s]  1609 |     TRT_DEPRECATED void [01;36m[Kdestroy[m[K() noexcept
[1.797s]       |                         [01;36m[K^~~~~~~[m[K
[1.797s] [01m[K/home/hongbin/Desktop/cv_workspace/src/cv_tensorrt/src/main.cpp:193:22:[m[K [01;35m[Kwarning: [m[K‘[01m[Kvoid nvinfer1::IRuntime::destroy()[m[K’ is deprecated [[01;35m[K-Wdeprecated-declarations[m[K]
[1.797s]   193 |     runtime->destroy([01;35m[K)[m[K;
[1.797s]       |                      [01;35m[K^[m[K
[1.797s] In file included from [01m[K/usr/include/x86_64-linux-gnu/NvInfer.h:17[m[K,
[1.797s]                  from [01m[K/home/hongbin/Desktop/cv_workspace/src/cv_tensorrt/lib/yolov5/src/macros.h:4[m[K,
[1.797s]                  from [01m[K/home/hongbin/Desktop/cv_workspace/src/cv_tensorrt/lib/yolov5/src/logging.h:28[m[K,
[1.797s]                  from [01m[K/home/hongbin/Desktop/cv_workspace/src/cv_tensorrt/src/../include/auto_aim/YOLO.hpp:9[m[K,
[1.798s]                  from [01m[K/home/hongbin/Desktop/cv_workspace/src/cv_tensorrt/src/main.cpp:1[m[K:
[1.798s] [01m[K/usr/include/x86_64-linux-gnu/NvInferRuntime.h:682:25:[m[K [01;36m[Knote: [m[Kdeclared here
[1.798s]   682 |     TRT_DEPRECATED void [01;36m[Kdestroy[m[K() noexcept
[1.798s]       |                         [01;36m[K^~~~~~~[m[K
[2.724s] make[2]: *** [CMakeFiles/cv_tensorrt.dir/build.make:76: CMakeFiles/cv_tensorrt.dir/src/main.cpp.o] Error 1
[2.724s] make[1]: *** [CMakeFiles/Makefile2:165: CMakeFiles/cv_tensorrt.dir/all] Error 2
[2.724s] make: *** [Makefile:146: all] Error 2
[2.726s] Invoked command in '/home/hongbin/Desktop/cv_workspace/build/cv_tensorrt' returned '2': CMAKE_PREFIX_PATH=${CMAKE_PREFIX_PATH}:/opt/ros/foxy /usr/bin/cmake --build /home/hongbin/Desktop/cv_workspace/build/cv_tensorrt -- -j12 -l12
