[0.011s] Invoking command in '/home/hongbin/Desktop/cv_workspace/build/cv_tensorrt': CMAKE_PREFIX_PATH=${CMAKE_PREFIX_PATH}:/opt/ros/foxy /usr/bin/cmake --build /home/hongbin/Desktop/cv_workspace/build/cv_tensorrt -- -j12 -l12
[0.028s] [ 20%] Built target myplugins
[0.050s] [ 30%] [32mBuilding CXX object CMakeFiles/cv_tensorrt.dir/src/main.cpp.o[0m
[1.824s] [01m[K/home/hongbin/Desktop/cv_workspace/src/cv_tensorrt/src/main.cpp:[m[K In function ‘[01m[Kint main(int, char**)[m[K’:
[1.824s] [01m[K/home/hongbin/Desktop/cv_workspace/src/cv_tensorrt/src/main.cpp:36:15:[m[K [01;35m[Kwarning: [m[KISO C++ forbids converting a string constant to ‘[01m[Kchar*[m[K’ [[01;35m[K-Wwrite-strings[m[K]
[1.825s]    36 |     argv[1] = [01;35m[K"-d"[m[K;
[1.825s]       |               [01;35m[K^~~~[m[K
[1.825s] [01m[K/home/hongbin/Desktop/cv_workspace/src/cv_tensorrt/src/main.cpp:37:15:[m[K [01;35m[Kwarning: [m[KISO C++ forbids converting a string constant to ‘[01m[Kchar*[m[K’ [[01;35m[K-Wwrite-strings[m[K]
[1.825s]    37 |     argv[2] = [01;35m[K"yolo5s.engine"[m[K;
[1.825s]       |               [01;35m[K^~~~~~~~~~~~~~~[m[K
[1.825s] [01m[K/home/hongbin/Desktop/cv_workspace/src/cv_tensorrt/src/main.cpp:38:15:[m[K [01;35m[Kwarning: [m[KISO C++ forbids converting a string constant to ‘[01m[Kchar*[m[K’ [[01;35m[K-Wwrite-strings[m[K]
[1.825s]    38 |     argv[3] = [01;35m[K".."[m[K;
[1.825s]       |               [01;35m[K^~~~[m[K
[1.830s] [01m[K/home/hongbin/Desktop/cv_workspace/src/cv_tensorrt/src/main.cpp:191:22:[m[K [01;35m[Kwarning: [m[K‘[01m[Kvoid nvinfer1::IExecutionContext::destroy()[m[K’ is deprecated [[01;35m[K-Wdeprecated-declarations[m[K]
[1.830s]   191 |     context->destroy([01;35m[K)[m[K;
[1.830s]       |                      [01;35m[K^[m[K
[1.831s] In file included from [01m[K/usr/include/x86_64-linux-gnu/NvInfer.h:17[m[K,
[1.831s]                  from [01m[K/home/hongbin/Desktop/cv_workspace/src/cv_tensorrt/lib/yolov5/src/macros.h:4[m[K,
[1.831s]                  from [01m[K/home/hongbin/Desktop/cv_workspace/src/cv_tensorrt/lib/yolov5/src/logging.h:28[m[K,
[1.831s]                  from [01m[K/home/hongbin/Desktop/cv_workspace/src/cv_tensorrt/src/../include/auto_aim/YOLO.hpp:9[m[K,
[1.831s]                  from [01m[K/home/hongbin/Desktop/cv_workspace/src/cv_tensorrt/src/main.cpp:1[m[K:
[1.831s] [01m[K/usr/include/x86_64-linux-gnu/NvInferRuntime.h:2369:25:[m[K [01;36m[Knote: [m[Kdeclared here
[1.831s]  2369 |     TRT_DEPRECATED void [01;36m[Kdestroy[m[K() noexcept
[1.831s]       |                         [01;36m[K^~~~~~~[m[K
[1.831s] [01m[K/home/hongbin/Desktop/cv_workspace/src/cv_tensorrt/src/main.cpp:192:21:[m[K [01;35m[Kwarning: [m[K‘[01m[Kvoid nvinfer1::ICudaEngine::destroy()[m[K’ is deprecated [[01;35m[K-Wdeprecated-declarations[m[K]
[1.831s]   192 |     engine->destroy([01;35m[K)[m[K;
[1.831s]       |                     [01;35m[K^[m[K
[1.831s] In file included from [01m[K/usr/include/x86_64-linux-gnu/NvInfer.h:17[m[K,
[1.831s]                  from [01m[K/home/hongbin/Desktop/cv_workspace/src/cv_tensorrt/lib/yolov5/src/macros.h:4[m[K,
[1.831s]                  from [01m[K/home/hongbin/Desktop/cv_workspace/src/cv_tensorrt/lib/yolov5/src/logging.h:28[m[K,
[1.831s]                  from [01m[K/home/hongbin/Desktop/cv_workspace/src/cv_tensorrt/src/../include/auto_aim/YOLO.hpp:9[m[K,
[1.831s]                  from [01m[K/home/hongbin/Desktop/cv_workspace/src/cv_tensorrt/src/main.cpp:1[m[K:
[1.831s] [01m[K/usr/include/x86_64-linux-gnu/NvInferRuntime.h:1609:25:[m[K [01;36m[Knote: [m[Kdeclared here
[1.832s]  1609 |     TRT_DEPRECATED void [01;36m[Kdestroy[m[K() noexcept
[1.832s]       |                         [01;36m[K^~~~~~~[m[K
[1.832s] [01m[K/home/hongbin/Desktop/cv_workspace/src/cv_tensorrt/src/main.cpp:193:22:[m[K [01;35m[Kwarning: [m[K‘[01m[Kvoid nvinfer1::IRuntime::destroy()[m[K’ is deprecated [[01;35m[K-Wdeprecated-declarations[m[K]
[1.832s]   193 |     runtime->destroy([01;35m[K)[m[K;
[1.832s]       |                      [01;35m[K^[m[K
[1.832s] In file included from [01m[K/usr/include/x86_64-linux-gnu/NvInfer.h:17[m[K,
[1.832s]                  from [01m[K/home/hongbin/Desktop/cv_workspace/src/cv_tensorrt/lib/yolov5/src/macros.h:4[m[K,
[1.832s]                  from [01m[K/home/hongbin/Desktop/cv_workspace/src/cv_tensorrt/lib/yolov5/src/logging.h:28[m[K,
[1.832s]                  from [01m[K/home/hongbin/Desktop/cv_workspace/src/cv_tensorrt/src/../include/auto_aim/YOLO.hpp:9[m[K,
[1.832s]                  from [01m[K/home/hongbin/Desktop/cv_workspace/src/cv_tensorrt/src/main.cpp:1[m[K:
[1.832s] [01m[K/usr/include/x86_64-linux-gnu/NvInferRuntime.h:682:25:[m[K [01;36m[Knote: [m[Kdeclared here
[1.832s]   682 |     TRT_DEPRECATED void [01;36m[Kdestroy[m[K() noexcept
[1.832s]       |                         [01;36m[K^~~~~~~[m[K
[3.753s] [ 40%] [32m[1mLinking CXX executable cv_tensorrt[0m
[4.026s] [100%] Built target cv_tensorrt
[4.039s] Invoked command in '/home/hongbin/Desktop/cv_workspace/build/cv_tensorrt' returned '0': CMAKE_PREFIX_PATH=${CMAKE_PREFIX_PATH}:/opt/ros/foxy /usr/bin/cmake --build /home/hongbin/Desktop/cv_workspace/build/cv_tensorrt -- -j12 -l12
[4.053s] Invoking command in '/home/hongbin/Desktop/cv_workspace/build/cv_tensorrt': CMAKE_PREFIX_PATH=${CMAKE_PREFIX_PATH}:/opt/ros/foxy /usr/bin/cmake --install /home/hongbin/Desktop/cv_workspace/build/cv_tensorrt
[4.057s] -- Install configuration: "Debug"
[4.057s] -- Installing: /home/hongbin/Desktop/cv_workspace/install/cv_tensorrt/lib/cv_tensorrt/cv_tensorrt
[4.060s] -- Set runtime path of "/home/hongbin/Desktop/cv_workspace/install/cv_tensorrt/lib/cv_tensorrt/cv_tensorrt" to ""
[4.060s] -- Up-to-date: /home/hongbin/Desktop/cv_workspace/install/cv_tensorrt/share/cv_tensorrt//launch
[4.060s] -- Up-to-date: /home/hongbin/Desktop/cv_workspace/install/cv_tensorrt/share/cv_tensorrt//launch/cv_tensorrt_launch.py
[4.060s] -- Up-to-date: /home/hongbin/Desktop/cv_workspace/install/cv_tensorrt/share/cv_tensorrt//config
[4.060s] -- Up-to-date: /home/hongbin/Desktop/cv_workspace/install/cv_tensorrt/share/cv_tensorrt//config/yolov5_det
[4.060s] -- Up-to-date: /home/hongbin/Desktop/cv_workspace/install/cv_tensorrt/share/cv_tensorrt//config/yolov5s.wts
[4.060s] -- Up-to-date: /home/hongbin/Desktop/cv_workspace/install/cv_tensorrt/share/cv_tensorrt//config/autoAim.yaml
[4.060s] -- Up-to-date: /home/hongbin/Desktop/cv_workspace/install/cv_tensorrt/lib/my_plugin
[4.060s] -- Up-to-date: /home/hongbin/Desktop/cv_workspace/install/cv_tensorrt/lib/my_plugin/armor.engine
[4.060s] -- Up-to-date: /home/hongbin/Desktop/cv_workspace/install/cv_tensorrt/lib/my_plugin/yolov5s.engine
[4.060s] -- Up-to-date: /home/hongbin/Desktop/cv_workspace/install/cv_tensorrt/lib/my_plugin/libmyplugins.so
[4.061s] -- Up-to-date: /home/hongbin/Desktop/cv_workspace/install/cv_tensorrt/share/ament_index/resource_index/package_run_dependencies/cv_tensorrt
[4.061s] -- Up-to-date: /home/hongbin/Desktop/cv_workspace/install/cv_tensorrt/share/ament_index/resource_index/parent_prefix_path/cv_tensorrt
[4.061s] -- Up-to-date: /home/hongbin/Desktop/cv_workspace/install/cv_tensorrt/share/cv_tensorrt/environment/ament_prefix_path.sh
[4.061s] -- Up-to-date: /home/hongbin/Desktop/cv_workspace/install/cv_tensorrt/share/cv_tensorrt/environment/ament_prefix_path.dsv
[4.062s] -- Up-to-date: /home/hongbin/Desktop/cv_workspace/install/cv_tensorrt/share/cv_tensorrt/environment/path.sh
[4.062s] -- Up-to-date: /home/hongbin/Desktop/cv_workspace/install/cv_tensorrt/share/cv_tensorrt/environment/path.dsv
[4.063s] -- Up-to-date: /home/hongbin/Desktop/cv_workspace/install/cv_tensorrt/share/cv_tensorrt/local_setup.bash
[4.063s] -- Up-to-date: /home/hongbin/Desktop/cv_workspace/install/cv_tensorrt/share/cv_tensorrt/local_setup.sh
[4.063s] -- Up-to-date: /home/hongbin/Desktop/cv_workspace/install/cv_tensorrt/share/cv_tensorrt/local_setup.zsh
[4.063s] -- Up-to-date: /home/hongbin/Desktop/cv_workspace/install/cv_tensorrt/share/cv_tensorrt/local_setup.dsv
[4.063s] -- Installing: /home/hongbin/Desktop/cv_workspace/install/cv_tensorrt/share/cv_tensorrt/package.dsv
[4.063s] -- Up-to-date: /home/hongbin/Desktop/cv_workspace/install/cv_tensorrt/share/ament_index/resource_index/packages/cv_tensorrt
[4.064s] -- Up-to-date: /home/hongbin/Desktop/cv_workspace/install/cv_tensorrt/share/cv_tensorrt/cmake/ament_cmake_export_dependencies-extras.cmake
[4.064s] -- Up-to-date: /home/hongbin/Desktop/cv_workspace/install/cv_tensorrt/share/cv_tensorrt/cmake/cv_tensorrtConfig.cmake
[4.064s] -- Up-to-date: /home/hongbin/Desktop/cv_workspace/install/cv_tensorrt/share/cv_tensorrt/cmake/cv_tensorrtConfig-version.cmake
[4.064s] -- Up-to-date: /home/hongbin/Desktop/cv_workspace/install/cv_tensorrt/share/cv_tensorrt/package.xml
[4.064s] Invoked command in '/home/hongbin/Desktop/cv_workspace/build/cv_tensorrt' returned '0': CMAKE_PREFIX_PATH=${CMAKE_PREFIX_PATH}:/opt/ros/foxy /usr/bin/cmake --install /home/hongbin/Desktop/cv_workspace/build/cv_tensorrt
